1,3.61083333333,0.0
2,3.48138888889,0.0
3,3.38027777778,0.0
4,3.19333333333,0.0
5,2.78666666667,0.0
6,2.46277777778,0.0
7,2.25416666667,0.0
8,2.11805555556,0.0
9,2.06916666667,0.0
10,2.19722222222,0.0
11,2.31888888889,0.0
12,2.34,0.0
13,2.49027777778,0.0
14,2.64388888889,0.0
15,2.84861111111,0.0
16,2.88333333333,0.0
17,2.88083333333,0.0
18,2.90055555556,0.0
19,3.08555555556,0.0
20,3.35361111111,0.0
21,3.74388888889,0.0
22,3.79472222222,0.0
23,3.80111111111,0.0
24,3.65083333333,0.0
25,3.555,0.0
26,3.47694444444,0.0
27,3.21583333333,0.0
28,3.11416666667,0.0
29,2.79833333333,0.0
30,2.42527777778,0.0
31,2.14,0.0
32,1.98222222222,0.0
33,1.96944444444,0.0
34,2.07416666667,0.0
35,2.25055555556,0.0
36,2.28194444444,0.0
37,2.42166666667,0.0
38,2.59972222222,0.0
39,2.75444444444,0.0
40,2.72583333333,0.0
41,2.83027777778,0.0
42,2.94222222222,0.0
43,3.09194444444,0.0
44,3.35194444444,0.0
45,3.69527777778,0.0
46,3.82694444444,0.0
47,3.78777777778,0.0
48,3.75361111111,0.0
49,3.61,0.0
50,3.50916666667,0.0
51,3.42055555556,0.0
52,3.26472222222,0.0
53,2.79444444444,0.0
54,2.46,0.0
55,2.2075,0.0
56,2.17583333333,0.0
57,2.30583333333,0.0
58,2.39833333333,0.0
59,2.55,0.0
60,2.73027777778,0.0
61,2.81694444444,0.0
62,2.92472222222,0.0
63,2.89111111111,0.0
64,2.9575,0.0
65,2.90805555556,0.0
66,3.00888888889,0.0
67,3.20333333333,0.0
68,3.62138888889,0.0
69,4.03222222222,0.0
70,4.12277777778,0.0
71,3.97361111111,0.0
72,3.8425,0.0
73,3.70972222222,0.0
74,3.62583333333,0.0
75,3.47055555556,0.0
76,3.28777777778,0.0
77,2.92861111111,0.0
78,2.48888888889,0.0
79,2.27444444444,0.0
80,2.17333333333,0.0
81,2.34166666667,0.0
82,2.38083333333,0.0
83,2.46638888889,0.0
84,2.66083333333,0.0
85,2.75583333333,0.0
86,2.86361111111,0.0
87,2.75861111111,0.0
88,2.73777777778,0.0
89,2.69611111111,0.0
90,2.85694444444,0.0
91,3.18333333333,0.0
92,3.55444444444,0.0
93,3.88944444444,0.0
94,4.11388888889,0.0
95,3.95194444444,0.0
96,3.8275,0.0
97,3.64388888889,0.0
98,3.56083333333,0.0
99,3.50138888889,0.0
100,3.30888888889,0.0
101,2.90638888889,0.0
102,2.50277777778,0.0
103,2.24666666667,0.0
104,2.18694444444,0.0
105,2.24027777778,0.0
106,2.37277777778,0.0
107,2.45666666667,0.0
108,2.54527777778,0.0
109,2.68305555556,0.0
110,2.805,0.0
111,2.73861111111,0.0
112,2.74388888889,0.0
113,2.75861111111,0.0
114,2.90138888889,0.0
115,3.19,0.0
116,3.55611111111,0.0
117,3.84333333333,0.0
118,4.03194444444,0.0
119,3.88444444444,0.0
120,3.69083333333,0.0
121,3.61416666667,0.0
122,3.50194444444,0.0
123,3.42055555556,0.0
124,3.17805555556,0.0
125,2.83611111111,0.0
126,2.52222222222,0.0
127,2.24166666667,0.0
128,2.15888888889,0.0
129,2.27638888889,0.0
130,2.33916666667,0.0
131,2.48416666667,0.0
132,2.49111111111,0.0
133,2.69222222222,0.0
134,2.82055555556,0.0
135,2.82166666667,0.0
136,2.71222222222,0.0
137,2.67444444444,0.0
138,2.80972222222,0.0
139,3.18388888889,0.0
140,3.51305555556,0.0
141,3.77222222222,0.0
142,3.90583333333,0.0
143,3.76972222222,0.0
144,3.60277777778,0.0
145,3.50388888889,0.0
146,3.445,0.0
147,3.34944444444,0.0
148,3.19611111111,0.0
149,2.89055555556,0.0
150,2.58055555556,0.0
151,2.33805555556,0.0
152,2.21166666667,0.0
153,2.20138888889,0.0
154,2.32361111111,0.0
155,2.30027777778,0.0
156,2.385,0.0
157,2.55972222222,0.0
158,2.69416666667,0.0
159,2.71694444444,0.0
160,2.63694444444,0.0
161,2.65722222222,0.0
162,2.84666666667,0.0
163,3.19555555556,0.0
164,3.56333333333,0.0
165,3.81138888889,0.0
166,3.96555555556,0.0
167,3.84833333333,0.0
168,3.64416666667,0.0
169,3.52138888889,0.0
170,3.47027777778,0.0
171,3.30333333333,0.0
172,3.19333333333,0.0
173,2.81833333333,0.0
174,2.52,0.0
175,2.28861111111,0.0
176,2.08222222222,0.0
177,2.14166666667,0.0
178,2.26888888889,0.0
179,2.335,0.0
180,2.43888888889,0.0
181,2.53861111111,0.0
182,2.62888888889,0.0
183,2.75111111111,0.0
184,2.77444444444,0.0
185,2.82972222222,0.0
186,2.97083333333,0.0
187,3.13333333333,0.0
188,3.35444444444,0.0
189,3.67805555556,0.0
190,3.80388888889,0.0
191,3.81777777778,0.0
192,3.69166666667,0.0
193,3.51972222222,0.0
194,3.51861111111,0.0
195,3.25972222222,0.0
196,3.09305555556,0.0
197,2.7825,0.0
198,2.44944444444,0.0
199,2.23694444444,0.0
200,2.09611111111,0.0
201,2.03777777778,0.0
202,2.07305555556,0.0
203,2.16555555556,0.0
204,2.285,0.0
205,2.42833333333,0.0
206,2.61861111111,0.0
207,2.73722222222,0.0
208,2.82666666667,0.0
209,2.84694444444,0.0
210,2.98555555556,0.0
211,3.10388888889,0.0
212,3.40583333333,0.0
213,3.61388888889,0.0
214,3.93,0.0
215,3.81555555556,0.0
216,3.65888888889,0.0
217,3.59138888889,0.0
218,3.46444444444,0.0
219,3.39444444444,0.0
220,3.22277777778,0.0
221,2.79611111111,0.0
222,2.43833333333,0.0
223,2.26472222222,0.0
224,2.18861111111,0.0
225,2.2825,0.0
226,2.33333333333,0.0
227,2.445,0.0
228,2.58111111111,0.0
229,2.70944444444,0.0
230,2.88,0.0
231,2.85555555556,0.0
232,2.77916666667,0.0
233,2.77722222222,0.0
234,3.02,0.0
235,3.22138888889,0.0
236,3.62111111111,0.0
237,4.02194444444,0.0
238,4.09805555556,0.0
239,3.90805555556,0.0
240,3.72694444444,0.0
241,3.62444444444,0.0
242,3.52527777778,0.0
243,3.4675,0.0
244,3.33166666667,0.0
245,2.94972222222,0.0
246,2.57083333333,0.0
247,2.30861111111,0.0
248,2.23111111111,0.0
249,2.31194444444,0.0
250,2.35361111111,0.0
251,2.48194444444,0.0
252,2.66055555556,0.0
253,2.75277777778,0.0
254,3.07416666667,0.0
255,2.85222222222,0.0
256,2.72777777778,0.0
257,2.75027777778,0.0
258,2.87972222222,0.0
259,3.20277777778,0.0
260,3.56333333333,0.0
261,3.88083333333,0.0
262,4.03527777778,0.0
263,3.89666666667,0.0
264,3.7225,0.0
265,3.73,0.0
266,3.55583333333,0.0
267,3.31694444444,0.0
268,3.23222222222,0.0
269,2.86583333333,0.0
270,2.51694444444,0.0
271,2.3,0.0
272,2.18888888889,0.0
273,2.20305555556,0.0
274,2.27111111111,0.0
275,2.46972222222,0.0
276,2.59888888889,0.0
277,2.72583333333,0.0
278,2.78583333333,0.0
279,2.79222222222,0.0
280,2.69888888889,0.0
281,2.76638888889,0.0
282,2.89388888889,0.0
283,3.1875,0.0
284,3.64638888889,0.0
285,3.86666666667,0.0
286,3.98083333333,0.0
287,3.82777777778,0.0
288,3.62694444444,0.0
289,3.52666666667,0.0
290,3.50777777778,0.0
291,3.34555555556,0.0
292,3.12416666667,0.0
293,2.87138888889,0.0
294,2.51333333333,0.0
295,2.21972222222,0.0
296,2.205,0.0
297,2.26777777778,0.0
298,2.29916666667,0.0
299,2.42777777778,0.0
300,2.53333333333,0.0
301,2.64222222222,0.0
302,2.82111111111,0.0
303,2.7625,0.0
304,2.73916666667,0.0
305,2.7525,0.0
306,2.86444444444,0.0
307,3.19277777778,0.0
308,3.58722222222,0.0
309,3.83055555556,0.0
310,3.88277777778,0.0
311,3.72916666667,0.0
312,3.61722222222,0.0
313,3.44916666667,0.0
314,3.40972222222,0.0
315,3.26055555556,0.0
316,3.21916666667,0.0
317,2.95861111111,0.0
318,2.60361111111,0.0
319,2.33194444444,0.0
320,2.2025,0.0
321,2.27111111111,0.0
322,2.28972222222,0.0
323,2.32972222222,0.0
324,2.395,0.0
325,2.50638888889,0.0
326,2.70777777778,0.0
327,2.735,0.0
328,2.69583333333,0.0
329,2.69305555556,0.0
330,2.875,0.0
331,3.17888888889,0.0
332,3.58083333333,0.0
333,3.85083333333,0.0
334,3.91805555556,0.0
335,3.815,0.0
336,3.60805555556,0.0
337,3.49277777778,0.0
338,3.43166666667,0.0
339,3.34361111111,0.0
340,3.06638888889,0.0
341,2.78944444444,0.0
342,2.49944444444,0.0
343,2.25444444444,0.0
344,2.08472222222,0.0
345,2.08888888889,0.0
346,2.15944444444,0.0
347,2.25333333333,0.0
348,2.38805555556,0.0
349,2.63388888889,0.0
350,2.65888888889,0.0
351,2.75861111111,0.0
352,2.87972222222,0.0
353,2.785,0.0
354,2.82194444444,0.0
355,3.00555555556,0.0
356,3.29361111111,0.0
357,3.5575,0.0
358,3.67611111111,0.0
359,3.71666666667,0.0
360,3.60138888889,0.0
361,3.44555555556,0.0
362,3.41666666667,0.0
363,3.17916666667,0.0
364,3.00138888889,0.0
365,2.72,0.0
366,2.45277777778,0.0
367,2.18166666667,0.0
368,2.01611111111,0.0
369,1.97694444444,0.0
370,2.05972222222,0.0
371,2.21111111111,0.0
372,2.31416666667,0.0
373,2.42805555556,0.0
374,2.58555555556,0.0
375,2.69777777778,0.0
376,2.77777777778,0.0
377,2.79888888889,0.0
378,2.89277777778,0.0
379,3.04138888889,0.0
380,3.35694444444,0.0
381,3.48083333333,0.0
382,3.76416666667,0.0
383,3.80972222222,0.0
384,3.69111111111,0.0
385,3.49027777778,0.0
386,3.37694444444,0.0
387,3.30111111111,0.0
388,3.13694444444,0.0
389,2.8475,0.0
390,2.45444444444,0.0
391,2.12472222222,0.0
392,2.02666666667,0.0
393,2.17638888889,0.0
394,2.30888888889,0.0
395,2.42138888889,0.0
396,2.64361111111,0.0
397,2.66027777778,0.0
398,2.76777777778,0.0
399,2.80666666667,0.0
400,2.76611111111,0.0
401,2.81333333333,0.0
402,2.91861111111,0.0
403,3.19305555556,0.0
404,3.565,0.0
405,3.91333333333,0.0
406,3.96583333333,0.0
407,3.89305555556,0.0
408,3.72972222222,0.0
409,3.65166666667,0.0
410,3.59277777778,0.0
411,3.46944444444,0.0
412,3.25361111111,0.0
413,2.89861111111,0.0
414,2.44888888889,0.0
415,2.21194444444,0.0
416,2.20111111111,0.0
417,2.23388888889,0.0
418,2.31166666667,0.0
419,2.38694444444,0.0
420,2.51194444444,0.0
421,2.57138888889,0.0
422,2.50888888889,0.0
423,2.41555555556,0.0
424,3.64555555556,0.0687022753959
425,2.4625,0.00347076677569
426,2.58083333333,0.0
427,3.00333333333,0.0
428,3.34861111111,0.0
429,3.66444444444,0.0
430,4.00833333333,0.0
431,3.85305555556,0.0
432,3.61833333333,0.0
433,3.49222222222,0.0
434,3.49583333333,0.0
435,3.27388888889,0.0
436,3.21027777778,0.0
437,2.8475,0.0
438,2.48833333333,0.0
439,2.19555555556,0.0
440,2.14611111111,0.0
441,2.15222222222,0.0
442,2.31222222222,0.0
443,2.40333333333,0.0
444,2.49444444444,0.0
445,2.66222222222,0.0
446,2.675,0.0
447,2.69972222222,0.0
448,2.69972222222,0.0
449,2.71944444444,0.0
450,2.82583333333,0.0
451,3.10444444444,0.0
452,3.47361111111,0.0
453,3.69722222222,0.0
454,3.80388888889,0.0
455,3.74944444444,0.0
456,3.68138888889,0.0
457,3.47916666667,0.0
458,3.45305555556,0.0
459,3.28416666667,0.0
460,3.205,0.0
461,2.84361111111,0.0
462,2.44416666667,0.0
463,2.275,0.0
464,2.17888888889,0.0
465,2.20833333333,0.0
466,2.29972222222,0.0
467,2.31555555556,0.0
468,2.41,0.0
469,2.59027777778,0.0
470,2.66361111111,0.0
471,2.71055555556,0.0
472,2.68111111111,0.0
473,2.715,0.0
474,2.70833333333,0.0
475,3.00388888889,0.0
476,3.39111111111,0.0
477,3.6375,0.0
478,3.77555555556,0.0
479,3.57861111111,0.0
480,3.42222222222,0.0
481,3.25388888889,0.0
482,3.16833333333,0.0
483,3.06777777778,0.0
484,2.94,0.0
485,2.72916666667,0.0
486,2.41472222222,0.0
487,2.14194444444,0.0
488,2.02444444444,0.0
489,2.04583333333,0.0
490,2.09,0.0
491,2.1575,0.0
492,2.26555555556,0.0
493,2.25611111111,0.0
494,2.46694444444,0.0
495,2.52777777778,0.0
496,2.52666666667,0.0
497,2.54388888889,0.0
498,2.65111111111,0.0
499,2.97111111111,0.0
500,3.22888888889,0.0
501,3.505,0.0
502,3.49444444444,0.0
503,3.46333333333,0.0
504,3.31777777778,0.0
505,3.19638888889,0.0
506,3.10694444444,0.0
507,3.01722222222,0.0
508,2.92472222222,0.0
509,2.53361111111,0.0
510,2.24805555556,0.0
511,2.03833333333,0.0
512,1.88527777778,0.0
513,1.9225,0.0
514,1.97194444444,0.0
515,2.06083333333,0.0
516,2.16,0.0
517,2.30777777778,0.0
518,2.415,0.0
519,2.46694444444,0.0
520,2.5125,0.0
521,2.62944444444,0.0
522,2.81833333333,0.0
523,3.05472222222,0.0
524,3.33,0.0
525,3.57388888889,0.0
526,3.68888888889,0.0
527,3.71111111111,0.0
528,3.71805555556,0.0
529,3.60416666667,0.0
530,3.44833333333,0.0
531,3.24138888889,0.0
532,3.13555555556,0.0
533,2.81722222222,0.0
534,2.4275,0.0
535,2.25138888889,0.0
536,2.06916666667,0.0
537,2.01555555556,0.0
538,2.09527777778,0.0
539,2.23972222222,0.0
540,2.3275,0.0
541,2.52555555556,0.0
542,2.665,0.0
543,2.7975,0.0
544,2.85972222222,0.0
545,2.79833333333,0.0
546,2.93222222222,0.0
547,3.08,0.0
548,3.34666666667,0.0
549,3.68694444444,0.0
550,3.79666666667,0.0
551,3.78055555556,0.0
552,3.74222222222,0.0
553,3.63916666667,0.0
554,3.4775,0.0
555,3.32833333333,0.0
556,3.17027777778,0.0
557,2.76888888889,0.0
558,2.42666666667,0.0
559,2.19638888889,0.0
560,2.135,0.0
561,2.31861111111,0.0
562,2.33833333333,0.0
563,2.50027777778,0.0
564,2.65277777778,0.0
565,2.76611111111,0.0
566,2.73472222222,0.0
567,2.60694444444,0.0
568,2.55472222222,0.0
569,2.47166666667,0.0
570,2.65305555556,0.0
571,2.94888888889,0.0
572,3.33833333333,0.0
573,3.54194444444,0.0
574,5.33027777778,0.0797690863159
575,3.77277777778,0.0689338167068
576,3.63333333333,0.0
577,3.54305555556,0.0
578,3.67111111111,0.0
579,3.45722222222,0.0
580,3.2,0.0
581,2.77722222222,0.0
582,2.415,0.0
583,2.25305555556,0.0
584,2.09944444444,0.0
585,2.17805555556,0.0
586,2.26388888889,0.0
587,2.3575,0.0
588,2.46805555556,0.0
589,2.62083333333,0.0
590,2.68638888889,0.0
591,2.61722222222,0.0
592,2.61944444444,0.0
593,2.63583333333,0.0
594,2.86611111111,0.0
595,3.05333333333,0.0
596,3.44388888889,0.0
597,3.65527777778,0.0
598,3.85194444444,0.0
599,3.80694444444,0.0
600,3.59611111111,0.0
601,3.53444444444,0.0
602,3.39722222222,0.0
603,3.39361111111,0.0
604,3.1025,0.0
605,2.86305555556,0.0
606,2.42555555556,0.0
607,1.86194444444,0.0354710290012
608,1.89305555556,0.0
609,2.20805555556,0.0
610,2.30527777778,0.0
611,2.37777777778,0.0
612,2.51611111111,0.0
613,2.64111111111,0.0
614,2.80111111111,0.0
615,2.72361111111,0.0
616,2.68138888889,0.0
617,2.73361111111,0.0
618,2.88638888889,0.0
619,3.1225,0.0
620,3.46138888889,0.0
621,3.82972222222,0.0
622,3.89361111111,0.0
623,3.75888888889,0.0
624,3.58277777778,0.0
625,3.47305555556,0.0
626,3.4175,0.0
627,3.35333333333,0.0
628,3.19638888889,0.0
629,2.88527777778,0.0
630,2.48805555556,0.0
631,2.2325,0.0
632,2.10444444444,0.0
633,2.10972222222,0.0
634,2.235,0.0
635,2.35166666667,0.0
636,2.51388888889,0.0
637,2.61055555556,0.0
638,2.72333333333,0.0
639,2.66333333333,0.0
640,2.55805555556,0.0
641,2.66277777778,0.0
642,2.7625,0.0
643,3.02833333333,0.0
644,3.37277777778,0.0
645,3.63694444444,0.0
646,3.70888888889,0.0
647,3.58472222222,0.0
648,3.48361111111,0.0
649,3.40777777778,0.0
650,3.44416666667,0.0
651,3.16833333333,0.0
652,3.05277777778,0.0
653,2.85277777778,0.0
654,2.54333333333,0.0
655,2.19972222222,0.0
656,2.10361111111,0.0
657,2.21333333333,0.0
658,2.20861111111,0.0
659,2.28833333333,0.0
660,2.32222222222,0.0
661,2.47,0.0
662,2.685,0.0
663,2.67638888889,0.0
664,2.58388888889,0.0
665,2.61305555556,0.0
666,2.76333333333,0.0
667,3.07083333333,0.0
668,3.43472222222,0.0
669,3.70305555556,0.0
670,3.81388888889,0.0
671,3.85083333333,0.0
672,3.89611111111,0.0
673,3.47638888889,0.0
674,3.40416666667,0.0
675,3.23527777778,0.0
676,3.15083333333,0.0
677,2.78638888889,0.0
678,2.48611111111,0.0
679,2.24444444444,0.0
680,2.12861111111,0.0
681,2.12611111111,0.0
682,2.24055555556,0.0
683,2.29916666667,0.0
684,2.36277777778,0.0
685,2.58638888889,0.0
686,2.72861111111,0.0
687,2.83555555556,0.0
688,2.7875,0.0
689,2.7825,0.0
690,2.79722222222,0.0
691,3.03555555556,0.0
692,3.24861111111,0.0
693,3.60777777778,0.0
694,3.76,0.0
695,3.80666666667,0.0
696,3.66388888889,0.0
697,3.51611111111,0.0
698,3.32861111111,0.0
699,3.21666666667,0.0
700,2.97833333333,0.0
701,2.72111111111,0.0
702,2.41027777778,0.0
703,2.13666666667,0.0
704,1.99472222222,0.0
705,1.99361111111,0.0
706,2.07888888889,0.0
707,2.17361111111,0.0
708,2.40277777778,0.0
709,2.45805555556,0.0
710,2.61027777778,0.0
711,2.75972222222,0.0
712,2.81222222222,0.0
713,2.84277777778,0.0
714,2.87,0.0
715,2.97694444444,0.0
716,3.32416666667,0.0
717,3.6375,0.0
718,3.86527777778,0.0
719,3.80916666667,0.0
720,3.68444444444,0.0
721,3.59138888889,0.0
722,3.52555555556,0.0
723,3.32777777778,0.0
724,3.07,0.0
725,2.76222222222,0.0
726,2.38722222222,0.0
727,2.13083333333,0.0
728,2.15638888889,0.0
729,2.25472222222,0.0
730,2.33972222222,0.0
731,2.48083333333,0.0
732,2.62083333333,0.0
733,2.81388888889,0.0
734,2.9275,0.0
735,2.86638888889,0.0
736,2.77944444444,0.0
737,2.81944444444,0.0
738,2.94583333333,0.0
739,3.24138888889,0.0
740,3.71666666667,0.0
741,4.13333333333,0.0
742,4.26972222222,0.0
743,4.27972222222,0.299845935456
744,4.0,0.0
745,3.88777777778,0.0
746,3.66333333333,0.0
747,3.61277777778,0.0
748,3.3175,0.0
749,2.89305555556,0.0
750,2.47222222222,0.0
751,2.22944444444,0.0
752,2.12861111111,0.0
753,2.22194444444,0.0
754,2.33666666667,0.0
755,2.41555555556,0.0
756,2.54083333333,0.0
757,2.65111111111,0.0
758,2.84055555556,0.0
759,2.83361111111,0.0
760,2.6575,0.0
761,2.66222222222,0.0
762,2.77194444444,0.0
763,3.03444444444,0.0
764,3.37416666667,0.0
765,3.6925,0.0
766,3.81361111111,0.0
767,3.82027777778,0.0
768,3.75472222222,0.0
769,3.60777777778,0.0
770,3.53305555556,0.0
771,3.35444444444,0.0
772,3.11555555556,0.0
773,2.84638888889,0.0
774,2.44111111111,0.0
775,2.14555555556,0.0
776,2.0025,0.0
777,2.12472222222,0.0
778,2.27416666667,0.0
779,2.32722222222,0.0
780,2.43638888889,0.0
781,2.61555555556,0.0
782,2.72722222222,0.0
783,2.65527777778,0.0
784,2.60861111111,0.0
785,2.6025,0.0
786,2.73722222222,0.0
787,3.0125,0.0
788,3.34777777778,0.0
789,3.62361111111,0.0
790,3.73833333333,0.0
791,3.77722222222,0.0
792,3.69666666667,0.0
793,3.77333333333,0.0
794,3.64083333333,0.0
795,3.39222222222,0.0
796,3.16277777778,0.0
797,2.6875,0.0
798,2.35333333333,0.0
799,2.0425,0.0
800,1.97388888889,0.0
801,2.0425,0.0
802,2.15638888889,0.0
803,2.28666666667,0.0
804,2.39194444444,0.0
805,2.55138888889,0.0
806,2.60305555556,0.0
807,2.66472222222,0.0
808,2.59305555556,0.0
809,2.55138888889,0.0
810,2.76,0.0
811,3.06361111111,0.0
812,3.40166666667,0.0
813,3.72777777778,0.0
814,3.79027777778,0.0
815,3.73555555556,0.0
816,3.535,0.0
817,3.58194444444,0.0
818,3.38472222222,0.0
819,3.25472222222,0.0
820,3.125,0.0
821,2.77666666667,0.0
822,2.4725,0.0
823,2.19277777778,0.0
824,2.12833333333,0.0
825,2.23194444444,0.0
826,2.30611111111,0.0
827,2.33638888889,0.0
828,2.36861111111,0.0
829,2.49861111111,0.0
830,2.64333333333,0.0
831,2.75638888889,0.0
832,2.66527777778,0.0
833,2.68444444444,0.0
834,2.79027777778,0.0
835,3.11194444444,0.0
836,3.54916666667,0.0
837,3.71027777778,0.0
838,3.79611111111,0.0
839,3.77305555556,0.0
840,3.59194444444,0.0
841,3.55805555556,0.0
842,3.45888888889,0.0
843,3.29694444444,0.0
844,3.22888888889,0.0
845,2.73583333333,0.0
846,2.46361111111,0.0
847,2.18944444444,0.0
848,2.12277777778,0.0
849,2.13694444444,0.0
850,2.22305555556,0.0
851,2.31888888889,0.0
852,2.41666666667,0.0
853,2.57777777778,0.0
854,2.78694444444,0.0
855,2.85861111111,0.0
856,3.08166666667,0.0
857,2.87138888889,0.0
858,2.93861111111,0.0
859,2.98277777778,0.0
860,3.31972222222,0.0
861,3.59611111111,0.0
862,3.76138888889,0.0
863,3.73055555556,0.0
864,3.55805555556,0.0
865,3.51361111111,0.0
866,3.37722222222,0.0
867,3.24027777778,0.0
868,3.05861111111,0.0
869,2.79083333333,0.0
870,2.37611111111,0.0
871,2.13472222222,0.0
872,1.99916666667,0.0
873,1.99833333333,0.0
874,2.09083333333,0.0
875,2.23111111111,0.0
876,2.32194444444,0.0
877,2.47277777778,0.0
878,2.59527777778,0.0
879,2.74166666667,0.0
880,2.76527777778,0.0
881,2.79805555556,0.0
882,2.75972222222,0.0
883,3.01166666667,0.0
884,3.29166666667,0.0
885,3.55472222222,0.0
886,3.75805555556,0.0
887,3.73305555556,0.0
888,3.58861111111,0.0
889,3.52555555556,0.0
890,3.38583333333,0.0
891,3.26777777778,0.0
892,3.12472222222,0.0
893,2.72138888889,0.0
894,2.39722222222,0.0
895,2.08361111111,0.0
896,2.06444444444,0.0
897,2.20638888889,0.0
898,2.30444444444,0.0
899,2.47,0.0
900,2.56972222222,0.0
901,2.7625,0.0
902,2.94361111111,0.0
903,2.79055555556,0.0
904,2.75277777778,0.0
905,2.69805555556,0.0
906,2.91027777778,0.0
907,3.26638888889,0.0
908,3.53722222222,0.0
909,3.86,0.0
910,3.92166666667,0.0
911,3.87666666667,0.0
912,3.64638888889,0.0
913,3.65527777778,0.0
914,3.58805555556,0.0
915,3.35944444444,0.0
916,3.18888888889,0.0
917,2.7575,0.0
918,2.39361111111,0.0
919,2.1925,0.0
920,2.16,0.0
921,2.27194444444,0.0
922,2.39944444444,0.0
923,2.28361111111,0.0
924,2.54222222222,0.0
925,2.69083333333,0.0
926,2.77027777778,0.0
927,2.74055555556,0.0
928,2.69083333333,0.0
929,2.70083333333,0.0
930,2.83222222222,0.0
931,3.09222222222,0.0
932,3.43638888889,0.0
933,3.75305555556,0.0
934,3.91277777778,0.0
935,3.76083333333,0.0
936,3.64722222222,0.0
937,3.55444444444,0.0
938,3.50361111111,0.0
939,3.25388888889,0.0
940,3.18861111111,0.0
941,2.73416666667,0.0
942,2.36555555556,0.0
943,2.16888888889,0.0
944,2.09777777778,0.0
945,2.30777777778,0.0
946,2.36111111111,0.0
947,2.49861111111,0.0
948,2.56916666667,0.0
949,2.74638888889,0.0
950,2.80638888889,0.0
951,2.80916666667,0.0
952,2.715,0.0
953,2.68694444444,0.0
954,2.81805555556,0.0
955,3.05416666667,0.0
956,3.47111111111,0.0
957,3.75666666667,0.0
958,3.86333333333,0.0
959,3.75194444444,0.0
960,3.64805555556,0.0
961,3.50611111111,0.0
962,3.47,0.0
963,3.30861111111,0.0
964,3.11944444444,0.0
965,2.80444444444,0.0
966,2.42055555556,0.0
967,2.11805555556,0.0
968,2.12666666667,0.0
969,2.17083333333,0.0
970,2.32472222222,0.0
971,2.42083333333,0.0
972,2.55638888889,0.0
973,2.70861111111,0.0
974,2.80277777778,0.0
975,2.77111111111,0.0
976,2.74,0.0
977,2.68694444444,0.0
978,2.81138888889,0.0
979,3.12583333333,0.0
980,3.47111111111,0.0
981,3.74194444444,0.0
982,3.72583333333,0.0
983,3.53694444444,0.0
984,3.49111111111,0.0
985,3.37694444444,0.0
986,3.33277777778,0.0
987,3.1925,0.0
988,3.135,0.0
989,2.83388888889,0.0
990,2.49972222222,0.0
991,2.22972222222,0.0
992,2.11583333333,0.0
993,2.19666666667,0.0
994,2.25916666667,0.0
995,2.30027777778,0.0
996,2.37972222222,0.0
997,2.625,0.0
998,2.66611111111,0.0
999,2.66944444444,0.0
1000,2.65416666667,0.0
1001,2.64833333333,0.0
1002,2.74444444444,0.0
1003,3.07888888889,0.0
1004,3.48333333333,0.0
1005,3.60638888889,0.0
1006,3.80694444444,0.0
1007,3.6475,0.0
1008,3.52194444444,0.0
1009,3.37083333333,0.0
1010,3.30861111111,0.0
1011,3.24111111111,0.0
1012,3.0525,0.0
1013,2.74194444444,0.0
1014,2.43055555556,0.0
1015,2.18527777778,0.0
1016,2.06444444444,0.0
1017,2.19611111111,0.0
1018,2.28861111111,0.0
1019,2.32194444444,0.0
1020,2.44361111111,0.0
1021,2.64638888889,0.0
1022,2.735,0.0
1023,2.75861111111,0.0
1024,2.71388888889,0.0
1025,2.71194444444,0.0
1026,2.80277777778,0.0
1027,2.97777777778,0.0
1028,3.29611111111,0.0
1029,3.48694444444,0.0
1030,3.67361111111,0.0
1031,3.74694444444,0.0
1032,3.61333333333,0.0
1033,3.47527777778,0.0
1034,3.36027777778,0.0
1035,3.16055555556,0.0
1036,3.07333333333,0.0
1037,2.71305555556,0.0
1038,2.28861111111,0.0
1039,2.07833333333,0.0
1040,1.91888888889,0.0
1041,1.93555555556,0.0
1042,2.05694444444,0.0
1043,2.19027777778,0.0
1044,2.34777777778,0.0
1045,2.55027777778,0.0
1046,2.65972222222,0.0
1047,2.72388888889,0.0
1048,2.7375,0.0
1049,2.74833333333,0.0
1050,2.8525,0.0
1051,3.00388888889,0.0
1052,3.27611111111,0.0
1053,3.57611111111,0.0
1054,3.81722222222,0.0
1055,3.66916666667,0.0
1056,3.55583333333,0.0
1057,3.42666666667,0.0
1058,3.435,0.0
1059,3.21111111111,0.0
1060,3.12972222222,0.0
1061,2.75388888889,0.0
1062,2.31166666667,0.0
1063,2.09888888889,0.0
1064,2.09833333333,0.0
1065,2.19861111111,0.0
1066,2.36777777778,0.0
1067,2.50361111111,0.0
1068,2.57861111111,0.0
1069,2.81722222222,0.0
1070,2.87277777778,0.0
1071,2.82944444444,0.0
1072,2.71361111111,0.0
1073,2.70583333333,0.0
1074,2.81611111111,0.0
1075,3.15416666667,0.0
1076,3.57916666667,0.0
1077,3.81583333333,0.0
1078,3.94055555556,0.0
1079,3.72944444444,0.0
1080,3.61833333333,0.0
1081,3.49111111111,0.0
1082,3.45666666667,0.0
1083,3.37,0.0
1084,3.16583333333,0.0
1085,2.72611111111,0.0
1086,2.35333333333,0.0
1087,2.11583333333,0.0
1088,2.08527777778,0.0
1089,2.14222222222,0.0
1090,2.31722222222,0.0
1091,2.39833333333,0.0
1092,2.55,0.0
1093,2.74138888889,0.0
1094,2.76361111111,0.0
1095,2.70027777778,0.0
1096,2.72472222222,0.0
1097,2.58666666667,0.0
1098,2.85972222222,0.0
1099,3.12694444444,0.0
1100,3.50194444444,0.0
1101,3.77861111111,0.0
1102,3.87277777778,0.0
1103,3.70416666667,0.0
1104,3.55333333333,0.0
1105,3.44611111111,0.0
1106,3.43416666667,0.0
1107,3.31416666667,0.0
1108,3.04388888889,0.0
1109,2.67916666667,0.0
1110,2.32027777778,0.0
1111,2.06916666667,0.0
1112,2.00916666667,0.0
1113,2.18861111111,0.0
1114,2.30888888889,0.0
1115,2.37944444444,0.0
1116,2.59944444444,0.0
1117,2.71194444444,0.0
1118,2.76,0.0
1119,2.6975,0.0
1120,2.54666666667,0.0
1121,2.60361111111,0.0
1122,2.79277777778,0.0
1123,2.97888888889,0.0
1124,3.40805555556,0.0
1125,3.68138888889,0.0
1126,3.79833333333,0.0
1127,3.63388888889,0.0
1128,3.51111111111,0.0
1129,3.36138888889,0.0
1130,3.30722222222,0.0
1131,3.24472222222,0.0
1132,3.11527777778,0.0
1133,2.69944444444,0.0
1134,2.34972222222,0.0
1135,2.06194444444,0.0
1136,2.0625,0.0
1137,2.19055555556,0.0
1138,2.25888888889,0.0
1139,2.39833333333,0.0
1140,2.55361111111,0.0
1141,2.74083333333,0.0
1142,2.7375,0.0
1143,2.77805555556,0.0
1144,2.6225,0.0
1145,2.63861111111,0.0
1146,2.79083333333,0.0
1147,3.09222222222,0.0
1148,3.42916666667,0.0
1149,3.67527777778,0.0
1150,3.73611111111,0.0
1151,3.59055555556,0.0
1152,3.38722222222,0.0
1153,3.31861111111,0.0
1154,3.2775,0.0
1155,3.1625,0.0
1156,3.13916666667,0.0
1157,2.76166666667,0.0
1158,2.4675,0.0
1159,2.21666666667,0.0
1160,2.12055555556,0.0
1161,2.20444444444,0.0
1162,2.31472222222,0.0
1163,2.24166666667,0.0
1164,2.405,0.0
1165,2.57055555556,0.0
1166,2.70888888889,0.0
1167,2.69138888889,0.0
1168,2.64277777778,0.0
1169,2.705,0.0
1170,2.87388888889,0.0
1171,3.08194444444,0.0
1172,3.44916666667,0.0
1173,3.6275,0.0
1174,3.80277777778,0.0
1175,3.64361111111,0.0
1176,3.48611111111,0.0
1177,3.32666666667,0.0
1178,3.18666666667,0.0
1179,3.22138888889,0.0
1180,3.01027777778,0.0
1181,2.66583333333,0.0
1182,2.39027777778,0.0
1183,2.13805555556,0.0
1184,2.01611111111,0.0
1185,2.06416666667,0.0
1186,2.18444444444,0.0
1187,2.28222222222,0.0
1188,2.40027777778,0.0
1189,2.54333333333,0.0
1190,2.74694444444,0.0
1191,2.68722222222,0.0
1192,2.69805555556,0.0
1193,2.73805555556,0.0
1194,2.78583333333,0.0
1195,3.05027777778,0.0
1196,3.29916666667,0.0
1197,3.55333333333,0.0
1198,3.66527777778,0.0
1199,3.61166666667,0.0
1200,3.54638888889,0.0
1201,3.40138888889,0.0
1202,3.245,0.0
1203,3.16444444444,0.0
1204,2.93611111111,0.0
1205,2.69527777778,0.0
1206,2.37027777778,0.0
1207,2.09472222222,0.0
1208,1.95388888889,0.0
1209,1.9925,0.0
1210,2.03638888889,0.0
1211,2.19194444444,0.0
1212,2.32111111111,0.0
1213,2.49555555556,0.0
1214,2.69805555556,0.0
1215,2.72194444444,0.0
1216,2.725,0.0
1217,2.78166666667,0.0
1218,2.78111111111,0.0
1219,2.955,0.0
1220,3.31583333333,0.0
1221,3.56694444444,0.0
1222,3.74194444444,0.0
1223,3.62361111111,0.0
1224,3.44166666667,0.0
1225,3.41722222222,0.0
1226,3.30166666667,0.0
1227,3.19638888889,0.0
1228,3.06416666667,0.0
1229,2.735,0.0
1230,2.32888888889,0.0
1231,2.09388888889,0.0
1232,2.13388888889,0.0
1233,2.22472222222,0.0
1234,2.33083333333,0.0
1235,2.39027777778,0.0
1236,2.58194444444,0.0
1237,2.66611111111,0.0
1238,2.82583333333,0.0
1239,2.75027777778,0.0
1240,2.67305555556,0.0
1241,2.75361111111,0.0
1242,2.96777777778,0.0
1243,3.37,0.0
1244,3.59583333333,0.0
1245,3.81444444444,0.0
1246,3.82833333333,0.0
1247,3.70305555556,0.0
1248,3.58027777778,0.0
1249,3.41972222222,0.0
1250,3.44388888889,0.0
1251,3.3425,0.0
1252,3.16083333333,0.0
1253,2.74138888889,0.0
1254,2.38083333333,0.0
1255,2.12,0.0
1256,2.15333333333,0.0
1257,2.25694444444,0.0
1258,2.31833333333,0.0
1259,2.35833333333,0.0
1260,2.50722222222,0.0
1261,2.59277777778,0.0
1262,2.68944444444,0.0
1263,2.62916666667,0.0
1264,2.64694444444,0.0
1265,2.74611111111,0.0
1266,2.93638888889,0.0
1267,3.27972222222,0.0
1268,3.51944444444,0.0
1269,3.81305555556,0.0
1270,3.79416666667,0.0
1271,3.60861111111,0.0
1272,3.38583333333,0.0
1273,3.33361111111,0.0
1274,3.31166666667,0.0
1275,3.26166666667,0.0
1276,3.00444444444,0.0
1277,2.67416666667,0.0
1278,2.31916666667,0.0
1279,2.05972222222,0.0
1280,2.05472222222,0.0
1281,2.15111111111,0.0
1282,2.26027777778,0.0
1283,2.28833333333,0.0
1284,2.37361111111,0.0
1285,2.58694444444,0.0
1286,2.64805555556,0.0
1287,2.60777777778,0.0
1288,2.60694444444,0.0
1289,2.69083333333,0.0
1290,2.90194444444,0.0
1291,3.27111111111,0.0
1292,3.58722222222,0.0
1293,3.69138888889,0.0
1294,3.63138888889,0.0
1295,3.56055555556,0.0
1296,3.44027777778,0.0
1297,3.35,0.0
1298,3.34694444444,0.0
1299,3.27083333333,0.0
1300,3.25194444444,0.0
1301,2.73111111111,0.0
1302,2.3875,0.0
1303,2.08472222222,0.0
1304,2.0975,0.0
1305,2.17638888889,0.0
1306,2.23277777778,0.0
1307,2.2725,0.0
1308,2.32027777778,0.0
1309,2.5425,0.0
1310,2.59861111111,0.0
1311,2.63194444444,0.0
1312,2.58361111111,0.0
1313,2.675,0.0
1314,2.85222222222,0.0
1315,3.13027777778,0.0
1316,3.48055555556,0.0
1317,3.59944444444,0.0
1318,3.58472222222,0.0
1319,3.49638888889,0.0
1320,3.3825,0.0
1321,3.26944444444,0.0
1322,3.23222222222,0.0
1323,3.19361111111,0.0
1324,3.05361111111,0.0
1325,2.78194444444,0.0
1326,2.41527777778,0.0
1327,2.15694444444,0.0
1328,2.1125,0.0
1329,2.18333333333,0.0
1330,2.205,0.0
1331,2.16972222222,0.0
1332,2.3075,0.0
1333,2.4575,0.0
1334,2.60777777778,0.0
1335,2.6275,0.0
1336,2.61444444444,0.0
1337,2.64777777778,0.0
1338,2.85944444444,0.0
1339,3.2675,0.0
1340,3.51361111111,0.0
1341,3.5725,0.0
1342,3.68638888889,0.0
1343,3.56361111111,0.0
1344,3.41277777778,0.0
1345,3.295,0.0
1346,3.26666666667,0.0
1347,3.19333333333,0.0
1348,3.06888888889,0.0
1349,2.81027777778,0.0
1350,2.42,0.0
1351,2.13583333333,0.0
1352,1.99166666667,0.0
1353,2.09472222222,0.0
1354,2.15916666667,0.0
1355,2.23777777778,0.0
1356,2.25111111111,0.0
1357,2.42083333333,0.0
1358,2.52416666667,0.0
1359,2.57944444444,0.0
1360,2.59361111111,0.0
1361,2.68305555556,0.0
1362,2.81888888889,0.0
1363,2.95138888889,0.0
1364,3.28305555556,0.0
1365,3.48194444444,0.0
1366,3.58861111111,0.0
1367,3.48361111111,0.0
1368,3.39555555556,0.0
1369,3.28472222222,0.0
1370,3.23833333333,0.0
1371,3.21888888889,0.0
1372,2.94833333333,0.0
1373,2.58555555556,0.0
1374,2.30055555556,0.0
1375,2.08555555556,0.0
1376,1.90277777778,0.0
1377,1.94111111111,0.0
1378,2.04444444444,0.0
1379,2.13638888889,0.0
1380,2.22,0.0
1381,2.35305555556,0.0
1382,2.545,0.0
1383,2.62027777778,0.0
1384,2.68472222222,0.0
1385,2.65916666667,0.0
1386,2.78638888889,0.0
1387,3.02694444444,0.0
1388,3.32277777778,0.0
1389,3.60972222222,0.0
1390,3.68055555556,0.0
1391,3.6075,0.0
1392,3.40916666667,0.0
1393,3.36666666667,0.0
1394,3.31583333333,0.0
1395,3.16222222222,0.0
1396,3.10861111111,0.0
1397,2.65527777778,0.0
1398,2.27305555556,0.0
1399,2.05916666667,0.0
1400,2.01638888889,0.0
1401,2.16805555556,0.0
1402,2.16666666667,0.0
1403,2.25694444444,0.0
1404,2.39472222222,0.0
1405,2.60333333333,0.0
1406,2.70916666667,0.0
1407,2.70694444444,0.0
1408,2.65805555556,0.0
1409,2.69388888889,0.0
1410,2.9775,0.0
1411,3.20555555556,0.0
1412,3.53277777778,0.0
1413,3.69027777778,0.0
1414,3.74138888889,0.0
1415,3.67333333333,0.0
1416,3.42361111111,0.0
1417,3.37027777778,0.0
1418,3.34527777778,0.0
1419,3.21333333333,0.0
1420,3.13083333333,0.0
1421,2.73555555556,0.0
1422,2.34944444444,0.0
1423,2.12472222222,0.0
1424,2.06722222222,0.0
1425,2.19972222222,0.0
1426,2.28555555556,0.0
1427,2.3075,0.0
1428,2.38083333333,0.0
1429,2.60416666667,0.0
1430,2.61888888889,0.0
1431,2.63638888889,0.0
1432,2.56472222222,0.0
1433,2.6975,0.0
1434,2.89888888889,0.0
1435,3.18694444444,0.0
1436,3.46277777778,0.0
1437,3.65444444444,0.0
1438,3.68611111111,0.0
1439,3.56138888889,0.0
1440,3.34555555556,0.0
1441,3.33777777778,0.0
1442,3.28805555556,0.0
1443,3.15277777778,0.0
1444,3.17138888889,0.0
1445,2.94916666667,0.0
1446,3.24055555556,0.0
1447,9.11055555556,0.44678791224
1448,7.865,0.453196005273
1449,8.03333333333,0.426829411078
1450,7.99555555556,0.499819844362
1451,8.05611111111,0.439017949437
1452,9.65,0.480678261204
1453,11.5841666667,0.457231479086
1454,13.5313888889,0.412453441021
1455,14.3883333333,0.476494982726
1456,15.5480555556,0.439060943722
1457,15.7436111111,0.480512824859
1458,17.3047222222,0.488848275618
1459,18.8530555556,0.455969517421
1460,14.9388888889,0.495180989676
