1,9.22916830887,0.0
2,9.31212730921,0.0
3,9.1493724787,0.0
4,8.94576966857,0.0
5,8.72042057901,0.0
6,9.01781022886,0.0
7,9.25038588121,0.0
8,9.55704188306,0.0
9,9.46196025204,0.0
10,9.38228022388,0.0
11,9.02398679829,0.0
12,9.33016869071,0.0
13,9.01644760327,0.0
14,10.2346023874,0.0
15,8.82299187297,0.0
16,8.84120842062,0.0
17,8.96353324084,0.0
18,8.65079548182,0.0
19,8.52512484776,0.0
20,8.59573021935,0.0
21,8.82036081819,0.0
22,8.56168416741,0.0
23,8.59990651121,0.0
24,8.38582323897,0.0
25,8.72688465321,0.0
26,8.58280573712,0.0
27,8.73023482508,0.0
28,8.63562599234,0.0
29,8.45683996743,0.0
30,8.23487917136,0.0
31,8.39627532777,0.0
32,8.70574689452,0.0
33,9.07505464012,0.0
34,8.85837681804,0.0
35,8.69482242344,0.0
36,8.91993353817,0.0
37,9.53590052937,0.0
38,9.6505864544,0.0
39,9.15520658452,0.0
40,9.35721041702,0.0
41,9.85296004203,0.0
42,9.10317864754,0.0
43,9.16558243902,0.0
44,9.05563316927,0.0
45,9.10517405173,0.0
46,8.8858007985,0.0
47,9.03025745384,0.0
48,9.23014958213,0.0
49,9.14077449159,0.0
50,9.25186772117,0.0
51,9.31311454425,0.0
52,9.0015939303,0.0
53,9.73418578775,0.0
54,8.90272928096,0.0
55,9.30467585507,0.0
56,9.17395768796,0.0
57,9.85529817046,0.0
58,9.42388573483,0.0
59,8.90436617162,0.0
60,9.09199289604,0.0
61,9.02112400222,0.0
62,9.50744931315,0.0
63,9.27238452738,0.0
64,9.75897682893,0.0
65,9.05703371761,0.0
66,9.3750735825,0.0
67,9.59007507933,0.0
68,9.75074784825,0.0
69,9.80044895032,0.0
70,10.0012321347,0.0
71,9.63858225883,0.0
72,9.72215525602,0.0
73,9.73987563687,0.0
74,9.55048077003,0.0
75,9.85146824699,0.0
76,9.94687996892,0.0
77,10.7917239593,0.0158616469801
78,9.46662105296,0.0469509537907
79,9.54359897226,0.0
80,9.8588052412,0.0
81,9.72787053766,0.0
82,9.84822441244,0.0
83,10.1782078269,0.0
84,9.78876748037,0.0
85,9.89146401,0.0
86,9.34998259509,0.0
87,9.09956873631,0.0
88,8.84374429807,0.0
89,9.12967052319,0.0
90,8.74579078705,0.0
91,8.77224245858,0.0
92,9.14238799617,0.0
93,9.00423744343,0.0
94,9.05946251203,0.0
95,9.08714879773,0.0
96,9.03421180829,0.0
97,8.66861540022,0.0
98,8.68803386175,0.0
99,9.23213231899,0.0
100,9.18481124414,0.0
101,8.97131885985,0.0
102,8.88643847921,0.0
103,9.34551231312,0.0
104,9.02481860539,0.0
105,9.67198302112,0.0
106,9.85808828151,0.0
107,10.0456977483,0.0
108,9.80776872107,0.0
109,9.89823980206,0.0
110,9.44004713792,0.0
111,9.4112295702,0.0
112,9.72809755758,0.0
113,9.48149639125,0.0
114,9.24098207541,0.0
115,9.12498489796,0.0
116,8.98129439042,0.0
117,9.29392398735,0.0
118,8.6214475123,0.0
119,8.88755936863,0.0
120,8.65153697885,0.0
121,8.79959407785,0.0
122,8.86324275635,0.0
123,9.19688444779,0.0
124,8.90726722341,0.0
125,9.05433865351,0.0
126,8.83001641995,0.0
127,8.81640368442,0.0
128,9.35331525523,0.0
129,9.45834552612,0.0
130,10.2994931449,0.0
131,9.61532231018,0.0
132,9.45450710258,0.0
133,9.49888261801,0.0
134,9.36955197796,0.0
135,8.93036033321,0.0
136,8.86843287831,0.0
137,8.90359398533,0.0
138,8.84295846861,0.0
139,8.90301771886,0.0
140,8.75938468976,0.0
141,8.78171817142,0.0
142,8.93779678441,0.0
143,8.53923881452,0.0
144,9.95902289822,1.09025408659
145,8.91379506297,0.00369862578824
146,9.60356726344,0.0
147,8.71306164453,0.0
148,8.70286423152,0.0
149,8.50643127539,0.0
150,9.07353426421,0.0
151,8.68635078606,0.0
152,9.62105302794,0.0
153,9.48476429713,0.0
154,9.59319651544,0.0
155,10.7335780877,0.480791166231
156,9.30163707892,0.415898246854
157,9.20862801324,0.0
158,9.39841587031,0.0
159,9.44876847209,0.0
160,9.16330056897,0.0
161,9.21001861218,0.0
162,8.93393049773,0.0
163,8.749391514,0.0
164,9.16873432221,0.0
165,9.09787352883,0.0
166,9.27504526276,0.0
167,8.81282149786,0.0
168,9.18318649864,0.0
169,9.35079327521,0.0
170,9.22414641924,0.0
171,10.0082321439,0.288194020045
172,9.67751691016,0.0
173,9.14931667954,0.0
174,9.20801994785,0.0
175,9.39023247089,0.0
176,10.2547691328,0.0
177,9.50985943704,0.0
178,9.97501296156,0.0
179,10.0528512063,0.0
180,9.82460377517,0.0
181,9.57349644357,0.0
182,9.49491779208,0.0
183,9.34400613793,0.0
184,9.46010780633,0.0
185,9.2827082413,0.0
186,9.31018065243,0.0
187,9.51453830284,0.0
188,9.55108860175,0.0
189,9.18707675012,0.0
190,9.42105158999,0.0
191,9.26288176581,0.0
192,9.37618118175,0.0
193,9.68135113062,0.0
194,9.34274817328,0.0
195,9.11169890418,0.0
196,9.20869907217,0.0
197,8.66903102142,0.0
198,9.04953226867,0.0
199,9.61926487523,0.0
200,9.45653679021,0.0
201,9.25826369216,0.0
202,9.15538877094,0.0
203,9.42242255263,0.0
204,9.63838117785,0.0
205,9.04635028358,0.0
206,9.71984841527,0.0
207,10.9400576272,0.610723098249
208,10.0405659826,0.0309262266059
209,10.3133673687,0.0
210,9.9489808852,0.0
211,9.97278167709,0.0
212,10.0244464728,0.0
213,10.9695376254,0.614720105435
214,9.94406394804,0.0
215,9.36535422318,0.0
216,9.12065464781,0.0
217,8.83601457004,0.0
218,8.87988181767,0.0
219,9.02649562173,0.0
220,10.1562966199,0.0
221,9.12465156788,1.17877221184
222,9.17603141902,0.0
223,8.86328041973,0.0
224,8.89904608797,0.0
225,9.85757576832,0.0
226,10.5351024164,0.420900929459
227,11.0089314511,0.0708746193874
228,9.3075216843,0.423095860528
229,9.32134219246,0.0
230,9.6293106165,0.0
231,9.74672049703,0.0
232,8.88649855024,0.0
233,8.92383286863,0.0
234,9.05798000043,0.0
235,8.95700428838,0.0
236,8.86378876595,0.0
237,8.98572105431,0.0
238,9.04916857676,0.0
239,9.63961865546,0.0
240,9.41479096162,0.0
241,9.0887716794,0.0
242,8.7993420352,0.0
243,9.04195716658,0.0
244,9.05980675039,0.0
245,9.35988051227,0.0
246,8.98580796658,0.0
247,9.21387390132,0.0
248,9.12487118539,0.0
249,9.48570704935,0.0
250,10.1847313293,0.0
251,9.65646649398,0.0
252,10.1673124995,0.0
253,9.64893402606,0.0
254,9.52437798101,0.0
255,10.1718893066,0.0
256,9.79921761801,0.0
257,9.84461625776,0.0
258,9.43328902736,0.0
259,9.44426594518,0.0
260,9.16424520359,0.0
261,9.19850723552,0.0
262,8.94291664981,0.0
263,9.40613832446,0.0
264,8.94116228298,0.0
265,8.60609358497,0.0
266,8.64775260006,0.0
267,8.77405229841,0.0
268,9.19660340869,0.0
269,9.18431217002,0.0
270,8.85397709166,0.0
271,9.30845403795,0.0
272,9.25414412302,0.0
273,9.48806567236,0.0
274,9.06374503493,0.0
275,9.55223920631,0.0
276,9.99798519853,0.0
277,9.42380805511,0.0
278,10.2314080674,0.0
279,9.01091012568,0.287510751494
280,9.06837147831,0.0
281,9.05719040001,0.0
282,8.83841040105,0.0
283,8.64981608509,0.0
284,8.56896301997,0.0
285,8.8219462409,0.0
286,8.99697317998,0.0
287,9.65352224144,0.0
288,8.69751363885,0.0
289,8.84099628949,0.0
290,8.69866204315,0.0
291,10.1257554749,0.0
292,8.8265352698,0.0
293,9.25316474916,0.0
294,8.40009445544,0.0731701999735
295,9.59316773189,0.279878752142
296,9.6447338073,0.0
297,10.1366486711,0.0
298,10.0402997911,0.0
299,10.0558677026,0.0
300,9.88275206042,0.0
301,9.53088074589,0.0
302,10.224688222,0.0
303,8.81726966236,0.0
304,9.07507939525,0.0
305,9.10309013188,0.0
306,9.10406770295,0.0
307,9.31680705048,0.0
308,9.32741184736,0.0
309,9.32174483937,0.0
310,8.88359592509,0.0
311,9.13516731365,0.0
312,8.55399686526,0.0
313,8.41403934772,0.0
314,8.3877852038,0.0
315,8.69952022026,0.0
316,8.48770667002,0.0
317,8.65168414854,0.0
318,8.79795335081,0.0
319,8.48736856937,0.0
320,8.59975376091,0.0
321,9.13330829973,0.0
322,8.93775724582,0.0
323,8.68967023831,0.0
324,8.99214579649,0.0
325,8.86518271579,0.0
326,8.89678618351,0.0
327,8.5988910525,0.0
328,9.30448919876,0.0
329,9.27668011536,0.0
330,9.40540460582,0.0
331,9.1464282406,0.0
332,9.43426208987,0.0
333,9.53907594217,0.0
334,9.14709793702,0.0
335,9.00777721107,0.0
336,8.95874612104,0.0
337,9.259727311,0.0
338,8.5977605999,0.0
339,8.99712014129,0.0
340,9.32489279755,0.0
341,8.75348734846,0.0
342,8.61562896015,0.0
343,8.74923534751,0.0
344,9.27120517824,0.0
345,9.00440522719,0.0
346,9.0435035261,0.0
347,9.07624628243,0.0
348,8.9600998822,0.0
349,9.27257775962,0.0
350,9.10052625493,0.0
351,8.81448368609,0.0
352,9.32616891454,0.0
353,8.9719525088,0.0
354,8.71893180529,0.0
355,8.70873123853,0.0
356,8.93553288007,0.0
357,8.8762044033,0.0
358,8.833903484,0.0
359,9.15526757846,0.0
360,8.7573469161,0.0
361,9.02877878035,0.0
362,9.042440263,0.0
363,8.88798978621,0.0
364,10.0039515261,0.0
365,8.81282043887,0.0
366,8.90827658321,0.0
367,8.70344463246,0.0
368,9.84581570579,1.21012013445
369,9.29889755164,0.0
370,9.54016527957,0.0
371,9.34847796231,0.0
372,9.66962419126,0.0
373,9.36409979275,0.0
374,8.89719355697,0.0
375,8.70305785327,0.0
376,9.25450430969,0.0
377,9.16146027934,0.0
378,8.68870997929,0.0
379,8.80233790032,0.0
380,8.72992928811,0.0
381,8.74089949086,0.0
382,8.95022191489,0.0
383,8.79113899318,0.0
384,8.52262838895,0.0
385,8.92536667073,0.0
386,8.83089199186,0.0
387,8.84338264916,0.0
388,8.84481542042,0.0
389,8.74948394014,0.0
390,8.35837973421,0.0
391,8.95217538928,0.0
392,9.87295945059,0.0
393,10.0202547286,0.0
394,9.15222964124,0.0
395,9.00751257582,0.0
396,9.0099244772,0.0
397,10.2742919593,0.0
398,9.29757349139,0.239234001283
399,9.17814198079,0.0
400,9.2374984522,0.0
401,10.2790656403,1.05349695348
402,10.060453937,0.0
403,9.26065055944,0.0
404,8.83363368682,0.0
405,9.07952830401,0.0
406,10.387119626,0.80380483649
407,9.93575441743,0.0
408,8.469185497,0.854757490796
409,9.02531811125,0.0
410,8.96514010735,0.0
411,8.54078207329,0.0
412,8.76432771333,0.0
413,8.64371721322,0.0
414,8.39055094952,0.0
415,8.70147198078,0.0
416,8.70358500506,0.0
417,8.85576633464,0.0
418,8.72656946413,0.0
419,8.76495215684,0.0
420,9.08943139038,0.0
421,8.84759939047,0.0
422,9.28793536341,0.0
423,9.26422257117,0.0
424,9.08268391026,0.0
425,9.18514419052,0.0
426,8.88151604353,0.0
427,8.95302873339,0.0
428,8.74583706123,0.0
429,8.92882569233,0.0
430,8.99187225259,0.0
431,8.92767721981,0.0
432,8.87495712914,0.0
433,8.84477377618,0.0
434,9.30694312221,0.0
435,9.35359524101,0.0
436,8.81304439663,0.0
437,8.67559522279,0.0
438,8.20622644489,0.0
439,9.39905989831,1.44073010765
440,8.43797449465,0.482768912452
441,8.92110034196,0.0
442,9.02641582434,0.0
443,8.73014241232,0.0
444,8.6543768682,0.0
445,8.98960882093,0.0
446,8.96641044004,0.0
447,9.61576983746,0.0
448,8.79090888778,0.0
449,8.85614865041,0.0
450,8.33060459382,0.0
451,8.52089964904,0.0
452,8.36127950785,0.0
453,8.6420364936,0.0
454,8.55014134176,0.0
455,9.00441627991,0.0
456,8.15556872583,0.0784919375193
457,8.3446982983,0.0
458,9.68061782232,0.232918924248
459,8.57992206862,0.634578276984
460,8.43452232383,0.0
461,9.57976787342,0.298814173683
462,8.05605218127,0.806278515599
463,8.54546027257,0.0
464,8.65858113444,0.0
465,8.85815682496,0.0
466,10.1425748974,0.0
467,9.57333718792,0.0
468,9.0146013696,0.0
469,9.24002369265,0.0
470,9.04393486895,0.0
471,9.10756422571,0.0
472,8.66545184578,0.0
473,8.51913073397,0.0
474,8.73480661524,0.0
475,8.42123337182,0.0
476,8.75577729257,0.0
477,8.59574831828,0.0
478,8.87797352004,0.0
479,9.14273861122,0.0
480,8.84398529902,0.0
481,9.51167346215,0.0
482,8.67209936667,0.0
483,8.89961036219,0.0
484,8.84186855747,0.0
485,8.83726435932,0.0
486,8.68983669385,0.0
487,8.85348326387,0.0
488,9.25249602141,0.0
489,9.50357764309,0.0
490,9.5094145046,0.0
491,8.97210255524,0.0
492,9.17497918683,0.0
493,9.25262063182,0.0
494,9.39809116588,0.0
495,9.29520932057,0.0
496,10.4608837602,0.818012680041
497,9.44665141803,0.0
498,8.95611821837,0.0
499,8.61928244071,0.0
500,9.53685237406,0.0
501,8.87912680902,0.0
502,8.69352504073,0.0
503,8.73253722211,0.0
504,8.67016814489,0.0
505,10.0136401572,0.0
506,8.77554557343,0.0
507,9.11679288842,0.0
508,9.09467240333,0.0
509,8.89938661874,0.0
510,10.0166189061,0.0
511,9.02986349897,0.0
512,9.192484308,0.0
513,9.28030701482,0.0
514,9.09797026198,0.0
515,8.79373561156,0.0
516,8.86303608794,0.0
517,9.08620131,0.0
518,9.15736748053,0.0
519,8.57798388877,0.0
520,8.94161805455,0.0
521,8.93711779015,0.0
522,8.7670615394,0.0
523,8.82649695085,0.0
524,8.40431303598,0.0
525,8.64135533968,0.0
526,8.99582299154,0.0
527,8.19427134299,0.0701863315717
528,9.42823152102,1.6908019605
529,8.91911617505,0.0
530,8.98164116118,0.0
531,9.49209176196,0.0
532,8.88825125566,0.0
533,9.62630786497,0.0
534,8.91219282442,0.0
535,9.45765425681,0.0
536,9.00459641872,0.0
537,9.19620135494,0.0
538,9.10426308494,0.0
539,9.28382962911,0.0
540,9.37740765354,0.0
541,9.66732291331,0.0
542,9.78155851279,0.0
543,9.38608767449,0.0
544,9.27689200565,0.0
545,9.67667258053,0.0
546,9.30675338384,0.0
547,9.38379707201,0.0
548,9.70112411856,0.0
549,10.3148693939,0.0
550,10.0857695918,0.0
551,9.85086679969,0.0
552,9.52642816295,0.0
553,8.81384331137,0.0
554,9.33082489355,0.0
555,9.46765017958,0.0
556,9.40411329568,0.0
557,8.84752159416,0.0
558,8.78295877289,0.0
559,8.66939687928,0.0
560,8.69950840292,0.0
561,8.77429766754,0.0
562,8.71065811508,0.0
563,8.95974566718,0.0
564,8.90186881658,0.0
565,9.37761963213,0.0
566,9.00508154889,0.0
567,9.16888741493,0.0
568,10.1265463497,0.415993692694
569,9.36237899618,0.0
570,9.40026471119,0.0
571,9.01877291537,0.0
572,8.78692924827,0.0
573,9.0552904306,0.0
574,9.00955040137,0.0
575,9.00741959983,0.0
576,8.94489789979,0.0
577,9.90146225967,0.0
578,8.76888715188,0.868723751364
579,8.73032608221,0.0
580,9.08489409708,0.0
581,8.44892318266,0.0
582,8.6673224793,0.0
583,8.74453393085,0.0
584,8.49320995359,0.0
585,9.0137918246,0.0
586,8.75170178786,0.0
587,9.25379852479,0.0
588,9.12589368624,0.0
589,9.0646072762,0.0
590,9.16189843045,0.0
591,9.76071115276,0.0
592,9.59904222867,0.0
593,9.85880729551,0.0
594,9.67058460046,0.0
595,9.29232039425,0.0
596,8.7384966127,0.0
597,9.33576569566,0.0
598,8.44312956313,1.42432155788
599,8.86778620921,0.0
600,8.71881267045,0.0
601,8.65088717366,0.0
602,8.68342195807,0.0
603,9.18766324805,0.0
604,9.19190767806,0.0
605,8.92663923615,0.0
606,8.78410380899,0.0
607,8.97958519408,0.0
608,9.12883796116,0.0
609,9.52783104803,0.0
610,9.64875840353,0.0
611,9.39769740647,0.0
612,9.03200332002,0.0
613,8.83652059993,0.0
614,9.48717509154,0.0
615,9.41009206792,0.0
616,9.09360455391,0.0
617,9.51060918431,0.0
618,9.3616285252,0.0
619,9.42002483179,0.0
620,9.30827701096,0.0
621,9.13104529602,0.0
622,9.27934298284,0.0
623,9.18548414263,0.0
624,8.62962490717,0.0
625,8.76190021516,0.0
626,9.11567196076,0.0
627,8.81940877194,0.0
628,8.7426600529,0.0
629,8.83243755862,0.0
630,8.70182982652,0.0
631,8.93669464562,0.0
632,8.64789205314,0.0
633,8.72699499321,0.0
634,9.21794758354,0.0
635,8.78780518434,0.0
636,8.84251593647,0.0
637,10.0060160487,0.0
638,9.32935919714,0.0
639,9.1099006616,0.0
640,9.17094926675,0.0
641,9.30288533702,0.0
642,9.32140838084,0.0
643,8.95413477961,0.0
644,9.10985156149,0.0
645,8.7862325832,0.0
646,9.0969836108,0.0
647,9.40731696983,0.0
648,8.59623496635,0.0
649,8.55533879375,0.0
650,8.96202928312,0.0
651,9.28495543513,0.0
652,9.63328760706,0.0
653,8.56277016925,0.646506637312
654,8.87030383489,0.0
655,8.87690448766,0.0
656,8.28193212442,0.0
657,8.48827080025,0.0
658,9.08654456935,0.0
659,9.28053960239,0.0
660,9.02465141746,0.0
661,9.31322230317,0.0
662,9.28425019034,0.0
663,8.82404587092,0.0
664,8.65609694042,0.0
665,8.95438173536,0.0
666,8.66523570065,0.0
667,8.36876834895,0.0
668,8.47159132376,0.0
669,8.70384958988,0.0
670,8.60917897037,0.0
671,8.6031086037,0.0
672,8.47017369225,0.0
673,8.81379591195,0.0
674,8.88574843319,0.0
675,9.08058029559,0.0
676,8.83357633256,0.0
677,8.61585760704,0.0
678,8.22038410126,0.0
679,8.40447915845,0.0
680,8.5921458635,0.0
681,8.53126934139,0.0
682,9.12709979214,0.0
683,8.9433960769,0.0
684,9.17908699887,0.0
685,9.46808621885,0.0
686,9.12078123936,0.0
687,8.80728475589,0.0
688,8.90580973509,0.0
689,9.10172026708,0.0
690,8.94389062301,0.0
691,8.96736666029,0.0
692,8.85366082024,0.0
693,8.76679519597,0.0
694,9.16020711702,0.0
695,9.09446151554,0.0
696,8.81600007836,0.0
697,8.42897755545,0.0
698,9.11557255727,0.0
699,9.1619469854,0.0
700,8.55225939109,0.0
701,8.5327438899,0.0
702,8.8424098524,0.0
703,8.57075978284,0.0
704,9.08085642922,0.0
705,8.51711419622,0.0
706,8.80779632492,0.0
707,8.78075643455,0.0
708,9.31849358736,0.0
709,9.15021937227,0.0
710,8.75051598248,0.0
711,8.65300539452,0.0
712,8.56122733481,0.0
713,8.48658139005,0.0
714,8.86470580111,0.0
715,10.0093689279,0.0
716,9.35818986514,0.0
717,9.49093413472,0.0
718,9.35317144335,0.0
719,9.29177253563,0.0
720,9.63190975438,0.0
721,9.65669001383,0.0
722,9.82320179654,0.0
723,9.92714118837,0.0
724,10.1354317446,0.0
725,9.82277114012,0.0
726,9.93440643582,0.0
727,9.42869860711,0.0
728,9.53036019711,0.0
729,9.74976991905,0.0
730,9.82154744809,0.0
731,10.2045525662,0.0
732,10.3426506242,0.0
733,9.86411255727,0.0
734,9.7678405679,0.0
735,9.88174146485,0.0
736,10.3032887756,0.0
737,10.2943388257,0.0
738,10.1299111219,0.0
739,10.0407811237,0.0
740,10.255688302,0.0
741,9.9988021222,0.0
742,9.75542583145,0.0
743,9.93683602667,0.0
744,9.6133459596,0.0
745,9.64739738376,0.0
746,9.48124879973,0.0
747,9.50849321824,0.0
748,9.31461998565,0.0
749,9.65805988304,0.0
750,9.70560758481,0.0
751,9.79634383332,0.0
752,9.42428704907,0.0
753,9.08729144989,0.0
754,9.46083963943,0.0
755,9.58123685766,0.0
756,9.22496627645,0.0
757,8.85367765518,0.0
758,9.31696625231,0.0
759,9.50557401654,0.0
760,9.67821558866,0.0
761,9.85793824328,0.0
762,9.56771995528,0.0
763,9.64677306746,0.0
764,9.55195067284,0.0
765,9.48865578474,0.0
766,9.51421069441,0.0
767,9.10637362732,0.0
768,9.22812081103,0.0
769,9.16494878164,0.0
770,9.18606064146,0.0
771,9.6093764354,0.0
772,9.54526079822,0.0
773,9.85022274282,0.0
774,9.35977828524,0.0
775,9.70837299336,0.0
776,9.75288647019,0.0
777,9.49454658871,0.0
778,9.16319238517,0.0
779,8.9735448611,0.0
780,8.66696595129,0.0
781,9.17027715243,0.0
782,9.09838392502,0.0
783,8.99861758328,0.0
784,9.39941583251,0.0
785,9.59555465622,0.0
786,9.60122402463,0.0
787,9.39219526754,0.0
788,9.42355165896,0.0
789,9.25282772456,0.0
790,9.2996400782,0.0
791,9.71286480249,0.0
792,9.11521261435,0.0
793,9.49970833077,0.0
794,9.5517703941,0.0
795,9.53257336098,0.0
796,9.41020290639,0.0
797,9.50818473316,0.0
798,9.57812029603,0.0
799,9.49043872151,0.0
800,8.92039917023,0.0
801,9.018231771,0.0
802,9.81107068421,0.0
803,8.58751864349,0.820758906999
804,8.60148099536,0.0
805,8.87517703856,0.0
806,9.29612813569,0.0
807,10.6201382704,0.838388652636
808,10.567053135,0.0202330648219
809,9.94423427583,0.0
810,9.71383847627,0.0
811,9.62704061583,0.0
812,9.4486005622,0.0
813,9.60030693852,0.0
814,9.39127292691,0.0
815,9.76072386004,0.0
816,9.27881295877,0.0
817,9.63305973149,0.0
818,10.7888753967,1.01282025238
819,9.5811047438,0.602777018337
820,9.41758851573,0.0
821,9.34378455454,0.0
822,9.41186720622,0.0
823,10.0111214198,0.0
824,9.71679983255,0.0
825,9.35693465981,0.0
826,9.09752419504,0.0
827,8.89180465806,0.0
828,8.87194666076,0.0
829,8.64027543135,0.0
830,9.1172308125,0.0
831,8.89549295402,0.0
832,9.8972857488,0.0
833,9.51451636093,0.0
834,9.35195698632,0.0
835,9.7225118877,0.0
836,9.11902447813,0.0
837,9.53406828644,0.0
838,9.59186731034,0.0
839,9.16587926301,0.0
840,9.60899696518,0.0
841,9.61883931461,0.0
842,9.46032999662,0.0
843,9.6583313285,0.0
844,9.78596315491,0.0
845,9.7256304684,0.0
846,9.41831969676,0.0
847,9.58729680142,0.0
848,9.4665398048,0.0
849,9.35670651109,0.0
850,9.3260649166,0.0
851,9.18612754721,0.0
852,8.76686472606,0.0
853,9.17391702459,0.0
854,8.04282875324,0.472971430564
855,8.1410867473,0.270452137205
856,9.36653249488,1.70772242491
857,9.30504672281,0.0
858,9.1892783062,0.0
859,9.27046635323,0.0
860,9.36380678593,0.0
861,9.69046653091,0.0
862,9.4374624983,0.0
863,9.58104742937,0.0
864,10.052011422,0.0
865,10.1692022607,0.0
866,10.2876073605,0.0
867,9.92276266614,0.0
868,10.1380593947,0.0
869,9.8053548033,0.0
870,9.65036992944,0.0
871,9.54769417079,0.0
872,9.32798514128,0.0
873,8.71933579798,0.0
874,8.85194326267,0.0
875,8.68128310793,0.0
876,8.89869253512,0.0
877,9.23278369042,0.0
878,8.91703768436,0.0
879,8.14235070248,0.250586414212
880,9.01796541442,0.0
881,9.46478947857,0.0
882,8.93251746479,0.0
883,9.17347729379,0.0
884,9.32066593806,0.0
885,9.25368282939,0.0
886,9.3843422428,0.0
887,9.46194335625,0.0
888,9.00371332983,0.0
889,9.16489028477,0.0
890,10.209529047,0.890347952568
891,9.012922011,1.87644687926
892,8.93925761868,0.0
893,8.96977815351,0.0
894,8.83294421099,0.0
895,9.255481427,0.0
896,8.77073030504,0.0
897,8.55753197801,0.0
898,8.71906394877,0.0
899,8.59137874368,0.0
900,8.11179822371,0.0
901,8.89541678069,0.0
902,8.56926967991,0.0
903,9.00181792607,0.0
904,8.83522677507,0.0
905,9.10928305918,0.0
906,9.47630538629,0.0
907,9.55262222515,0.0
908,9.58098347407,0.0
909,9.92057259612,0.0
910,9.6589480521,0.0
911,10.2262917816,0.0
912,9.4169438367,0.0
913,9.77293922278,0.0
914,10.1548519307,0.0
915,9.9910023667,0.0
916,9.93402292777,0.0
917,9.70128567601,0.0
918,9.11224102088,0.0
919,9.00211803623,0.0
920,8.52275638056,0.0
921,8.16895258269,0.0
922,8.58592654492,0.0
923,8.1755298546,0.0
924,8.58862436266,0.0
925,8.41478832707,0.0
926,8.83297851538,0.0
927,9.08277946025,0.0
928,9.28327431034,0.0
929,9.46876893792,0.0
930,9.08611974875,0.0
931,9.37239663743,0.0
932,9.50722525399,0.0
933,9.39150766073,0.0
934,9.51470927739,0.0
935,9.465295175,0.0
936,9.18587904703,0.0
937,9.11344680229,0.0
938,8.88071958669,0.0
939,9.13512227517,0.0
940,8.95810221093,0.0
941,9.28164103457,0.0
942,9.28636731037,0.0
943,9.44525873626,0.0
944,8.92848936604,0.0
945,9.29240457081,0.0
946,8.89771662876,0.0
947,9.00884558349,0.0
948,9.3025989448,0.0
949,9.44384212009,0.0
950,9.81694605968,0.0
951,9.51053619106,0.0
952,9.79077098027,0.0
953,9.93867834291,0.0
954,9.76131333476,0.0
955,9.81258322158,0.0
956,9.67491383552,0.0
957,9.75496337649,0.0
958,9.83695843602,0.0
959,9.37361162981,0.0
960,9.45726715137,0.0
961,9.574057772,0.0
962,10.4936284194,0.612327144067
963,9.43850614139,0.0
964,9.34267291687,0.0
965,9.4559942199,0.0
966,9.49497728452,0.0
967,9.24641233325,0.0
968,9.07139394071,0.0
969,8.9347146362,0.0
970,9.05716840929,0.0
971,9.06003564992,0.0
972,8.49092010237,0.0
973,8.71329203021,0.0
974,9.08834827622,0.0
975,9.58208507184,0.0
976,10.1251886,0.0
977,10.3011440138,0.0
978,9.8962919932,0.0
979,10.3015930378,0.0
980,10.2461396864,0.0
981,10.2237000461,0.0
982,10.1178530014,0.0
983,9.92149868007,0.0
984,9.80722168214,0.0
985,9.92263726107,0.0
986,10.0205929134,0.0
987,9.79418747594,0.0
988,10.1491883844,0.0
989,10.4845005334,0.21164544031
990,10.1822786076,0.0
991,10.1581094569,0.0
992,10.0609926416,0.0
993,10.2221872432,0.0
994,9.76347005517,0.0
995,9.31921807671,0.0
996,8.69688889375,0.0
997,8.19046345481,0.0
998,8.57415364725,0.0
999,9.53982225813,0.0
1000,8.43513915085,0.696350579347
1001,8.89820501893,0.0
1002,9.24049811699,0.0
1003,9.34173864465,0.0
1004,9.34599111864,0.0
1005,9.68266369319,0.0
1006,9.45846884714,0.0
1007,9.52219286456,0.0
1008,9.65195878741,0.0
1009,9.43939052871,0.0
1010,9.19411188053,0.0
1011,9.39111893282,0.0
1012,9.35145720523,0.0
1013,9.122946588,0.0
1014,9.06324768178,0.0
1015,9.11266761576,0.0
1016,8.63689274815,0.0
1017,9.15302097541,0.0
1018,9.34789509876,0.0
1019,9.09857786066,0.0
1020,8.93407162446,0.0
1021,9.00105660176,0.0
1022,8.90516856321,0.0
1023,9.17993982797,0.0
1024,9.30609370677,0.0
1025,9.43445552232,0.0
1026,9.45467204604,0.0
1027,9.42852885254,0.0
1028,9.21160021948,0.0
1029,9.22988933816,0.0
1030,9.1326726994,0.0
1031,9.37180026621,0.0
1032,9.22397712138,0.0
1033,9.22938537258,0.0
1034,9.24401713187,0.0
1035,9.35139169341,0.0
1036,9.37190782984,0.0
1037,9.5634105604,0.0
1038,9.34041575496,0.0
1039,9.47808500194,0.0
1040,9.35720303164,0.0
1041,9.17097976787,0.0
1042,9.43306748451,0.0
1043,9.40115303097,0.0
1044,9.30426724721,0.0
1045,9.15594301945,0.0
1046,9.18322739453,0.0
1047,9.21860649036,0.0
1048,9.73258244137,0.0
1049,9.82271283052,0.0
1050,9.58992321579,0.0
1051,9.45415611354,0.0
1052,9.52431245741,0.0
1053,9.78677073164,0.0
1054,9.55256747487,0.0
1055,9.45516228277,0.0
1056,9.37602795863,0.0
1057,9.40652805062,0.0
1058,9.47828228491,0.0
1059,9.7649361713,0.0
1060,9.49056005931,0.0
1061,9.17601697944,0.0
1062,9.52546951805,0.0
1063,8.71446844645,0.0
1064,8.81120195755,0.0
1065,8.86342633954,0.0
1066,9.2149387465,0.0
1067,8.99926294665,0.0
1068,9.19206019689,0.0
1069,9.20601780062,0.0
1070,9.63723965086,0.0
1071,9.14200459555,0.0
1072,9.44892266152,0.0
1073,9.42423818794,0.0
1074,9.36124303631,0.0
1075,9.59094427648,0.0
1076,9.62006017239,0.0
1077,9.51573088578,0.0
1078,9.50365761762,0.0
1079,9.43593176294,0.0
1080,9.14439718193,0.0
1081,8.76780815592,0.0
1082,9.08438016605,0.0
1083,9.49515206862,0.0
1084,9.26300569108,0.0
1085,9.11122235576,0.0
1086,9.03932474488,0.0
1087,9.39541155592,0.0
1088,8.73255000561,0.0
1089,9.22826518667,0.0
1090,9.33439863958,0.0
1091,9.38553717755,0.0
1092,10.1108392967,0.0
1093,9.17971617931,0.610297771613
1094,9.19770442734,0.0
1095,9.3336056824,0.0
1096,9.70106409502,0.0
1097,9.29174088802,0.0
1098,9.14238919555,0.0
1099,9.63194735105,0.0
1100,9.28041903527,0.0
1101,10.7559429186,0.885017277579
1102,9.60427990665,1.73713022725
1103,9.70192794832,0.0
1104,9.52299571344,0.0
1105,9.26462170484,0.0
1106,10.2107369839,0.0
1107,10.4717362491,0.00663698134341
1108,9.34836502195,0.845993521432
1109,9.32074065555,0.0
1110,8.91103713573,0.0
1111,10.3671763951,0.840637534582
1112,9.21621723631,0.862234630376
1113,8.94697697129,0.0
1114,9.2393584576,0.0
1115,9.27365181073,0.0
1116,8.91225252725,0.0
1117,9.02348815705,0.0
1118,9.04440959788,0.0
1119,9.329785342,0.0
1120,9.33479857659,0.0
1121,9.8069262627,0.0
1122,10.6736778052,0.808609303281
1123,9.69566184359,0.40311844258
1124,9.47672826745,0.0
1125,10.1709140978,0.0
1126,9.55438990452,0.0
1127,9.44967559488,0.0
1128,9.91821051889,0.0
1129,8.86974846908,0.83705388968
1130,9.56880768426,0.0
1131,8.84348383529,0.0
1132,10.0139695442,0.0
1133,9.2556564376,0.0
1134,9.11897441809,0.0
1135,9.85122371374,0.0
1136,9.01453594502,0.0
1137,8.91841525302,0.0
1138,9.24356804988,0.0
1139,8.73503467632,0.0
1140,8.44832027865,0.0
1141,8.73223698305,0.0
1142,9.0988972372,0.0
1143,10.0569616817,0.0
1144,10.6769529346,0.630853010421
1145,9.37333865336,0.848713933434
1146,9.33320872633,0.0
1147,9.34745006855,0.0
1148,9.09415271316,0.0
1149,9.14765531697,0.0
1150,9.43671663397,0.0
1151,9.29809366765,0.0
1152,9.37431050403,0.0
1153,9.90216455363,0.0
1154,9.64927886774,0.0
1155,9.56828253038,0.0
1156,9.52270603148,0.0
1157,8.89248871627,0.0
1158,9.36605418016,0.0
1159,9.00962496159,0.0
1160,9.45121764923,0.0
1161,9.34707455844,0.0
1162,9.32276800129,0.0
1163,8.84855537819,0.0
1164,8.83920903728,0.0
1165,8.68045193558,0.0
1166,8.86085338319,0.0
1167,9.06103724078,0.0
1168,9.15602753512,0.0
1169,9.04442298123,0.0
1170,9.155807868,0.0
1171,9.34450583773,0.0
1172,9.01977708513,0.0
1173,8.97392271471,0.0
1174,9.02107018194,0.0
1175,8.86150060862,0.0
1176,9.06578306985,0.0
1177,9.0630831172,0.0
1178,8.92258744667,0.0
1179,8.68733677212,0.0
1180,8.75766502928,0.0
1181,8.68118750434,0.0
1182,8.934572063,0.0
1183,10.0202850514,0.0
1184,9.15037537527,0.0
1185,9.00875901948,0.0
1186,8.91031201452,0.0
1187,9.22573764643,0.0
1188,9.12980357055,0.0
1189,9.25848643383,0.0
1190,9.15174632805,0.0
1191,9.44223863426,0.0
1192,9.21053465072,0.0
1193,9.33332827728,0.0
1194,8.98306240999,0.0
1195,9.21147011907,0.0
1196,9.1151207105,0.0
1197,8.97045275702,0.0
1198,9.07512329107,0.0
1199,9.41817430341,0.0
1200,9.13709249014,0.0
1201,9.93045295278,0.0
1202,8.74877095058,0.0
1203,9.13145275747,0.0
1204,8.8624954809,0.0
1205,9.05062674666,0.0
1206,8.86516012041,0.0
1207,8.89178638789,0.0
1208,9.4145031615,0.0
1209,8.60730365292,0.0
1210,8.76121837205,0.0
1211,8.82799726398,0.0
1212,9.52823207422,0.0
1213,9.16346665384,0.0
1214,9.26617644613,0.0
1215,9.05680725109,0.0
1216,9.37594041707,0.0
1217,8.89267595959,0.0
1218,9.16959311181,0.0
1219,9.20522866076,0.0
1220,9.73517764605,0.0
1221,9.99729093776,0.0
1222,10.0016868737,0.0
1223,9.9043454663,0.0
1224,9.9038594076,0.0
1225,9.66305538427,0.0
1226,8.49377888954,1.09341334312
1227,8.47533722568,0.0
1228,8.56158234297,0.0
1229,7.8295074701,1.19877821795
1230,9.0616117423,1.81756180682
1231,8.56896319075,0.0
1232,8.93112176411,0.0
1233,8.84799826768,0.0
1234,9.19012410412,0.0
1235,8.70655642485,0.0
1236,8.68153881857,0.0
1237,9.66561976828,0.0
1238,9.06008722144,0.0
1239,8.8775768811,0.0
1240,9.91067801147,0.0
1241,8.7426507393,0.857153868679
1242,8.86440349183,0.0
1243,8.784810413,0.0
1244,8.79855522755,0.0
1245,8.77445783454,0.0
1246,8.82311962401,0.0
1247,9.2064741215,0.0
1248,9.00799145791,0.0
1249,8.77076320089,0.0
1250,9.95826611781,0.0
1251,9.00760952056,0.0
1252,9.0822737314,0.0
1253,9.15475650166,0.0
1254,9.11206429133,0.0
1255,8.89186242835,0.0
1256,8.83057613429,0.0
1257,9.71933762768,0.650092522075
1258,9.48847732827,0.0
1259,9.181994441,0.0
1260,9.44638970515,0.0
1261,9.43511119809,0.0
1262,9.23786075169,0.0
1263,9.62835178083,0.0
1264,9.15596036554,0.0
1265,9.42282947801,0.0
1266,9.49839705249,0.0
1267,10.010303011,0.0
1268,9.32992073783,0.0
1269,9.301269703,0.0
1270,9.31753988585,0.0
1271,9.37262687073,0.0
1272,9.12844202375,0.0
1273,8.98937443047,0.0
1274,8.87907905726,0.0
1275,9.04941079545,0.0
1276,9.30647655503,0.0
1277,10.0643394719,0.0
1278,9.14188035002,0.0
1279,9.12128132295,0.0
1280,8.56044373343,0.0
1281,8.83836991394,0.0
1282,9.09674932252,0.0
1283,8.80875850193,0.0
1284,9.04193913789,0.0
1285,8.89463255023,0.0
1286,8.8248623047,0.0
1287,9.28424934972,0.0
1288,9.4267879152,0.0
1289,9.41650017339,0.0
1290,9.65197229835,0.0
1291,9.49945773254,0.0
1292,9.61031980313,0.0
1293,9.55738185203,0.0
1294,9.25337117988,0.0
1295,9.33784273256,0.0
1296,9.25535696984,0.0
1297,8.91177612471,0.0
1298,8.89126390192,0.0
1299,9.05808870598,0.0
1300,9.31407226286,0.0
1301,9.33520351136,0.0
1302,9.30788447297,0.0
1303,9.34225996302,0.0
1304,9.32092025993,0.0
1305,9.41268484901,0.0
1306,9.15757124904,0.0
1307,9.00163334918,0.0
1308,8.92839253704,0.0
1309,8.67497925397,0.0
1310,9.02704991919,0.0
1311,8.99785110863,0.0
1312,9.09986443127,0.0
1313,9.32564219744,0.0
1314,9.3236759666,0.0
1315,9.21008280817,0.0
1316,8.93918981331,0.0
1317,9.23260813862,0.0
1318,8.7220994347,0.0
1319,9.88083713634,0.0
1320,8.89408882021,0.0
1321,8.75442206422,0.0
1322,8.88043007759,0.0
1323,8.90942820332,0.0
1324,8.93860972814,0.0
1325,8.91752134214,0.0
1326,9.18827825947,0.0
1327,9.05205192187,0.0
1328,8.85798387995,0.0
1329,8.92847933776,0.0
1330,8.56517451031,0.0
1331,8.54399861882,0.0
1332,8.82594945817,0.0
1333,9.03925564177,0.0
1334,8.8565574192,0.0
1335,8.53860182047,0.0
1336,8.55961225134,0.0
1337,9.18152502565,0.0
1338,8.92038708988,0.0
1339,9.04296768653,0.0
1340,9.02227650737,0.0
1341,9.00873930161,0.0
1342,8.93440190456,0.0
1343,8.96802431949,0.0
1344,9.01514428809,0.0
1345,8.76977875798,0.0
1346,9.18096506908,0.0
1347,9.35289935037,0.0
1348,8.79549237806,0.0
1349,9.00548298769,0.0
1350,9.05460049416,0.0
1351,9.07437336443,0.0
1352,9.21761285496,0.0
1353,8.92310455242,0.0
1354,9.50207173589,0.0
1355,8.91241613172,0.0
1356,8.98662848648,0.0
1357,9.28605486205,0.0
1358,8.98594753092,0.0
1359,9.16735878946,0.0
1360,9.34936263769,0.0
1361,9.36078281647,0.0
1362,9.41527994178,0.0
1363,9.65702446701,0.0
1364,9.40277485985,0.0
1365,9.58743371463,0.0
1366,9.31795026816,0.0
1367,9.39995968532,0.0
1368,9.5331376445,0.0
1369,9.26447065522,0.0
1370,9.02259785876,0.0
1371,9.42179691016,0.0
1372,9.01074841511,0.0
1373,9.87823246985,0.0
1374,9.14957953399,0.0
1375,8.83573994496,0.0
1376,8.92654260519,0.0
1377,10.2470509516,0.0
1378,9.40096133271,0.0
1379,9.15250905081,0.0
1380,9.12657967233,0.0
1381,9.20273123055,0.0
1382,9.32712642627,0.0
1383,9.2055723829,0.0
1384,9.53033620511,0.0
1385,9.62745227983,0.0
1386,9.60768322941,0.0
1387,9.4947342766,0.0
1388,9.23129955143,0.0
1389,9.54583831894,0.0
1390,9.19966028978,0.0
1391,8.70449039494,0.0
1392,8.54581807059,0.0
1393,8.46078980749,0.0
1394,8.79887664313,0.0
1395,8.86133776985,0.0
1396,9.7827336294,0.0
1397,8.51556670129,0.87798512357
1398,8.56661850714,0.0
1399,8.76808648464,0.0
1400,8.63567298994,0.0
1401,8.70759977856,0.0
1402,8.8682974759,0.0
1403,8.82203607786,0.0
1404,9.2203656564,0.0
1405,8.97700617058,0.0
1406,9.29500385827,0.0
1407,9.27696463302,0.0
1408,9.64868631516,0.0
1409,10.1504905967,0.0
1410,9.97932015554,0.0
1411,10.0450177836,0.0
1412,10.0542301064,0.0
1413,9.98178423034,0.0
1414,10.281750639,0.0
1415,9.3015312316,0.847016345938
1416,9.36625173367,0.0
1417,9.88205315525,0.0
1418,9.72242858299,0.0
1419,9.74828188695,0.0
1420,9.93760401647,0.0
1421,10.8025916083,0.80716915026
1422,10.3697702704,0.0
1423,11.266202443,0.852966429925
1424,10.2268252723,1.02323269705
1425,10.3483422863,0.0
1426,12.4300103612,1.06167625766
1427,13.0625246599,0.649016620083
1428,13.6239810746,0.649786494277
1429,13.2504373288,0.62309494839
1430,13.3713884048,0.221327343701
1431,13.5185530527,0.427046766273
1432,14.0808395275,0.648009207967
1433,14.4600245313,0.608430069421
1434,14.1261515746,1.65526639986
1435,14.4080464713,1.66453011699
1436,14.1851761961,0.423122612053
1437,14.2561684685,0.29521822474
1438,14.1871124665,0.280775735376
