0,93.063929612
1,11.5000440281
2,160.335746672
3,187.497769802
4,157.796983667
5,50.1789829428
6,124.690003707
7,200.729786631
8,252.205033194
9,454.216417666
10,368.473754361
11,288.191766164
12,293.979981287
13,385.322702222
14,414.898973615
15,437.042024347
16,514.119884225
17,462.664495475
18,586.518975706
19,497.120101996
20,598.257171078
21,669.954906449
22,681.38094205
23,757.530326546
24,724.651706586
25,792.480611604
26,861.567207794
27,762.898320239
28,747.943722448
29,869.368406803
30,875.91327414
31,880.388784571
32,914.132973783
33,924.419471686
34,1047.42619353
35,1102.55985378
36,1115.80848605
37,1039.09599872
38,1181.36443957
39,1097.08365965
40,1264.81178053
41,1202.50026145
42,1152.82181854
43,1147.76467368
44,1145.46425656
45,1173.65844374
46,1158.87806105
47,1372.17170954
48,1368.83706595
49,1312.87219466
50,1366.69948477
51,1339.3833236
52,1557.31995439
53,1344.89046952
54,1414.35681595
55,1452.41845698
56,1494.46558178
57,1453.72753983
58,1322.99724023
59,1405.58017445
60,1534.65710409
61,1521.77743942
62,1468.62969633
63,1539.52235962
64,1501.68585918
65,1588.02120048
66,1480.37641581
67,1617.74127128
68,1619.05824191
69,1615.17585493
70,1620.47563609
71,1645.41532937
72,1588.54515802
73,1633.09463693
74,1695.08877377
75,1731.93105627
76,1669.24376246
77,1655.3951004
78,1603.16372609
79,1569.46198148
80,1617.9922373
81,1766.1255822
82,1733.85331841
83,1664.83718313
84,1651.0996537
85,1651.79982298
86,1752.06877057
87,1660.88827457
88,1768.28384804
89,1723.11246293
90,1766.99799774
91,1609.75194887
92,1668.81565535
93,1601.61095307
94,1701.88549228
95,1662.91920978
96,1628.72634576
97,1745.95416898
98,1652.13834896
99,1699.41620881
100,1676.44609681
101,1557.54874157
102,1560.2282776
103,1598.0371434
104,1504.74664041
105,1615.73806224
106,1473.1631212
107,1668.33228116
108,1505.73492004
109,1648.33796065
110,1487.32619716
111,1434.56709047
112,1491.94058809
113,1478.18938652
114,1342.61403814
115,1521.96686469
116,1352.48492306
117,1440.22091302
118,1435.5354719
119,1393.82452957
120,1358.81914219
121,1364.14031529
122,1256.707819
123,1257.67433551
124,1217.38826056
125,1390.06942068
126,1365.3082965
127,1258.36301925
128,1132.61198421
129,1200.00622981
130,1287.42104388
131,1125.84786986
132,1195.52253756
133,1048.69177014
134,1145.50403496
135,1007.1535436
136,965.783275827
137,963.27830284
138,947.223058542
139,921.866359785
140,1016.49962831
141,945.885256214
142,895.004568674
143,817.647575015
144,799.295783445
145,793.400718929
146,744.761084579
147,768.659251325
148,810.073118208
149,668.757831751
150,832.857236154
151,611.168832649
152,673.162452202
153,823.938149222
154,694.542107067
155,588.980503073
156,520.963477946
157,599.323864325
158,532.589633131
159,482.385942999
160,507.10543884
161,425.389823249
162,624.45480125
163,530.63149931
164,442.381486913
165,413.438964515
166,300.101677781
167,377.474431052
168,265.873163739
169,195.202924772
170,376.755167989
171,153.500414452
172,175.12201114
173,129.056174541
174,82.3486131135
175,169.167760971
176,-4.29997539756
177,66.6704134008
178,18.1752971925
179,-61.8935799863
180,9.89413337934
181,-37.3754645028
182,-70.2602096765
183,20.2752853483
184,-32.4874757221
185,-97.338693781
186,-100.146920221
187,-183.652568512
188,-165.339321719
189,-92.2160078855
190,-190.762867402
191,-196.857769166
192,-83.0167627407
193,-294.817558782
194,-194.361325128
195,-152.808963799
196,-372.470221551
197,-312.260588781
198,-357.40385504
199,-380.378525518
200,-435.178296859
201,-439.55272034
202,-300.363754285
203,-362.468081739
204,-363.2663708
205,-321.027021936
206,-470.359446138
207,-398.801272844
208,-472.981728179
209,-515.707350404
210,-425.318941691
211,-498.928108186
212,-587.248068303
213,-537.986002451
214,-423.907940849
215,-455.359292162
216,-650.089323245
217,-547.34397916
218,-500.896597046
219,-682.881391494
220,-473.493163221
221,-617.391045793
222,-564.037513686
223,-601.959886533
224,-480.1110907
225,-700.07522666
226,-608.331422177
227,-676.600292784
228,-573.07557799
229,-444.781245356
230,-711.158316796
231,-608.030269851
232,-613.573775226
233,-492.580305135
234,-670.107471213
235,-562.946719627
236,-474.973790337
237,-610.667699879
238,-638.419659102
239,-595.330869819
240,-543.327374624
241,-645.362754804
242,-452.681271292
243,-560.303430839
244,-759.776547487
245,-624.412988518
246,-427.655192805
247,-598.070078799
248,-526.561217896
249,-506.424690293
250,-612.379837589
251,-453.178584646
252,-446.595253355
253,-331.444371199
254,-378.477544912
255,-433.033737218
256,-431.097199414
257,-368.088125331
258,-459.497331183
259,-373.871033473
260,-340.66625978
261,-310.510611214
262,-413.503077674
263,-212.029750487
264,-248.417082947
265,-102.198294111
266,-395.861901676
267,-284.550445929
268,-344.950324282
269,-233.207961994
270,-160.949595445
271,-41.3024366007
272,-172.450272004
273,-204.432099302
274,-119.101492545
275,-30.7197241256
276,-39.0355853296
277,64.9130944022
278,-26.2732009726
279,-98.0542162706
280,110.915343782
281,-10.9224180109
282,137.016758097
283,155.116879801
284,170.672228021
285,292.945163087
286,182.33770115
287,130.399502628
288,255.246264245
289,261.590932465
290,350.752338892
291,449.594922883
292,233.276737906
293,374.865797602
294,423.672379778
295,486.561288591
296,427.134114971
297,533.626011821
298,562.463707538
299,564.182809875
300,586.083830782
301,729.084197634
302,702.979504098
303,824.369996719
304,696.832444399
305,658.168335438
306,749.149521689
307,814.977495933
308,822.048860326
309,840.729735666
310,789.054469835
311,875.559051989
312,885.511823873
313,1016.45279912
314,1050.28980509
315,1166.38802752
316,1064.94730731
317,1186.94334877
318,1116.82948685
319,1074.52159532
320,1244.11454775
321,1207.51017502
322,1216.21836811
323,1252.75383403
324,1414.7523451
325,1479.8692311
326,1470.47449865
327,1410.16794816
328,1367.06006737
329,1506.19907781
330,1599.65229832
331,1610.0983082
332,1602.85075179
333,1625.99579199
334,1579.83092782
335,1700.54782078
336,1702.09969576
337,1731.84484346
338,1741.33036343
339,1701.86153474
340,1770.15702552
341,1894.53401014
342,1870.53950854
343,1896.16884522
344,1908.96529226
345,2048.40280301
346,1976.73330255
347,2019.25748769
348,2037.97773868
349,1984.47786779
350,2073.28974362
351,2194.17029246
352,2159.75566347
353,2048.19636376
354,2180.46674245
355,2238.02849528
356,2215.86274427
357,2299.26330048
358,2253.53232479
359,2212.8347631
360,2360.53003893
361,2348.22107143
362,2388.56793892
363,2443.83671387
364,2403.4478165
365,2292.77212663
366,2435.65099975
367,2328.91677319
368,2425.11205336
369,2547.68990598
370,2374.48965685
371,2520.39125111
372,2485.31800557
373,2522.33893815
374,2627.71955493
375,2604.96136324
376,2678.14933846
377,2518.93260235
378,2550.27997755
379,2570.50492706
380,2626.47086514
381,2575.58199911
382,2598.99889751
383,2597.97788694
384,2719.49795894
385,2724.43371086
386,2758.86906041
387,2890.55889411
388,2696.02582048
389,2764.14603705
390,2953.55955747
391,2767.02803242
392,2727.35271291
393,2667.68265436
394,2701.83680978
395,2624.11064159
396,2635.17767193
397,2720.31561143
398,2773.43828312
399,2754.7849142
400,2724.81671627
401,2623.38381897
402,2798.84131477
403,2783.61474258
404,2864.15719069
405,2615.43729198
406,2724.1695951
407,2865.57380912
408,2745.79540373
409,2831.50615226
410,2769.15611494
411,2732.71090481
412,2782.03786747
413,2582.85686819
414,2679.65343343
415,2739.3856763
416,2783.6078843
417,2734.4070767
418,2684.72625391
419,2742.49892122
420,2652.56003762
421,2562.67115049
422,2628.4543194
423,2607.23948931
424,2633.28625824
425,2567.66352723
426,2628.29629995
427,2715.07752821
428,2427.50359808
429,2582.4423034
430,2475.13603776
431,2466.83784608
432,2367.20055072
433,2461.97734765
434,2487.98210326
435,2346.33904854
436,2568.37159883
437,2359.48776358
438,2233.9392964
439,2369.59372681
440,2526.28151643
441,2453.90490239
442,2412.19803172
443,2358.12535408
444,2315.16626892
445,2231.28706108
446,2135.02663348
447,2063.65533339
448,2116.92447009
449,2052.89169096
450,2087.92433755
451,2188.13952937
452,2051.71567486
453,1983.18169318
454,2001.04703364
455,1925.54314359
456,2081.85513195
457,1895.23121025
458,1968.42007344
459,1996.61763943
460,2017.35369952
461,2042.93672514
462,1759.7817272
463,1926.56516758
464,1797.45900168
465,1800.1006171
466,1891.5472717
467,1721.44884133
468,1788.49626186
469,1709.26646044
470,1656.71261886
471,1767.22844277
472,1626.66399064
473,1603.04391935
474,1643.0926563
475,1634.15379561
476,1479.16073038
477,1601.72223466
478,1450.76222772
479,1408.6370837
480,1281.65025984
481,1412.77498442
482,1421.49554471
483,1324.74230336
484,1439.25346445
485,1371.29597265
486,1310.69081056
487,1408.41567409
488,1150.01641321
489,1253.74942619
490,1270.4645066
491,1116.88117514
492,1146.63629323
493,1138.43117031
494,1088.53742669
495,1103.03900873
496,1065.29891572
497,995.692936721
498,1087.46630827
499,971.410461851
500,947.087575229
501,1005.23284853
502,1071.21113761
503,805.888561712
504,925.392417823
505,920.261389179
506,875.167957795
507,1036.2517989
508,925.452720498
509,780.322157124
510,756.322731386
511,848.406855342
512,838.222819855
513,801.355772033
514,691.320127365
515,756.898025227
516,697.950122986
517,819.946184233
518,613.524279444
519,662.591870548
520,573.985268807
521,563.959341006
522,621.375987352
523,592.354678048
524,561.813904867
525,696.041232401
526,581.476014782
527,658.624720402
528,485.549734804
529,528.488874447
530,437.456958583
531,631.149440414
532,451.385449008
533,618.460025059
534,436.65513729
535,494.081236447
536,290.938615305
537,472.355641499
538,486.269189545
539,344.839229691
540,457.067718575
541,449.837955093
542,341.326381256
543,533.76852188
544,382.433242908
545,452.124344848
546,507.408008912
547,430.264075447
548,521.197471573
549,478.834668021
550,577.228392515
551,426.948952004
552,394.586188115
553,506.014017898
554,470.810278222
555,468.337362256
556,529.776056256
557,534.709062735
558,507.932149981
559,558.537008028
560,574.453097637
561,588.040336482
562,605.939095443
563,638.294600363
564,546.335384339
565,534.921888208
566,489.712974553
567,571.18944326
568,533.999742406
569,641.276113474
570,610.755101735
571,598.612270135
572,582.646437205
573,670.682745772
574,638.821410239
575,607.197172543
576,612.325929076
577,806.98260305
578,697.54540858
579,708.83836796
580,760.03962413
581,758.188758804
582,786.247023973
583,814.774446198
584,813.807717116
585,799.053336184
586,948.009473284
587,910.516459294
588,837.136466033
589,1018.70491371
590,860.178660478
591,977.855274345
592,1008.97037022
593,986.191368877
594,1097.05414212
595,993.931595506
596,1233.23603969
597,1176.3600811
598,1296.22097232
599,1246.86544301
600,1107.22149049
601,1299.28839097
602,1311.73327192
603,1379.60370055
604,1410.22176963
605,1393.88564693
606,1433.91141693
607,1375.8448343
608,1557.78113015
609,1348.5520243
610,1368.99994351
611,1439.76713303
612,1625.23723628
613,1511.37757874
614,1592.32888153
615,1655.23476228
616,1644.93886146
617,1561.37631898
618,1822.54394182
619,1764.58622484
620,1838.22891464
621,1831.56745753
622,1824.33342974
623,1900.09730167
624,1981.68888571
625,1847.85684725
626,1903.75612639
627,2109.47872678
628,1983.96562255
629,2080.60327689
630,2009.36537728
631,2190.8680601
632,2215.4784359
633,2185.35726184
634,2346.12733509
635,2230.73159938
636,2277.43692433
637,2407.4693681
638,2392.87705574
639,2451.76596856
640,2526.2625374
641,2470.26075799
642,2529.73095888
643,2468.6587508
644,2577.58075421
645,2552.93596477
646,2695.62020726
647,2631.61373415
648,2666.93002416
649,2694.15420138
650,2579.37575503
651,2682.55834158
652,2921.48652321
653,2860.99592934
654,2842.19477389
655,2856.42420166
656,2884.20573939
657,2954.66544434
658,11436.7553323
659,11436.7553323
660,2995.12590061
661,2942.61652404
662,3027.66935686
663,3120.25415768
664,3007.07295042
665,3207.52056506
666,3243.79827648
667,3184.02405043
668,3228.09204536
669,3328.19898614
670,3214.99400762
671,3213.03002584
672,3220.48503407
673,3255.37766317
674,3296.02172252
675,3394.43583135
676,3322.11285843
677,3390.26201008
678,3440.90959223
679,3358.2020625
680,3569.75419959
681,3580.69627912
682,3378.06475455
683,3489.75563769
684,3515.05633691
685,3570.50696672
686,3491.6798481
687,3564.21867375
688,3661.99982005
689,3691.73740603
690,3652.10270924
691,3673.68759251
692,3617.24957836
693,3644.64748307
694,3770.98809832
695,3704.98380358
696,3663.24097803
697,3838.53181762
698,3691.23010136
699,3822.70142351
700,3792.92103465
701,3787.22129108
702,3746.31845547
703,3838.85631217
704,3666.34213508
705,3719.16733642
706,3777.91965994
707,3811.65920924
708,3812.60607382
709,3789.17747512
710,3792.44186215
711,3849.7082272
712,3771.89330195
713,3665.42776056
714,3822.6709882
715,3884.56605678
716,3893.24049545
717,3802.72861873
718,3818.35590704
719,3928.72929674
720,3773.84302468
721,3807.8503419
722,3848.66462016
723,3764.93416703
724,3773.79219543
725,3842.46517189
726,3745.75537944
727,3823.88492392
728,3700.34000571
729,3635.45902074
730,3815.5908887
731,3754.48672952
732,3724.85926209
733,3710.01616312
734,3808.33458063
735,3651.14564598
736,3786.19959472
737,3633.64029649
738,3686.50507639
739,3669.45838272
740,3713.38247761
741,3534.00741235
742,3628.96570087
743,3623.92056923
744,3659.50194145
745,3685.30890904
746,3521.18026403
747,3598.99495976
748,3592.04120355
749,3628.34718169
750,3521.67229484
751,3592.67416731
752,3500.29410459
753,3455.70614848
754,3495.18451377
755,3460.72620697
756,3449.36886148
757,3474.52463709
758,3363.66801368
759,3347.58825524
760,3330.13514605
761,3400.59622584
762,3442.48250455
763,3351.76791822
764,3336.02369294
765,3366.62833979
766,3178.93833307
767,3093.37829522
768,3096.94092839
769,3171.62389504
770,3132.78893129
771,2915.66710167
772,3169.82612603
773,3047.05761032
774,3035.45342026
775,3044.9980768
776,2899.66573495
777,2918.82256017
778,3018.63616256
779,3061.40869594
780,2946.16117735
781,2925.66862356
782,2727.78589455
783,2899.55286981
784,2880.24569235
785,2750.94458932
786,2765.06755086
787,2792.84245547
788,2855.6236043
789,2599.50971887
790,2726.91689168
791,2727.13266943
792,2669.86246548
793,2601.34870386
794,2545.363941
795,2543.53700728
796,2569.25841545
797,2406.88699861
798,2372.56915936
799,2384.86957823
800,2310.41431665
801,2269.25732147
802,2462.09930371
803,2275.41266517
804,2281.58069648
805,2213.68795363
806,2307.69023755
807,2285.98546052
808,2310.27457015
809,2170.7213301
810,2269.47509995
811,2169.14748109
812,2045.44045474
813,2198.00811293
814,2202.51200822
815,2131.07428456
816,2022.89537467
817,1937.61601306
818,2015.66915207
819,1897.68951238
820,1844.9796419
821,2004.62077396
822,1914.59563151
823,1889.03637192
824,1853.56240922
825,1974.88337288
826,1751.54574512
827,1815.49608832
828,1870.61311643
829,1834.77588095
830,1754.60539596
831,1778.45805015
832,1754.1495854
833,1872.71320516
834,1746.30357237
835,1678.77324043
836,1796.20006771
837,1608.74924894
838,1724.87838049
839,1762.11477164
840,1580.4741807
841,1675.24550883
842,1709.20347784
843,1710.97845168
844,1730.28008601
845,1749.19132123
846,1618.65299685
847,1536.22407361
848,1535.07940397
849,1631.12437946
850,1463.56642554
851,1604.75246171
852,1481.75325619
853,1493.10768424
854,1578.64786717
855,1508.61901152
856,1488.3105943
857,1497.19184108
858,1642.61325805
859,1442.94311355
860,1546.8692944
861,1505.36460044
862,1748.71154643
863,1527.69219295
864,1669.09979931
865,1602.82247545
866,1432.40962316
867,1582.90949208
868,1598.9837004
869,1555.15204126
870,1419.12042925
871,1722.02190796
872,1554.73038704
873,1474.58225732
874,1669.26794986
875,1570.20612815
876,1612.84690228
877,1548.33391325
878,1485.22718145
879,1609.78630024
880,1684.84170096
881,1640.69377682
882,1654.77677053
883,1680.04019448
884,1704.54956857
885,1670.18412553
886,1680.25426609
887,1663.24312662
888,1631.27676093
889,1641.60101146
890,1703.21137812
891,1721.90332871
892,1762.93689004
893,10240.0792338
894,10240.0792338
895,1948.23386148
896,1886.2687887
897,1896.88813378
898,1895.55207952
899,1851.54138479
900,1894.52735897
901,1930.50911292
902,1983.82868588
903,1996.28802377
904,2148.59773853
905,2018.19680208
906,2011.59501525
907,1971.21243892
908,2039.72078057
909,2318.70520249
910,2179.91114889
911,2247.25390233
912,2222.20085501
913,2245.14658896
914,2246.14719006
915,2323.21586824
916,2412.28149522
917,2400.12058948
918,2347.05936287
919,2397.36293497
920,2314.21870216
921,2525.52163911
922,2601.30857717
923,2393.34760654
924,2527.70350487
925,2495.0927172
926,2501.39569119
927,2691.3509527
928,2727.5717211
929,2818.32637446
930,2739.36874635
931,2604.27923926
932,2798.43324819
933,2744.6048012
934,2810.05468512
935,2871.82282969
936,2890.22272181
937,2972.31266819
938,2900.20318738
939,2929.53713622
940,3021.6747563
941,3102.00087366
942,3042.95762986
943,3054.48463297
944,3061.47492695
945,3111.12929662
946,3175.56830385
947,3144.19822015
948,3307.31318719
949,3143.47328904
950,3309.76654091
951,3249.31409267
952,3469.38912721
953,3377.8312611
954,3525.26285132
955,3446.27335776
956,3491.80326412
957,3465.17806965
958,3349.42097194
959,3715.64458004
960,3528.93688191
961,3841.47689327
962,3712.53205547
963,3679.15765924
964,3798.65124852
965,3841.09103161
966,3791.72233106
967,3846.69453511
968,3996.80478725
969,3794.8168702
970,3919.5528989
971,4007.61218804
972,3878.7624459
973,3879.73591871
974,4130.36774528
975,4008.21148782
976,4014.44440594
977,4112.02985736
978,4101.41851401
979,4126.95294339
980,4091.34339114
981,4152.86924053
982,4302.34576187
983,4302.09604927
984,4245.45149378
985,4485.96527655
986,4442.9525015
987,4308.29233233
988,4376.37137051
989,4175.6750154
990,4495.14124516
991,4488.21212061
992,4434.0435554
993,4476.05292619
994,4515.95808105
995,4601.62507424
996,4479.61615701
997,4642.82798806
998,4638.9270388
999,4553.05033003
1000,4599.83089898
1001,4767.64734997
1002,4642.03989069
1003,4570.24046807
1004,4579.57237567
1005,4693.96852482
1006,4730.12292853
1007,4744.6355294
1008,4721.28296156
1009,4612.48354084
1010,4732.95046498
1011,4842.29682162
1012,4622.8940212
1013,4841.76052068
1014,4703.59977584
1015,4802.12131012
1016,4726.9694999
1017,4893.26990748
1018,4800.76795619
1019,4880.10876981
1020,4800.08533451
1021,4779.08435738
1022,4761.5558204
1023,4791.75153027
1024,4853.16356347
1025,4980.70532393
1026,4926.20915096
1027,4843.30014634
1028,4907.9746019
1029,4821.65431169
1030,4850.23102234
1031,4905.76942941
1032,5085.24133748
1033,4910.51717078
1034,4900.34607291
1035,4728.20540399
1036,4973.08287752
1037,4975.59605874
1038,4768.53813805
1039,4879.88871122
1040,4816.38496522
1041,4879.49050335
1042,4830.17260024
1043,4932.71024124
1044,4869.01990631
1045,4852.75834053
1046,4866.82663576
1047,4702.34451308
1048,4739.60296857
1049,4911.12246092
1050,4818.22690834
1051,4823.71341893
1052,4684.63596349
1053,4927.80738216
1054,4723.9422714
1055,4785.02223282
1056,4719.62547435
1057,4791.03441504
1058,4647.63954972
1059,4768.55801387
1060,4755.87973385
1061,4614.04375726
1062,4537.57088053
1063,4668.45021347
1064,4457.551777
1065,4660.00436352
1066,4645.25143475
1067,4630.71981056
1068,4533.17184138
1069,4669.31002565
1070,4511.29718802
1071,4434.48087324
1072,4457.13717885
1073,4376.01631295
1074,4355.62365677
1075,4441.22035954
1076,4410.0364893
1077,4348.20108471
1078,4350.36218654
1079,4334.01882755
1080,4302.18738053
1081,4428.17829989
1082,4238.83015228
1083,4308.02325997
1084,4212.83559598
1085,4139.30197591
1086,4125.46621288
1087,4180.56734329
1088,4105.9190511
1089,4134.66041184
1090,4124.36088537
1091,4128.96885322
1092,3980.4345121
1093,4126.29922295
1094,3869.70049344
1095,3845.14934437
1096,4038.33689871
1097,4021.69443928
1098,3827.16931156
1099,3920.32588982
1100,3766.15376867
1101,3949.40034123
1102,3816.28915949
1103,3777.06740173
1104,3738.54777844
1105,3649.92242737
1106,3773.87296777
1107,3689.38682339
1108,3700.03178267
1109,3582.92123225
1110,3585.81275294
1111,3608.89354207
1112,3443.34130887
1113,3476.12004223
1114,3475.08949616
1115,3535.77085693
1116,3404.32228568
1117,3370.60899079
1118,3453.99539905
1119,3346.98183451
1120,3449.62029281
1121,3234.45158172
1122,3304.91864536
1123,3252.06180608
1124,3249.7186604
1125,3315.45460448
1126,3292.47438396
1127,3166.21626252
1128,3065.92280744
1129,3123.14704785
1130,3251.48200277
1131,3134.51616442
1132,3052.80324242
1133,3095.79942321
1134,3133.65534473
1135,3186.79502084
1136,3074.71109525
1137,2946.96708473
1138,3160.29873676
1139,2986.56613745
1140,3063.24332436
1141,3037.17638261
1142,2782.82485204
1143,3027.16371183
1144,2886.38884059
1145,2818.62289594
1146,2867.74513816
1147,2852.9511888
1148,2834.15176008
1149,2807.40008693
1150,2910.6066068
1151,2863.62414452
1152,2801.18256293
1153,2723.28382226
1154,2840.75240532
1155,2789.64928099
1156,2699.72427172
1157,2683.75914791
1158,2691.01358818
1159,2687.51235514
1160,2716.75555982
1161,2743.39309153
1162,2687.8253238
1163,2544.7738539
1164,2682.24527413
1165,2728.63039269
1166,2550.81863148
1167,2503.73509824
1168,2688.8884862
1169,2600.50642616
1170,2660.18398153
1171,2603.12251287
1172,2740.51083074
1173,2699.78788646
1174,2658.83653914
1175,2670.37096461
1176,2677.90817767
1177,2690.09756779
1178,2543.89029694
1179,2723.48189601
1180,2511.06998663
1181,2460.88464436
1182,2602.6699576
1183,2663.74518338
1184,2650.78746733
1185,2668.07827825
1186,2638.58463529
1187,2593.57731128
1188,2652.28617263
1189,2776.58611768
1190,2635.53379026
1191,2697.66335168
1192,2705.34730395
1193,2765.73313078
1194,2610.15482931
1195,2670.64026783
1196,2727.83729751
1197,2688.05742549
1198,2742.01145417
1199,2722.7667398
1200,2684.6792502
1201,2650.48623655
1202,2837.18621355
1203,2800.28255836
1204,2860.88379781
1205,2657.90686748
1206,2912.50038146
1207,2877.12565195
1208,2836.7674856
1209,2924.0228418
1210,2922.962911
1211,2965.69269428
1212,2976.67897879
1213,2969.53481146
1214,2987.07788129
1215,2953.48509651
1216,3048.98273511
1217,2999.14680399
1218,3151.19015528
1219,3086.93605072
1220,3203.70388888
1221,3098.48030711
1222,3131.5038453
1223,3228.78715654
1224,3272.83238867
1225,3135.54287293
1226,3299.84193329
1227,3342.71182096
1228,3258.30637919
1229,3364.85227131
1230,3294.16110439
1231,3328.60924108
1232,3379.90552536
1233,3369.46151831
1234,3550.57659655
1235,3469.827631
1236,3470.18554749
1237,3411.7127597
1238,3560.67046975
1239,3528.96682514
1240,3583.16404609
1241,3615.9907833
1242,3550.98480931
1243,3731.98785342
1244,3743.25832933
1245,3786.93883731
1246,3726.98308525
1247,3685.10039671
1248,3985.74292105
1249,3978.02871723
1250,3875.68437944
1251,3836.22376673
1252,3956.13007625
1253,3996.89709254
1254,3883.42915993
1255,4041.5626906
1256,4098.5097824
1257,4243.86531047
1258,4076.40597285
1259,4357.50995364
1260,4307.24240891
1261,4244.42646931
1262,4253.60806081
1263,4339.86075128
1264,4433.0335268
1265,4476.02674543
1266,4418.12455094
1267,4380.72488614
1268,4545.74418781
1269,4572.84307202
1270,4487.41102741
1271,4485.35342841
1272,4582.01575406
1273,4646.88642935
1274,4636.18135663
1275,4608.80671281
1276,4653.03796355
1277,4801.66831966
1278,4822.04795959
1279,4827.14501659
1280,4786.2312082
1281,4851.10791107
1282,4811.65642044
1283,4984.37360455
1284,4822.31426121
1285,4960.64776677
1286,4989.27125507
1287,4989.10174068
1288,5237.32258632
1289,5247.15293276
1290,5080.58954906
1291,5175.783363
1292,5194.26358249
1293,5229.00740601
1294,5258.11091957
1295,5201.29910177
1296,5120.5509661
1297,5267.57402084
1298,5371.67634506
1299,5307.11638049
1300,5395.37277956
1301,5340.14366691
