1,1.10083333333,0.0
2,1.14777777778,0.0
3,1.05388888889,0.0
4,1.05194444444,0.0
5,1.08,0.0
6,1.00888888889,0.0
7,0.963611111111,0.0
8,0.958888888889,0.0
9,0.995,0.0
10,0.914444444444,0.0
11,0.8875,0.0
12,0.8875,0.0
13,0.824722222222,0.0
14,0.854722222222,0.0
15,0.843055555556,0.0
16,0.765555555556,0.0
17,0.892777777778,0.0
18,1.01861111111,0.0
19,1.15777777778,0.0
20,1.19777777778,0.0
21,1.16805555556,0.0
22,1.21416666667,0.0
23,1.20666666667,0.0
24,1.04777777778,0.0
25,0.981666666667,0.0
26,0.992777777778,0.0
27,0.963333333333,0.0
28,0.888055555556,0.0
29,0.908611111111,0.0
30,0.873333333333,0.0
31,0.870277777778,0.0
32,0.874722222222,0.0
33,0.906666666667,0.0
34,0.903055555556,0.0
35,0.871944444444,0.0
36,0.782777777778,0.0
37,0.835277777778,0.0
38,0.809166666667,0.0
39,0.792222222222,0.0
40,0.814722222222,0.0
41,0.8825,0.0
42,0.943333333333,0.0
43,1.11777777778,0.0
44,1.24722222222,0.0
45,1.28944444444,0.0
46,1.2825,0.0
47,1.14,0.0
48,1.14555555556,0.0
49,1.05111111111,0.0
50,1.08416666667,0.0
51,0.994166666667,0.0
52,1.07972222222,0.0
53,0.9125,0.0
54,1.03111111111,0.0
55,0.924166666667,0.0
56,0.966666666667,0.0
57,0.9525,0.0
58,0.985,0.0
59,0.955,0.0
60,0.935,0.0
61,0.897222222222,0.0
62,0.788333333333,0.0
63,0.771111111111,0.0
64,0.837777777778,0.0
65,0.860555555556,0.0
66,0.984722222222,0.0
67,1.17722222222,0.0
68,1.27166666667,0.0
69,1.25694444444,0.0
70,1.24888888889,0.0
71,1.18944444444,0.0
72,1.20194444444,0.0
73,1.14138888889,0.0
74,1.17888888889,0.0
75,1.08277777778,0.0
76,0.992777777778,0.0
77,1.03805555556,0.0
78,0.972777777778,0.0
79,0.93,0.0
80,1.01777777778,0.0
81,0.986666666667,0.0
82,0.928055555556,0.0
83,0.953888888889,0.0
84,0.805,0.0
85,0.776666666667,0.0
86,0.850833333333,0.0
87,0.769722222222,0.0
88,0.809722222222,0.0
89,0.919444444444,0.0
90,1.05083333333,0.0
91,1.20194444444,0.0
92,1.31555555556,0.0
93,1.24611111111,0.0
94,1.14888888889,0.0
95,1.15722222222,0.0
96,1.14833333333,0.0
97,1.07555555556,0.0
98,1.14333333333,0.0
99,1.04333333333,0.0
100,1.02,0.0
101,0.964166666667,0.0
102,0.903611111111,0.0
103,0.952222222222,0.0
104,0.993888888889,0.0
105,0.954166666667,0.0
106,0.940277777778,0.0
107,0.832222222222,0.0
108,0.835277777778,0.0
109,0.811388888889,0.0
110,0.816388888889,0.0
111,0.808888888889,0.0
112,0.880277777778,0.0
113,0.877222222222,0.0
114,1.00555555556,0.0
115,1.09888888889,0.0
116,1.27277777778,0.0
117,1.22722222222,0.0
118,1.18611111111,0.0
119,1.14666666667,0.0
120,1.05972222222,0.0
121,1.09111111111,0.0
122,1.05055555556,0.0
123,1.1175,0.0
124,1.03722222222,0.0
125,0.955555555556,0.0
126,0.997777777778,0.0
127,0.961944444444,0.0
128,1.04944444444,0.0
129,1.015,0.0
130,1.08055555556,0.0
131,0.913611111111,0.0
132,0.869166666667,0.0
133,0.833055555556,0.0
134,0.765555555556,0.0
135,0.794444444444,0.0
136,0.841944444444,0.0
137,0.925,0.0
138,0.984722222222,0.0
139,1.15305555556,0.0
140,1.27916666667,0.0
141,1.22472222222,0.0
142,1.235,0.0
143,1.09638888889,0.0
144,1.12638888889,0.0
145,1.00416666667,0.0
146,1.06388888889,0.0
147,1.15055555556,0.0
148,1.01805555556,0.0
149,0.946388888889,0.0
150,0.855833333333,0.0
151,0.986111111111,0.0
152,0.930277777778,0.0
153,0.978055555556,0.0
154,0.886111111111,0.0
155,0.840555555556,0.0
156,0.7825,0.0
157,0.730833333333,0.0
158,0.722222222222,0.0
159,0.677777777778,0.0
160,0.815833333333,0.0
161,0.865,0.0
162,0.974722222222,0.0
163,1.16638888889,0.0
164,1.17166666667,0.0
165,1.23166666667,0.0
166,1.13222222222,0.0
167,1.11055555556,0.0
168,1.05555555556,0.0
169,1.025,0.0
170,1.00222222222,0.0
171,1.06305555556,0.0
172,0.965277777778,0.0
173,0.903888888889,0.0
174,0.943888888889,0.0
175,0.788611111111,0.0
176,0.821388888889,0.0
177,0.928055555556,0.0
178,0.926666666667,0.0
179,0.8525,0.0
180,0.906388888889,0.0
181,0.845555555556,0.0
182,0.856666666667,0.0
183,0.828333333333,0.0
184,0.7925,0.0
185,0.9225,0.0
186,0.924722222222,0.0
187,1.09444444444,0.0
188,1.19333333333,0.0
189,1.17027777778,0.0
190,1.15277777778,0.0
191,1.09972222222,0.0
192,1.14666666667,0.0
193,0.986666666667,0.0
194,1.09861111111,0.0
195,1.04583333333,0.0
196,0.976944444444,0.0
197,0.832222222222,0.0
198,0.873055555556,0.0
199,0.782777777778,0.0
200,0.832222222222,0.0
201,0.826666666667,0.0
202,0.899722222222,0.0
203,0.831111111111,0.0
204,0.909444444444,0.0
205,0.903611111111,0.0
206,0.844722222222,0.0
207,0.756111111111,0.0
208,0.809722222222,0.0
209,0.817777777778,0.0
210,0.94,0.0
211,1.10111111111,0.0
212,1.185,0.0
213,1.23,0.0
214,1.07083333333,0.0
215,1.00916666667,0.0
216,1.06555555556,0.0
217,1.07611111111,0.0
218,0.995277777778,0.0
219,1.09083333333,0.0
220,1.00166666667,0.0
221,0.899166666667,0.0
222,0.831666666667,0.0
223,0.901388888889,0.0
224,0.944722222222,0.0
225,0.9075,0.0
226,0.899444444444,0.0
227,0.860555555556,0.0
228,0.844722222222,0.0
229,0.820555555556,0.0
230,0.735277777778,0.0
231,0.771388888889,0.0
232,0.863611111111,0.0
233,0.975555555556,0.0
234,1.02694444444,0.0
235,1.22416666667,0.0
236,1.30222222222,0.0
237,1.26472222222,0.0
238,1.16944444444,0.0
239,1.14916666667,0.0
240,1.16083333333,0.0
241,1.11611111111,0.0
242,1.08305555556,0.0
243,1.09055555556,0.0
244,1.06861111111,0.0
245,0.945833333333,0.0
246,0.895833333333,0.0
247,0.847777777778,0.0
248,0.934722222222,0.0
249,0.996944444444,0.0
250,0.971388888889,0.0
251,0.842222222222,0.0
252,0.993611111111,0.0
253,0.848055555556,0.0
254,0.751666666667,0.0
255,0.736944444444,0.0
256,0.815833333333,0.0
257,0.839166666667,0.0
258,1.01416666667,0.0
259,1.14333333333,0.0
260,1.18888888889,0.0
261,1.22027777778,0.0
262,1.21638888889,0.0
263,1.12138888889,0.0
264,1.13083333333,0.0
265,1.09916666667,0.0
266,1.00861111111,0.0
267,1.12166666667,0.0
268,0.960277777778,0.0
269,0.950555555556,0.0
270,0.868611111111,0.0
271,0.886388888889,0.0
272,0.824166666667,0.0
273,0.943888888889,0.0
274,0.935277777778,0.0
275,0.791388888889,0.0
276,0.781388888889,0.0
277,0.795555555556,0.0
278,0.740833333333,0.0
279,0.761944444444,0.0
280,0.738888888889,0.0
281,0.917777777778,0.0
282,1.01361111111,0.0
283,1.12944444444,0.0
284,1.2,0.0
285,1.13361111111,0.0
286,1.11,0.0
287,1.06527777778,0.0
288,1.05805555556,0.0
289,1.03555555556,0.0
290,1.01722222222,0.0
291,1.0875,0.0
292,1.05222222222,0.0
293,0.958333333333,0.0
294,0.931666666667,0.0
295,0.893055555556,0.0
296,0.8825,0.0
297,0.965,0.0
298,0.898055555556,0.0
299,0.814166666667,0.0
300,0.86,0.0
301,0.742777777778,0.0
302,0.798888888889,0.0
303,0.767222222222,0.0
304,0.763888888889,0.0
305,0.836944444444,0.0
306,0.997222222222,0.0
307,1.14111111111,0.0
308,1.12916666667,0.0
309,1.19555555556,0.0
310,1.07611111111,0.0
311,1.04555555556,0.0
312,1.07027777778,0.0
313,1.05277777778,0.0
314,1.01416666667,0.0
315,1.05972222222,0.0
316,0.993888888889,0.0
317,0.919444444444,0.0
318,0.897777777778,0.0
319,0.846388888889,0.0
320,0.919166666667,0.0
321,0.981111111111,0.0
322,0.8475,0.0
323,0.828055555556,0.0
324,0.841666666667,0.0
325,0.8275,0.0
326,0.8525,0.0
327,0.776111111111,0.0
328,0.8125,0.0
329,0.878888888889,0.0
330,1.00555555556,0.0
331,1.07222222222,0.0
332,1.18944444444,0.0
333,1.19722222222,0.0
334,1.16111111111,0.0
335,1.13694444444,0.0
336,0.980277777778,0.0
337,0.931388888889,0.0
338,1.01055555556,0.0
339,0.974166666667,0.0
340,0.995555555556,0.0
341,0.958888888889,0.0
342,0.840555555556,0.0
343,0.830277777778,0.0
344,0.822777777778,0.0
345,0.921388888889,0.0
346,0.9875,0.0
347,0.808611111111,0.0
348,0.838888888889,0.0
349,0.851388888889,0.0
350,0.811666666667,0.0
351,0.881666666667,0.0
352,0.814444444444,0.0
353,0.797777777778,0.0
354,0.901111111111,0.0
355,1.09833333333,0.0
356,1.14944444444,0.0
357,1.16055555556,0.0
358,1.11277777778,0.0
359,1.08833333333,0.0
360,1.03583333333,0.0
361,1.00333333333,0.0
362,0.979166666667,0.0
363,0.873333333333,0.0
364,0.839444444444,0.0
365,0.910555555556,0.0
366,0.843888888889,0.0
367,0.829722222222,0.0
368,0.871388888889,0.0
369,0.930555555556,0.0
370,0.820277777778,0.0
371,0.848888888889,0.0
372,0.822222222222,0.0
373,0.813888888889,0.0
374,0.829444444444,0.0
375,0.774722222222,0.0
376,0.848333333333,0.0
377,0.813333333333,0.0
378,0.993055555556,0.0
379,1.03027777778,0.0
380,1.15361111111,0.0
381,1.2175,0.0
382,1.08361111111,0.0
383,1.12888888889,0.0
384,1.04805555556,0.0
385,1.07638888889,0.0
386,1.04388888889,0.0
387,0.965833333333,0.0
388,0.951111111111,0.0
389,0.796111111111,0.0
390,0.779444444444,0.0
391,0.754166666667,0.0
392,0.859722222222,0.0
393,0.874166666667,0.0
394,0.908055555556,0.0
395,0.833888888889,0.0
396,0.863333333333,0.0
397,0.758611111111,0.0
398,0.760833333333,0.0
399,0.780833333333,0.0
400,0.790833333333,0.0
401,0.842777777778,0.0
402,0.977222222222,0.0
403,1.17166666667,0.0
404,1.22277777778,0.0
405,1.23944444444,0.0
406,1.20916666667,0.0
407,1.16388888889,0.0
408,1.09083333333,0.0
409,1.12,0.0
410,1.15444444444,0.0
411,1.03916666667,0.0
412,1.0625,0.0
413,1.01055555556,0.0
414,0.865833333333,0.0
415,0.914166666667,0.0
416,0.8875,0.0
417,0.9825,0.0
418,0.861666666667,0.0
419,0.833888888889,0.0
420,0.669444444444,0.0
421,0.630555555556,0.0
422,0.648611111111,0.0
423,0.610555555556,0.0
424,0.680833333333,0.0
425,0.777222222222,0.0
426,0.964444444444,0.0
427,1.09611111111,0.0
428,1.25666666667,0.0
429,1.29638888889,0.0
430,1.14694444444,0.0
431,1.10861111111,0.0
432,1.105,0.0
433,0.975833333333,0.0
434,1.10305555556,0.0
435,1.0325,0.0
436,0.972777777778,0.0
437,0.935,0.0
438,0.888333333333,0.0
439,0.911111111111,0.0
440,0.949444444444,0.0
441,0.953055555556,0.0
442,0.887222222222,0.0
443,0.810833333333,0.0
444,0.847222222222,0.0
445,0.868611111111,0.0
446,0.810277777778,0.0
447,3.93805555556,0.0449055054414
448,5.64638888889,0.0294127478997
449,0.796944444444,0.0975177345666
450,0.953888888889,0.0
451,1.05,0.0
452,1.1175,0.0
453,1.20527777778,0.0
454,1.49361111111,0.0673415827179
455,1.1075,0.0984109374706
456,2.07888888889,0.0881125978317
457,2.53472222222,0.0546941462831
458,2.70166666667,0.0145534550083
459,1.06527777778,0.0764058848172
460,1.00222222222,0.0
461,0.883611111111,0.0
462,0.887777777778,0.0
463,0.8775,0.0
464,1.30611111111,0.0862784357092
465,0.968888888889,0.0550233222723
466,0.912222222222,0.0
467,0.825555555556,0.0
468,0.808333333333,0.0
469,0.781944444444,0.0
470,0.7625,0.0
471,0.735277777778,0.0
472,0.821944444444,0.0
473,0.840277777778,0.0
474,0.935,0.0
475,1.04083333333,0.0
476,1.20388888889,0.0
477,1.16027777778,0.0
478,1.20527777778,0.0
479,1.08333333333,0.0
480,1.00083333333,0.0
481,1.02833333333,0.0
482,1.00166666667,0.0
483,0.961111111111,0.0
484,0.962222222222,0.0
485,0.888055555556,0.0
486,0.903888888889,0.0
487,0.863888888889,0.0
488,0.909722222222,0.0
489,0.929166666667,0.0
490,0.759444444444,0.0
491,0.839444444444,0.0
492,0.771111111111,0.0
493,0.746388888889,0.0
494,0.738611111111,0.0
495,0.831666666667,0.0
496,0.863333333333,0.0
497,1.00527777778,0.0
498,1.1075,0.0
499,1.21944444444,0.0
500,1.25861111111,0.0
501,1.33194444444,0.0
502,1.215,0.0
503,1.10361111111,0.0
504,1.035,0.0
505,1.02888888889,0.0
506,0.973611111111,0.0
507,1.01583333333,0.0
508,0.999722222222,0.0
509,0.915,0.0
510,0.831111111111,0.0
511,0.800277777778,0.0
512,0.856666666667,0.0
513,0.936666666667,0.0
514,0.803333333333,0.0
515,0.8825,0.0
516,0.794722222222,0.0
517,0.7775,0.0
518,0.816666666667,0.0
519,0.806666666667,0.0
520,0.785833333333,0.0
521,0.821388888889,0.0
522,0.966944444444,0.0
523,1.02138888889,0.0
524,1.15027777778,0.0
525,1.12194444444,0.0
526,1.08694444444,0.0
527,1.08333333333,0.0
528,0.929444444444,0.0
529,0.977777777778,0.0
530,0.97,0.0
531,0.992777777778,0.0
532,0.886944444444,0.0
533,0.925,0.0
534,0.773888888889,0.0
535,0.785555555556,0.0
536,0.805555555556,0.0
537,0.913888888889,0.0
538,0.828888888889,0.0
539,0.868611111111,0.0
540,0.842777777778,0.0
541,0.856944444444,0.0
542,0.7775,0.0
543,0.793888888889,0.0
544,0.787222222222,0.0
545,0.826388888889,0.0
546,0.963055555556,0.0
547,1.02472222222,0.0
548,1.15,0.0
549,1.18916666667,0.0
550,1.15833333333,0.0
551,1.10416666667,0.0
552,1.08388888889,0.0
553,0.961388888889,0.0
554,1.0975,0.0
555,0.976944444444,0.0
556,0.923888888889,0.0
557,0.855833333333,0.0
558,0.845277777778,0.0
559,0.796388888889,0.0
560,0.909444444444,0.0
561,0.944722222222,0.0
562,0.826388888889,0.0
563,0.891388888889,0.0
564,0.858333333333,0.0
565,0.818055555556,0.0
566,0.751944444444,0.0
567,0.685833333333,0.0
568,0.745277777778,0.0
569,0.868333333333,0.0
570,0.956944444444,0.0
571,1.11055555556,0.0
572,1.50388888889,0.0882161105892
573,1.19638888889,0.099810834898
574,1.10861111111,0.0
575,1.18833333333,0.0
576,1.1875,0.0
577,1.08194444444,0.0
578,1.00388888889,0.0
579,1.08111111111,0.0
580,1.0,0.0
581,0.894444444444,0.0
582,0.891666666667,0.0
583,0.878611111111,0.0
584,0.936666666667,0.0
585,0.871111111111,0.0
586,0.825555555556,0.0
587,0.840555555556,0.0
588,0.86,0.0
589,0.733888888889,0.0
590,0.754166666667,0.0
591,0.756944444444,0.0
592,0.8075,0.0
593,0.851388888889,0.0
594,0.982222222222,0.0
595,1.13166666667,0.0
596,1.17388888889,0.0
597,1.27861111111,0.0
598,1.0975,0.0
599,1.12472222222,0.0
600,1.11111111111,0.0
601,1.05777777778,0.0
602,1.08111111111,0.0
603,1.01222222222,0.0
604,1.03,0.0
605,0.706111111111,0.291656545439
606,0.869444444444,0.0
607,0.846666666667,0.0
608,0.914722222222,0.0
609,0.8775,0.0
610,0.858055555556,0.0
611,0.825277777778,0.0
612,0.796388888889,0.0
613,0.788611111111,0.0
614,0.747777777778,0.0
615,0.698333333333,0.0
616,0.800555555556,0.0
617,0.895,0.0
618,0.966666666667,0.0
619,1.16,0.0
620,1.17833333333,0.0
621,1.14888888889,0.0
622,1.09555555556,0.0
623,1.00583333333,0.0
624,1.10555555556,0.0
625,1.01,0.0
626,1.05388888889,0.0
627,1.03055555556,0.0
628,0.883888888889,0.0
629,0.951666666667,0.0
630,0.856944444444,0.0
631,0.802222222222,0.0
632,0.794166666667,0.0
633,0.926666666667,0.0
634,0.862222222222,0.0
635,0.850277777778,0.0
636,0.881111111111,0.0
637,0.841666666667,0.0
638,0.718333333333,0.0
639,0.698055555556,0.0
640,0.781666666667,0.0
641,0.805555555556,0.0
642,0.903055555556,0.0
643,1.07083333333,0.0
644,1.11611111111,0.0
645,1.14833333333,0.0
646,1.08138888889,0.0
647,1.06944444444,0.0
648,1.03527777778,0.0
649,1.0175,0.0
650,0.965277777778,0.0
651,1.00416666667,0.0
652,0.911111111111,0.0
653,0.849722222222,0.0
654,0.835833333333,0.0
655,0.953055555556,0.0
656,0.885,0.0
657,0.9625,0.0
658,0.880555555556,0.0
659,0.788611111111,0.0
660,0.744722222222,0.0
661,0.733333333333,0.0
662,0.716111111111,0.0
663,0.721666666667,0.0
664,0.753055555556,0.0
665,0.855555555556,0.0
666,0.962222222222,0.0
667,1.04138888889,0.0
668,1.11111111111,0.0
669,1.24861111111,0.0
670,1.30194444444,0.0
671,1.03833333333,0.0
672,1.0475,0.0
673,0.946666666667,0.0
674,1.01583333333,0.0
675,0.948611111111,0.0
676,0.980555555556,0.0
677,0.879166666667,0.0
678,0.818055555556,0.0
679,0.808333333333,0.0
680,0.833888888889,0.0
681,0.8875,0.0
682,0.829722222222,0.0
683,0.802777777778,0.0
684,0.801944444444,0.0
685,0.801388888889,0.0
686,0.735833333333,0.0
687,0.780555555556,0.0
688,0.720277777778,0.0
689,0.806388888889,0.0
690,0.858055555556,0.0
691,1.11638888889,0.0
692,1.13138888889,0.0
693,1.19277777778,0.0
694,1.12277777778,0.0
695,1.04277777778,0.0
696,1.02388888889,0.0
697,0.994444444444,0.0
698,0.929166666667,0.0
699,0.91,0.0
700,0.872777777778,0.0
701,0.895555555556,0.0
702,0.810555555556,0.0
703,0.821944444444,0.0
704,0.828611111111,0.0
705,0.854444444444,0.0
706,0.864166666667,0.0
707,0.827777777778,0.0
708,0.789444444444,0.0
709,0.784166666667,0.0
710,0.761388888889,0.0
711,0.766111111111,0.0
712,0.870833333333,0.0
713,0.826666666667,0.0
714,0.898888888889,0.0
715,1.08083333333,0.0
716,1.1875,0.0
717,1.21361111111,0.0
718,1.22805555556,0.0
719,1.07916666667,0.0
720,1.045,0.0
721,0.992777777778,0.0
722,1.01166666667,0.0
723,1.02555555556,0.0
724,1.04666666667,0.0
725,0.964166666667,0.0
726,0.92,0.0
727,0.894166666667,0.0
728,0.979444444444,0.0
729,0.936111111111,0.0
730,0.898333333333,0.0
731,0.955833333333,0.0
732,0.921944444444,0.0
733,0.8275,0.0
734,0.88,0.0
735,0.747777777778,0.0
736,0.837777777778,0.0
737,0.878055555556,0.0
738,1.05194444444,0.0
739,1.18305555556,0.0
740,1.28611111111,0.0
741,1.36916666667,0.0
742,1.37,0.0
743,1.33666666667,0.0
744,1.27222222222,0.0
745,1.08305555556,0.0
746,1.18527777778,0.0
747,1.105,0.0
748,1.02861111111,0.0
749,0.976111111111,0.0
750,0.960555555556,0.0
751,0.948333333333,0.0
752,0.986388888889,0.0
753,0.935277777778,0.0
754,0.909722222222,0.0
755,0.827777777778,0.0
756,0.856111111111,0.0
757,0.788055555556,0.0
758,0.769166666667,0.0
759,0.752222222222,0.0
760,0.807222222222,0.0
761,0.8325,0.0
762,0.910277777778,0.0
763,1.0725,0.0
764,1.14138888889,0.0
765,1.21,0.0
766,1.15472222222,0.0
767,1.16361111111,0.0
768,1.12027777778,0.0
769,1.03,0.0
770,1.06888888889,0.0
771,1.04194444444,0.0
772,0.963333333333,0.0
773,0.843055555556,0.0
774,0.860277777778,0.0
775,0.877777777778,0.0
776,0.876111111111,0.0
777,1.0125,0.0
778,0.910277777778,0.0
779,0.818611111111,0.0
780,0.798888888889,0.0
781,0.768055555556,0.0
782,0.729166666667,0.0
783,0.754166666667,0.0
784,0.722777777778,0.0
785,0.800555555556,0.0
786,0.905833333333,0.0
787,1.05111111111,0.0
788,1.13388888889,0.0
789,1.11388888889,0.0
790,1.12972222222,0.0
791,1.13666666667,0.0
792,1.05777777778,0.0
793,1.04416666667,0.0
794,1.00722222222,0.0
795,0.949722222222,0.0
796,0.945,0.0
797,0.824166666667,0.0
798,0.783611111111,0.0
799,0.834722222222,0.0
800,0.866944444444,0.0
801,0.903055555556,0.0
802,0.865555555556,0.0
803,0.7825,0.0
804,0.741388888889,0.0
805,0.730555555556,0.0
806,0.736944444444,0.0
807,0.750277777778,0.0
808,0.793888888889,0.0
809,0.853888888889,0.0
810,0.950833333333,0.0
811,1.03638888889,0.0
812,1.15583333333,0.0
813,1.12361111111,0.0
814,1.11333333333,0.0
815,1.19611111111,0.0
816,0.9925,0.0
817,0.918888888889,0.0
818,1.08861111111,0.0
819,0.985277777778,0.0
820,0.916388888889,0.0
821,0.901944444444,0.0
822,0.873333333333,0.0
823,0.908888888889,0.0
824,0.89,0.0
825,0.889444444444,0.0
826,0.928611111111,0.0
827,0.792777777778,0.0
828,0.789444444444,0.0
829,0.773333333333,0.0
830,0.801388888889,0.0
831,0.737777777778,0.0
832,0.758611111111,0.0
833,0.839166666667,0.0
834,1.02805555556,0.0
835,1.05944444444,0.0
836,1.13388888889,0.0
837,1.22555555556,0.0
838,1.18444444444,0.0
839,1.06611111111,0.0
840,1.02444444444,0.0
841,1.015,0.0
842,1.1525,0.0
843,3.98222222222,0.0431951249359
844,1.01611111111,0.273597992546
845,0.946111111111,0.0
846,0.922777777778,0.0
847,0.948888888889,0.0
848,0.978888888889,0.0
849,0.902777777778,0.0
850,0.908333333333,0.0
851,0.847777777778,0.0
852,0.828611111111,0.0
853,0.796666666667,0.0
854,0.758611111111,0.0
855,0.719166666667,0.0
856,0.744722222222,0.0
857,0.768888888889,0.0
858,0.987222222222,0.0
859,1.09944444444,0.0
860,1.13333333333,0.0
861,1.20777777778,0.0
862,1.16,0.0
863,1.11611111111,0.0
864,1.10027777778,0.0
865,1.14722222222,0.0
866,1.0775,0.0
867,0.976944444444,0.0
868,0.9075,0.0
869,0.838611111111,0.0
870,0.845833333333,0.0
871,0.821944444444,0.0
872,0.853055555556,0.0
873,0.924722222222,0.0
874,0.894444444444,0.0
875,0.826111111111,0.0
876,0.748333333333,0.0
877,0.806666666667,0.0
878,0.843333333333,0.0
879,0.767777777778,0.0
880,0.803888888889,0.0
881,0.839166666667,0.0
882,0.965555555556,0.0
883,1.12972222222,0.0
884,1.14527777778,0.0
885,1.16361111111,0.0
886,1.18333333333,0.0
887,1.08638888889,0.0
888,1.09972222222,0.0
889,1.00361111111,0.0
890,0.9925,0.0
891,0.923611111111,0.0
892,0.934722222222,0.0
893,0.885555555556,0.0
894,0.828333333333,0.0
895,0.903333333333,0.0
896,0.899166666667,0.0
897,0.873055555556,0.0
898,0.798055555556,0.0
899,0.861388888889,0.0
900,0.795277777778,0.0
901,0.730833333333,0.0
902,0.698888888889,0.0
903,0.725555555556,0.0
904,0.772777777778,0.0
905,0.831944444444,0.0
906,1.08888888889,0.0
907,1.00666666667,0.0
908,1.21083333333,0.0
909,1.18194444444,0.0
910,1.18777777778,0.0
911,1.10138888889,0.0
912,1.11,0.0
913,1.03416666667,0.0
914,1.12277777778,0.0
915,1.01083333333,0.0
916,0.944722222222,0.0
917,0.9225,0.0
918,0.906944444444,0.0
919,0.877222222222,0.0
920,0.966388888889,0.0
921,0.869444444444,0.0
922,0.885,0.0
923,0.890555555556,0.0
924,0.803611111111,0.0
925,0.759444444444,0.0
926,0.788888888889,0.0
927,0.765555555556,0.0
928,0.704444444444,0.0
929,0.813055555556,0.0
930,0.918333333333,0.0
931,1.09722222222,0.0
932,1.16583333333,0.0
933,1.18694444444,0.0
934,1.17277777778,0.0
935,1.09472222222,0.0
936,1.02972222222,0.0
937,1.14166666667,0.0
938,1.09638888889,0.0
939,0.992777777778,0.0
940,0.9425,0.0
941,0.908888888889,0.0
942,0.878333333333,0.0
943,0.922777777778,0.0
944,0.917777777778,0.0
945,1.03888888889,0.0
946,0.963888888889,0.0
947,0.851388888889,0.0
948,0.869722222222,0.0
949,0.888888888889,0.0
950,0.818055555556,0.0
951,0.808333333333,0.0
952,0.787777777778,0.0
953,0.8575,0.0
954,1.05722222222,0.0
955,1.12805555556,0.0
956,1.1225,0.0
957,1.24111111111,0.0
958,1.18527777778,0.0
959,1.18083333333,0.0
960,1.0525,0.0
961,1.03611111111,0.0
962,1.01555555556,0.0
963,1.07611111111,0.0
964,1.05472222222,0.0
965,0.904444444444,0.0
966,0.868611111111,0.0
967,0.830833333333,0.0
968,0.889166666667,0.0
969,0.931944444444,0.0
970,0.986111111111,0.0
971,0.889444444444,0.0
972,0.844166666667,0.0
973,0.777777777778,0.0
974,0.787777777778,0.0
975,0.767777777778,0.0
976,0.795,0.0
977,0.836111111111,0.0
978,0.972222222222,0.0
979,1.10638888889,0.0
980,1.19944444444,0.0
981,1.11611111111,0.0
982,1.08472222222,0.0
983,0.975555555556,0.0
984,0.97,0.0
985,1.00555555556,0.0
986,1.04805555556,0.0
987,0.9725,0.0
988,0.926111111111,0.0
989,0.899444444444,0.0
990,0.853888888889,0.0
991,0.821111111111,0.0
992,0.952222222222,0.0
993,0.871111111111,0.0
994,0.931666666667,0.0
995,0.858333333333,0.0
996,0.852222222222,0.0
997,0.831944444444,0.0
998,0.798888888889,0.0
999,0.756111111111,0.0
1000,0.770833333333,0.0
1001,0.935,0.0
1002,0.966944444444,0.0
1003,1.105,0.0
1004,1.0825,0.0
1005,1.13916666667,0.0
1006,1.14777777778,0.0
1007,1.14,0.0
1008,1.03388888889,0.0
1009,0.939722222222,0.0
1010,0.945833333333,0.0
1011,1.02,0.0
1012,0.921388888889,0.0
1013,0.883611111111,0.0
1014,1.10611111111,0.0
1015,0.940555555556,0.0
1016,1.57861111111,0.0643413998205
1017,1.05083333333,0.296441446176
1018,1.24138888889,0.0
1019,1.18277777778,0.0
1020,0.964166666667,0.0
1021,0.830277777778,0.0
1022,0.843611111111,0.0
1023,0.785833333333,0.0
1024,0.791666666667,0.0
1025,0.8425,0.0
1026,0.921388888889,0.0
1027,1.10305555556,0.0
1028,1.19138888889,0.0
1029,1.15944444444,0.0
1030,1.175,0.0
1031,1.50527777778,0.0794282010142
1032,1.52333333333,0.215815688987
1033,1.98972222222,1.20170916207
1034,1.07555555556,0.279771778877
1035,0.991944444444,0.0
1036,0.937222222222,0.0
1037,1.2175,0.0
1038,1.29611111111,0.0
1039,0.804166666667,0.094120407981
1040,0.907777777778,0.0
1041,0.898888888889,0.0
1042,0.907777777778,0.0
1043,0.841388888889,0.0
1044,0.918611111111,0.0
1045,0.880833333333,0.0
1046,0.825555555556,0.0
1047,0.780833333333,0.0
1048,0.850277777778,0.0
1049,0.831666666667,0.0
1050,1.78722222222,0.277932918964
1051,1.89361111111,0.229953736254
1052,1.16361111111,0.443930899283
1053,1.21638888889,0.0
1054,1.18055555556,0.0
1055,1.19111111111,0.0
1056,0.999722222222,0.0
1057,0.997222222222,0.0
1058,1.03777777778,0.0
1059,0.972222222222,0.0
1060,0.977777777778,0.0
1061,0.998333333333,0.0
1062,0.799722222222,0.0
1063,0.858888888889,0.0
1064,0.913333333333,0.0
1065,0.941388888889,0.0
1066,0.958888888889,0.0
1067,0.895555555556,0.0
1068,0.873055555556,0.0
1069,0.847222222222,0.0
1070,0.805277777778,0.0
1071,0.785555555556,0.0
1072,0.889166666667,0.0
1073,1.08861111111,0.0
1074,1.25833333333,0.0
1075,1.345,0.0
1076,1.22083333333,0.0
1077,1.21083333333,0.0
1078,1.17166666667,0.0
1079,1.15194444444,0.0
1080,0.988611111111,0.0
1081,1.05111111111,0.0
1082,1.00666666667,0.0
1083,1.15833333333,0.0
1084,1.045,0.0
1085,0.889444444444,0.0
1086,0.87,0.0
1087,1.57111111111,0.270260708505
1088,1.86805555556,1.23190073838
1089,1.475,0.264149892091
1090,0.961388888889,1.20906132737
1091,0.824166666667,0.0
1092,0.771944444444,0.0
1093,0.889722222222,0.0
1094,0.758055555556,0.0
1095,0.796388888889,0.0
1096,0.900555555556,0.0
1097,0.901111111111,0.0
1098,1.07277777778,0.0
1099,1.15583333333,0.0
1100,1.25111111111,0.0
1101,1.31222222222,0.0
1102,1.1825,0.0
1103,1.17416666667,0.0
1104,1.0625,0.0
1105,0.980833333333,0.0
1106,1.01194444444,0.0
1107,1.04888888889,0.0
1108,1.00416666667,0.0
1109,2.06083333333,0.252046451115
1110,1.15333333333,0.460555944569
1111,0.821388888889,0.0571023379841
1112,0.916666666667,0.0
1113,0.960833333333,0.0
1114,0.840277777778,0.0
1115,0.849166666667,0.0
1116,0.810277777778,0.0
1117,0.717777777778,0.0
1118,0.815277777778,0.0
1119,0.811388888889,0.0
1120,0.751111111111,0.0
1121,0.831666666667,0.0
1122,0.9475,0.0
1123,1.22444444444,0.0
1124,1.28333333333,0.0
1125,1.13194444444,0.0
1126,1.13944444444,0.0
1127,1.14638888889,0.0
1128,0.988611111111,0.0
1129,0.971666666667,0.0
1130,0.978611111111,0.0
1131,1.02277777778,0.0
1132,1.02638888889,0.0
1133,0.944722222222,0.0
1134,0.860277777778,0.0
1135,0.892777777778,0.0
1136,0.960277777778,0.0
1137,1.05166666667,0.0
1138,0.964444444444,0.0
1139,0.989166666667,0.0
1140,0.9525,0.0
1141,0.897777777778,0.0
1142,0.916666666667,0.0
1143,0.721111111111,0.0
1144,0.930555555556,0.0
1145,1.06666666667,0.0
1146,1.19972222222,0.0
1147,1.16388888889,0.0
1148,1.19694444444,0.0
1149,1.22694444444,0.0
1150,1.05972222222,0.0
1151,1.13388888889,0.0
1152,0.9675,0.0
1153,1.11083333333,0.0
1154,1.04555555556,0.0
1155,1.08055555556,0.0
1156,1.09694444444,0.0
1157,1.15722222222,0.0
1158,1.06861111111,0.0
1159,0.9625,0.0
1160,1.04583333333,0.0
1161,0.939444444444,0.0
1162,0.879722222222,0.0
1163,0.856666666667,0.0
1164,0.820555555556,0.0
1165,0.805,0.0
1166,0.850277777778,0.0
1167,0.758611111111,0.0
1168,0.805833333333,0.0
1169,0.950277777778,0.0
1170,0.950277777778,0.0
1171,1.02555555556,0.0
1172,1.45361111111,0.436892292592
1173,1.29555555556,0.0
1174,1.71694444444,1.43312608124
1175,2.25805555556,1.21587369516
1176,2.12611111111,0.246887184413
1177,2.04277777778,0.255182416788
1178,2.31194444444,0.274604842242
1179,2.36722222222,0.210355853114
1180,1.79111111111,0.413159066124
1181,1.10972222222,0.676491069747
1182,0.862222222222,0.00422961093662
1183,0.928055555556,0.0
1184,0.819166666667,0.0
1185,0.887777777778,0.0
1186,0.953333333333,0.0
1187,0.852222222222,0.0
1188,0.898888888889,0.0
1189,0.832777777778,0.0
1190,0.7975,0.0
1191,0.818055555556,0.0
1192,0.728055555556,0.0
1193,0.8275,0.0
1194,1.02333333333,0.0
1195,0.991111111111,0.0
1196,1.36055555556,0.431171848256
1197,1.43944444444,0.0
1198,1.27111111111,0.0
1199,1.09138888889,0.0
1200,0.957222222222,0.0
1201,1.03805555556,0.0
1202,0.9525,0.0
1203,0.88,0.0
1204,0.925833333333,0.0
1205,0.866944444444,0.0
1206,0.841111111111,0.0
1207,5.64611111111,0.61802182789
1208,10.4527777778,0.408033454624
1209,4.23777777778,0.61251905829
1210,3.19222222222,0.466828648136
1211,2.44416666667,0.289522351186
1212,1.98722222222,0.452761286084
1213,1.73888888889,0.416833292639
1214,1.62555555556,0.475648567073
1215,1.33527777778,0.417751353979
1216,1.26638888889,0.0
1217,0.927777777778,0.0656953238897
1218,0.936666666667,0.0
1219,1.10027777778,0.0
1220,1.11666666667,0.0
1221,1.22527777778,0.0
1222,1.22833333333,0.0
1223,1.16833333333,0.0
1224,1.14527777778,0.0
1225,1.09083333333,0.0
1226,1.07055555556,0.0
1227,0.993611111111,0.0
1228,0.956666666667,0.0
1229,0.875,0.0
1230,1.16416666667,0.695527378461
1231,0.866111111111,0.0271494433089
1232,0.949444444444,0.0
1233,0.924166666667,0.0
1234,0.875833333333,0.0
1235,0.874166666667,0.0
1236,0.797777777778,0.0
1237,0.763888888889,0.0
1238,0.763055555556,0.0
1239,0.734444444444,0.0
1240,0.838888888889,0.0
1241,0.960277777778,0.0
1242,1.06972222222,0.0
1243,1.21972222222,0.0
1244,1.36472222222,0.0
1245,1.21111111111,0.0
1246,1.25277777778,0.0
1247,1.17,0.0
1248,1.00527777778,0.0
1249,1.01722222222,0.0
1250,1.08972222222,0.0
1251,1.01805555556,0.0
1252,0.980833333333,0.0
1253,0.836666666667,0.0
1254,0.834444444444,0.0
1255,0.998055555556,0.0
1256,1.08027777778,0.0
1257,1.06472222222,0.0
1258,0.959444444444,0.0
1259,0.832222222222,0.0
1260,0.835277777778,0.0
1261,0.785277777778,0.0
1262,0.823611111111,0.0
1263,0.813888888889,0.0
1264,0.861944444444,0.0
1265,0.993888888889,0.0
1266,1.03805555556,0.0
1267,1.11805555556,0.0
1268,1.22055555556,0.0
1269,1.19888888889,0.0
1270,1.11805555556,0.0
1271,1.13944444444,0.0
1272,1.02694444444,0.0
1273,1.10416666667,0.0
1274,1.1025,0.0
1275,1.09805555556,0.0
1276,1.04361111111,0.0
1277,0.959444444444,0.0
1278,0.915555555556,0.0
1279,0.914722222222,0.0
1280,0.888611111111,0.0
1281,0.918333333333,0.0
1282,0.836944444444,0.0
1283,0.793055555556,0.0
1284,0.805277777778,0.0
1285,0.82,0.0
1286,0.706388888889,0.0
1287,0.684444444444,0.0
1288,0.706666666667,0.0
1289,0.725277777778,0.0
1290,0.820833333333,0.0
1291,1.00083333333,0.0
1292,0.970555555556,0.0
1293,0.880833333333,0.0
1294,0.898333333333,0.0
1295,0.826111111111,0.0
1296,0.820833333333,0.0
1297,0.863333333333,0.0
1298,1.13777777778,0.0
1299,1.19111111111,0.0
1300,1.03694444444,0.0
1301,0.894166666667,0.0
1302,0.897222222222,0.0
1303,0.9275,0.0
1304,0.967222222222,0.0
1305,0.910277777778,0.0
1306,1.09027777778,0.0
1307,0.879722222222,0.0
1308,0.822777777778,0.0
1309,0.813055555556,0.0
1310,0.835277777778,0.0
1311,0.791666666667,0.0
1312,0.857222222222,0.0
1313,0.966666666667,0.0
1314,1.03055555556,0.0
1315,1.07666666667,0.0
1316,1.1125,0.0
1317,1.14222222222,0.0
1318,1.03527777778,0.0
1319,0.968888888889,0.0
1320,1.09722222222,0.0
1321,0.974166666667,0.0
1322,1.03333333333,0.0
1323,1.01194444444,0.0
1324,0.956111111111,0.0
1325,0.916388888889,0.0
1326,0.788888888889,0.0
1327,0.869166666667,0.0
1328,0.892222222222,0.0
1329,0.840555555556,0.0
1330,0.840555555556,0.0
1331,0.793055555556,0.0
1332,0.749722222222,0.0
1333,0.836111111111,0.0
1334,0.729444444444,0.0
1335,0.753888888889,0.0
1336,0.753611111111,0.0
1337,0.880277777778,0.0
1338,0.964722222222,0.0
1339,1.07666666667,0.0
1340,1.19833333333,0.0
1341,1.16166666667,0.0
1342,1.00027777778,0.0
1343,0.995555555556,0.0
1344,1.52861111111,0.602221665966
1345,1.21444444444,0.895237354966
1346,0.966111111111,0.0
1347,0.991944444444,0.0
1348,0.936388888889,0.0
1349,0.881666666667,0.0
1350,0.918333333333,0.0
1351,0.847222222222,0.0
1352,0.83,0.0
1353,0.793333333333,0.0
1354,0.782222222222,0.0
1355,0.790555555556,0.0
1356,0.746388888889,0.0
1357,0.769722222222,0.0
1358,0.724722222222,0.0
1359,0.718888888889,0.0
1360,0.751111111111,0.0
1361,0.838611111111,0.0
1362,0.941388888889,0.0
1363,1.03916666667,0.0
1364,1.03805555556,0.0
1365,1.05222222222,0.0
1366,1.05083333333,0.0
1367,0.978611111111,0.0
1368,0.996111111111,0.0
1369,0.853055555556,0.0
1370,0.853611111111,0.0
1371,0.929444444444,0.0
1372,0.836111111111,0.0
1373,0.791944444444,0.0
1374,0.800555555556,0.0
1375,0.703333333333,0.0
1376,0.781111111111,0.0
1377,0.79,0.0
1378,0.803611111111,0.0
1379,0.766666666667,0.0
1380,0.726111111111,0.0
1381,0.735833333333,0.0
1382,0.706944444444,0.0
1383,0.763055555556,0.0
1384,0.742222222222,0.0
1385,0.834444444444,0.0
1386,0.992777777778,0.0
1387,1.07305555556,0.0
1388,1.19305555556,0.0
1389,1.13722222222,0.0
1390,1.04972222222,0.0
1391,1.02,0.0
1392,0.928611111111,0.0
1393,0.973611111111,0.0
1394,0.994444444444,0.0
1395,0.908611111111,0.0
1396,0.891944444444,0.0
1397,0.831388888889,0.0
1398,0.753611111111,0.0
1399,0.8125,0.0
1400,0.82,0.0
1401,0.785833333333,0.0
1402,0.785,0.0
1403,0.791666666667,0.0
1404,0.730555555556,0.0
1405,0.719444444444,0.0
1406,0.670277777778,0.0
1407,0.7025,0.0
1408,0.825833333333,0.0
1409,0.871666666667,0.0
1410,1.01,0.0
1411,1.12972222222,0.0
1412,1.15527777778,0.0
1413,1.10194444444,0.0
1414,1.19166666667,0.0
1415,1.10638888889,0.0
1416,0.99,0.0
1417,0.967222222222,0.0
1418,0.978611111111,0.0
1419,0.957222222222,0.0
1420,1.04888888889,0.0
1421,0.893611111111,0.0
1422,0.940555555556,0.0
1423,0.919166666667,0.0
1424,0.915555555556,0.0
1425,0.871944444444,0.0
1426,0.775277777778,0.0
1427,0.756111111111,0.0
1428,0.765277777778,0.0
1429,0.756388888889,0.0
1430,0.718333333333,0.0
1431,0.699166666667,0.0
1432,0.761666666667,0.0
1433,0.826111111111,0.0
1434,0.996666666667,0.0
1435,1.12277777778,0.0
1436,1.14138888889,0.0
1437,1.28638888889,0.0
1438,1.12638888889,0.0
1439,1.02333333333,0.0
1440,1.00694444444,0.0
1441,0.987777777778,0.0
1442,1.03527777778,0.0
1443,1.0575,0.0
1444,1.07722222222,0.0
1445,1.55472222222,0.839812747739
1446,1.51583333333,0.641227808462
1447,1.47583333333,0.460481332042
1448,1.4575,0.410343918554
1449,1.49083333333,0.499352893643
1450,1.39166666667,0.0
1451,1.53555555556,0.639398978104
1452,1.71361111111,0.683192192377
1453,1.84777777778,0.621193968319
1454,2.13583333333,0.69520681753
1455,2.35444444444,0.627583221276
1456,2.68055555556,0.665446642488
1457,3.06388888889,0.623470980609
1458,2.46277777778,0.683250152614
1459,1.61666666667,0.859421541691
1460,1.35472222222,0.606678831718
