1,12715,0.0
2,12736,0.0
3,12716,0.0
4,12739,0.0
5,12737,0.0
6,12857,0.0
7,12884,0.0
8,12894,0.0
9,12675,0.0
10,13260,0.0
11,13470,0.0
12,13060,0.0
13,12949,0.0
14,13035,0.0
15,12980,0.0
16,13677,0.0
17,13381,0.0
18,12737,0.0
19,12554,0.0
20,12470,0.0
21,12490,0.0
22,12539,0.0
23,12530,0.0
24,13002,0.0
25,12989,0.0
26,13038,0.0
27,13011,0.0
28,12984,0.0
29,13079,0.0
30,13048,0.0
31,13096,0.0
32,13003,0.0
33,13057,0.0
34,13023,0.0
35,13033,0.0
36,13034,0.0
37,13068,0.0
38,13057,0.0
39,13047,0.0
40,13795,0.0
41,13528,0.0
42,13032,0.0
43,13084,0.0
44,13000,0.0
45,13008,0.0
46,12978,0.0
47,13067,0.0
48,13086,0.0
49,13023,0.0
50,13046,0.0
51,13032,0.0
52,13012,0.0
53,13051,0.0
54,12979,0.0
55,13025,0.0
56,13007,0.0
57,13036,0.0
58,13043,0.0
59,13023,0.0
60,13022,0.0
61,13033,0.0
62,13024,0.0
63,13048,0.0
64,13740,0.0
65,13540,0.0
66,12724,0.0
67,13070,0.0
68,13106,0.0
69,13025,0.0
70,13074,0.0
71,13079,0.0
72,13184,0.0
73,13194,0.0
74,13191,0.0
75,13059,0.0
76,13169,0.0
77,13114,0.0
78,13037,0.0
79,13179,0.0
80,13152,0.0
81,13095,0.0
82,13144,0.0
83,13170,0.0
84,13162,0.0
85,13117,0.0
86,13129,0.0
87,13386,0.0
88,13929,0.0
89,13385,0.0
90,13106,0.0
91,13113,0.0
92,13155,0.0
93,13186,0.0
94,13151,0.0
95,13156,0.0
96,12813,0.0
97,12821,0.0
98,12867,0.0
99,12837,0.0
100,12911,0.0
101,12842,0.0
102,12905,0.0
103,12993,0.0
104,12974,0.0
105,13039,0.0
106,13322,0.0
107,13606,0.0
108,13536,0.0
109,13341,0.0
110,13360,0.0
111,13450,0.0
112,14102,0.0
113,14026,0.0
114,13162,0.0
115,13118,0.0
116,12953,0.0
117,12854,0.0
118,12952,0.0
119,12915,0.0
120,11994,0.0
121,11868,0.0
122,11977,0.0
123,11874,0.0
124,11913,0.0
125,11933,0.0
126,11844,0.0
127,11968,0.0
128,11996,0.0
129,12006,0.0
130,12225,0.0
131,12482,0.0
132,12289,0.0
133,12219,0.0
134,12282,0.0
135,12367,0.0
136,13042,0.0
137,12665,0.0
138,12133,0.0
139,12023,0.0
140,11847,0.0
141,11980,0.0
142,12026,0.0
143,11852,0.0
144,12152,0.0
145,12148,0.0
146,12236,0.0
147,12155,0.0
148,12113,0.0
149,12175,0.0
150,12103,0.0
151,12206,0.0
152,12239,0.0
153,12398,0.0
154,12582,0.0
155,12705,0.0
156,12555,0.0
157,12476,0.0
158,12706,0.0
159,12671,0.0
160,13277,0.0
161,12757,0.0
162,12401,0.0
163,12248,0.0
164,12156,0.0
165,12210,0.0
166,11983,0.0
167,12374,0.0
168,12230,0.0
169,12200,0.0
170,12135,0.0
171,12131,0.0
172,12165,0.0
173,12193,0.0
174,12165,0.0
175,12304,0.0
176,12275,0.0
177,12369,0.0
178,12569,0.0
179,12766,0.0
180,12621,0.0
181,12611,0.0
182,12618,0.0
183,12631,0.0
184,13121,0.0
185,12871,0.0
186,12252,0.0
187,12155,0.0
188,12186,0.0
189,12179,0.0
190,12109,0.0
191,12142,0.0
192,12145,0.0
193,12162,0.0
194,12165,0.0
195,12125,0.0
196,12097,0.0
197,12099,0.0
198,12140,0.0
199,12188,0.0
200,12157,0.0
201,12128,0.0
202,12190,0.0
203,12151,0.0
204,12214,0.0
205,12275,0.0
206,12164,0.0
207,12120,0.0
208,12693,0.0
209,12624,0.0
210,12163,0.0
211,12100,0.0
212,12162,0.0
213,12106,0.0
214,12156,0.0
215,12120,0.0
216,12420,0.0
217,12417,0.0
218,12450,0.0
219,12395,0.0
220,12382,0.0
221,12438,0.0
222,12363,0.0
223,12393,0.0
224,12399,0.0
225,12456,0.0
226,12442,0.0
227,12481,0.0
228,12432,0.0
229,12403,0.0
230,12406,0.0
231,12462,0.0
232,13034,0.0
233,12830,0.0
234,12439,0.0
235,12541,0.0
236,12462,0.0
237,12394,0.0
238,12507,0.0
239,12512,0.0
240,12093,0.0
241,12197,0.0
242,12138,0.0
243,12174,0.0
244,12163,0.0
245,12096,0.0
246,12166,0.0
247,12187,0.0
248,12246,0.0
249,12335,0.0
250,12556,0.0
251,12652,0.0
252,12646,0.0
253,12803,0.0
254,12570,0.0
255,12633,0.0
256,13146,0.0
257,12994,0.0
258,12314,0.0
259,12193,0.0
260,12127,0.0
261,12140,0.0
262,12174,0.0
263,12180,0.0
264,12861,0.0
265,12957,0.0
266,12981,0.0
267,12958,0.0
268,12913,0.0
269,12939,0.0
270,12933,0.0
271,13006,0.0
272,13091,0.0
273,13201,0.0
274,13520,0.0
275,13675,0.0
276,13594,0.0
277,13466,0.0
278,13448,0.0
279,13492,0.0
280,14123,0.0
281,13839,0.0
282,13335,0.0
283,13196,0.0
284,13047,0.0
285,13008,0.0
286,12763,0.0
287,12949,0.0
288,13009,0.0
289,13008,0.0
290,12890,0.0
291,13004,0.0
292,12918,0.0
293,12910,0.0
294,12915,0.0
295,13121,0.0
296,13076,0.0
297,13096,0.0
298,13339,0.0
299,13635,0.0
300,13493,0.0
301,13402,0.0
302,13417,0.0
303,13382,0.0
304,14199,0.0
305,13973,0.0
306,13284,0.0
307,13070,0.0
308,12983,0.0
309,13075,0.0
310,12991,0.0
311,12993,0.0
312,13121,0.0
313,13097,0.0
314,13150,0.0
315,13078,0.0
316,13140,0.0
317,13102,0.0
318,13110,0.0
319,13138,0.0
320,13238,0.0
321,13317,0.0
322,13512,0.0
323,13669,0.0
324,13651,0.0
325,13580,0.0
326,13538,0.0
327,13657,0.0
328,14183,0.0
329,14117,0.0
330,13166,0.0
331,13265,0.0
332,13085,0.0
333,13167,0.0
334,13170,0.0
335,13132,0.0
336,13055,0.0
337,13025,0.0
338,13076,0.0
339,13044,0.0
340,13035,0.0
341,13103,0.0
342,13067,0.0
343,13183,0.0
344,13144,0.0
345,13166,0.0
346,13406,0.0
347,13544,0.0
348,13608,0.0
349,13522,0.0
350,13595,0.0
351,13420,0.0
352,14163,0.0
353,13678,0.0
354,13272,0.0
355,13071,0.0
356,13004,0.0
357,13068,0.0
358,13031,0.0
359,13013,0.0
360,12998,0.0
361,12971,0.0
362,13000,0.0
363,12998,0.0
364,12906,0.0
365,12969,0.0
366,12963,0.0
367,12933,0.0
368,12990,0.0
369,12980,0.0
370,12982,0.0
371,12989,0.0
372,13073,0.0
373,12950,0.0
374,12990,0.0
375,13035,0.0
376,13681,0.0
377,13304,0.0
378,12965,0.0
379,12966,0.0
380,12943,0.0
381,12958,0.0
382,13005,0.0
383,12923,0.0
384,12812,0.0
385,12803,0.0
386,12850,0.0
387,12797,0.0
388,12732,0.0
389,12817,0.0
390,12818,0.0
391,12815,0.0
392,12805,0.0
393,12703,0.0
394,12771,0.0
395,12847,0.0
396,12872,0.0
397,12815,0.0
398,12844,0.0
399,12811,0.0
400,13472,0.0
401,13063,0.0
402,12833,0.0
403,12842,0.0
404,12804,0.0
405,12852,0.0
406,12862,0.0
407,12799,0.0
408,12789,0.0
409,12815,0.0
410,12887,0.0
411,12903,0.0
412,12892,0.0
413,12907,0.0
414,12883,0.0
415,12965,0.0
416,12932,0.0
417,13134,0.0
418,13440,0.0
419,13544,0.0
420,13508,0.0
421,13401,0.0
422,13410,0.0
423,13482,0.0
424,14124,0.0
425,13703,0.0
426,13250,0.0
427,13092,0.0
428,13012,0.0
429,12901,0.0
430,12848,0.0
431,13025,0.0
432,11352,0.0
433,8761,0.0717651459199
434,10433,0.273046975314
435,10088,0.0
436,9485,0.0
437,8865,0.0
438,8920,0.0
439,8798,0.0
440,8927,0.0
441,9211,0.0
442,9286,0.0
443,9725,0.0
444,11050,0.0
445,11521,0.0
446,11603,0.0
447,11665,0.0
448,12153,0.0
449,11672,0.0
450,11119,0.0
451,11124,0.0
452,10734,0.0
453,11612,0.0
454,11523,0.0
455,11632,0.0
456,12838,0.0
457,11637,0.0
458,12542,0.0
459,12394,0.0
460,12419,0.0
461,12484,0.0
462,12413,0.0
463,12440,0.0
464,12614,0.0
465,12693,0.0
466,12989,0.0
467,13200,0.0
468,13108,0.0
469,12886,0.0
470,13000,0.0
471,13071,0.0
472,13563,0.0
473,13333,0.0
474,12672,0.0
475,12547,0.0
476,12289,0.0
477,12584,0.0
478,12526,0.0
479,12416,0.0
480,12450,0.0
481,12460,0.0
482,12425,0.0
483,12430,0.0
484,12418,0.0
485,12437,0.0
486,12484,0.0
487,12380,0.0
488,12620,0.0
489,12674,0.0
490,12855,0.0
491,13053,0.0
492,12898,0.0
493,12809,0.0
494,12964,0.0
495,12956,0.0
496,13625,0.0
497,13285,0.0
498,12715,0.0
499,12637,0.0
500,12535,0.0
501,12512,0.0
502,12549,0.0
503,12567,0.0
504,12362,0.0
505,12326,0.0
506,12450,0.0
507,12404,0.0
508,12362,0.0
509,12431,0.0
510,12351,0.0
511,12528,0.0
512,12559,0.0
513,12586,0.0
514,12864,0.0
515,13026,0.0
516,12880,0.0
517,12743,0.0
518,12812,0.0
519,12878,0.0
520,13427,0.0
521,13081,0.0
522,12752,0.0
523,12594,0.0
524,12507,0.0
525,12494,0.0
526,12487,0.0
527,12404,0.0
528,11147,0.0
529,11147,0.0
530,11128,0.0
531,11106,0.0
532,11115,0.0
533,11044,0.0
534,11110,0.0
535,11190,0.0
536,11063,0.0
537,11078,0.0
538,11146,0.0
539,11010,0.0
540,11139,0.0
541,11117,0.0
542,11081,0.0
543,11128,0.0
544,11720,0.0
545,11384,0.0
546,11018,0.0
547,11104,0.0
548,11084,0.0
549,11106,0.0
550,11055,0.0
551,11098,0.0
552,11028,0.0
553,11152,0.0
554,11025,0.0
555,11015,0.0
556,11125,0.0
557,11035,0.0
558,11103,0.0
559,11100,0.0
560,11170,0.0
561,11078,0.0
562,11150,0.0
563,11149,0.0
564,10984,0.0
565,11034,0.0
566,11050,0.0
567,11102,0.0
568,11743,0.0
569,11371,0.0
570,11078,0.0
571,11224,0.0
572,11146,0.0
573,11199,0.0
574,11181,0.0
575,11022,0.0
576,11073,0.0
577,11120,0.0
578,11008,0.0
579,11078,0.0
580,11121,0.0
581,11041,0.0
582,11168,0.0
583,11213,0.0
584,11238,0.0
585,11273,0.0
586,11479,0.0
587,11839,0.0
588,11735,0.0
589,11574,0.0
590,11531,0.0
591,11420,0.0
592,12301,0.0
593,11845,0.0
594,11374,0.0
595,11370,0.0
596,11197,0.0
597,11171,0.0
598,11197,0.0
599,11114,0.0
600,12564,0.0
601,12459,0.0
602,12508,0.0
603,12464,0.0
604,12438,0.0
605,12449,0.0
606,12373,0.0
607,12594,0.0
608,12623,0.0
609,12759,0.0
610,12841,0.0
611,13063,0.0
612,13023,0.0
613,12884,0.0
614,13007,0.0
615,13016,0.0
616,13588,0.0
617,13272,0.0
618,12589,0.0
619,12651,0.0
620,12616,0.0
621,12492,0.0
622,12497,0.0
623,12623,0.0
624,12481,0.0
625,12434,0.0
626,12495,0.0
627,12375,0.0
628,12357,0.0
629,12433,0.0
630,12432,0.0
631,12429,0.0
632,12551,0.0
633,12799,0.0
634,12818,0.0
635,13071,0.0
636,12897,0.0
637,12961,0.0
638,12925,0.0
639,12968,0.0
640,13525,0.0
641,12993,0.0
642,12369,0.0
643,12195,0.0
644,12464,0.0
645,12470,0.0
646,12475,0.0
647,12482,0.0
648,12221,0.0
649,12325,0.0
650,12258,0.0
651,11980,0.0
652,11947,0.0
653,12291,0.0
654,12293,0.0
655,12341,0.0
656,12390,0.0
657,12611,0.0
658,12737,0.0
659,12882,0.0
660,12891,0.0
661,12756,0.0
662,12875,0.0
663,12847,0.0
664,13518,0.0
665,13217,0.0
666,12621,0.0
667,12591,0.0
668,12332,0.0
669,12404,0.0
670,12457,0.0
671,12370,0.0
672,11509,0.0
673,11433,0.0
674,11317,0.0
675,11364,0.0
676,11350,0.0
677,11348,0.0
678,11365,0.0
679,11505,0.0
680,11468,0.0
681,11562,0.0
682,11858,0.0
683,11933,0.0
684,11813,0.0
685,11735,0.0
686,11848,0.0
687,11843,0.0
688,12318,0.0
689,11846,0.0
690,11066,0.0
691,10920,0.0
692,10836,0.0
693,10879,0.0
694,10796,0.0
695,10785,0.0
696,9469,0.0123392386035
697,9278,0.0
698,9417,0.0
699,9253,0.0
700,9435,0.0
701,9356,0.0
702,9354,0.0
703,9405,0.0
704,9326,0.0
705,9549,0.0
706,9499,0.0
707,9371,0.0
708,9462,0.0
709,9509,0.0
710,9469,0.0
711,9522,0.0
712,9885,0.0
713,9802,0.0
714,9461,0.0
715,9393,0.0
716,9638,0.0
717,9435,0.0
718,9519,0.0
719,9492,0.0
720,9458,0.0
721,9420,0.0
722,9429,0.0
723,9461,0.0
724,9404,0.0
725,9366,0.0
726,9488,0.0
727,9515,0.0
728,9487,0.0
729,9497,0.0
730,9516,0.0
731,9504,0.0
732,9422,0.0
733,9543,0.0
734,9395,0.0
735,9352,0.0
736,9884,0.0
737,9820,0.0
738,9439,0.0
739,9560,0.0
740,9589,0.0
741,9575,0.0
742,9541,0.0
743,9490,0.0
744,7160,0.0625708962963
745,7233,0.0
746,7166,0.0
747,7245,0.0
748,7299,0.0
749,7169,0.0
750,7228,0.0
751,7123,0.0
752,7199,0.0
753,7167,0.0
754,7212,0.0
755,7206,0.0
756,7149,0.0
757,7284,0.0
758,7265,0.0
759,7221,0.0
760,7588,0.0
761,7423,0.0
762,7198,0.0
763,7279,0.0
764,7174,0.0
765,7259,0.0
766,7166,0.0
767,7171,0.0
768,6883,0.0
769,6859,0.0
770,6817,0.0
771,6877,0.0
772,6785,0.0
773,6665,0.0
774,6805,0.0
775,6863,0.0
776,6926,0.0
777,7004,0.0
778,6950,0.0
779,7262,0.0
780,7361,0.0
781,7288,0.0
782,7463,0.0
783,7188,0.0
784,7658,0.0
785,7575,0.0
786,6954,0.0
787,6862,0.0
788,6896,0.0
789,6954,0.0
790,6869,0.0
791,6890,0.0
792,9742,0.282359434164
793,9730,0.0
794,9810,0.0
795,9688,0.0
796,9849,0.0
797,9765,0.0
798,9812,0.0
799,9931,0.0
800,9908,0.0
801,10066,0.0
802,10184,0.0
803,10295,0.0
804,10113,0.0
805,10218,0.0
806,10322,0.0
807,10269,0.0
808,10781,0.0
809,10486,0.0
810,10124,0.0
811,9993,0.0
812,9801,0.0
813,9760,0.0
814,9858,0.0
815,9884,0.0
816,7781,0.0350685311921
817,7742,0.0
818,7682,0.0
819,7831,0.0
820,7641,0.0
821,7641,0.0
822,7759,0.0
823,7748,0.0
824,7776,0.0
825,7938,0.0
826,8031,0.0
827,8117,0.0
828,8099,0.0
829,8002,0.0
830,7944,0.0
831,7963,0.0
832,8602,0.0
833,8269,0.0
834,7871,0.0
835,7709,0.0
836,7726,0.0
837,7781,0.0
838,7762,0.0
839,7692,0.0
840,6608,0.0
841,6526,0.0
842,6531,0.0
843,6483,0.0
844,6602,0.0
845,6555,0.0
846,6610,0.0
847,6690,0.0
848,6651,0.0
849,6759,0.0
850,6836,0.0
851,6894,0.0
852,6844,0.0
853,6773,0.0
854,6802,0.0
855,6947,0.0
856,7248,0.0
857,6885,0.0
858,6643,0.0
859,6560,0.0
860,6554,0.0
861,6600,0.0
862,6525,0.0
863,6543,0.0
864,9018,0.00777342612796
865,9225,0.0
866,9112,0.0
867,9195,0.0
868,9206,0.0
869,9224,0.0
870,9408,0.0
871,9082,0.0
872,9168,0.0
873,9258,0.0
874,9158,0.0
875,9140,0.0
876,9206,0.0
877,9186,0.0
878,9155,0.0
879,9174,0.0
880,9758,0.0
881,9451,0.0
882,9153,0.0
883,9233,0.0
884,9250,0.0
885,9317,0.0
886,9130,0.0
887,9249,0.0
888,8297,0.0
889,8245,0.0
890,8298,0.0
891,8247,0.0
892,8387,0.0
893,8392,0.0
894,8531,0.0
895,8437,0.0
896,8344,0.0
897,8274,0.0
898,8328,0.0
899,8351,0.0
900,8380,0.0
901,8332,0.0
902,8366,0.0
903,8357,0.0
904,8867,0.0
905,8659,0.0
906,8458,0.0
907,8360,0.0
908,8330,0.0
909,8298,0.0
910,8381,0.0
911,8393,0.0
912,3998,1.26434251619
913,3733,0.0
914,3735,0.0
915,3709,0.0
916,3755,0.0
917,3782,0.0
918,3849,0.0
919,3801,0.0
920,3787,0.0
921,3835,0.0
922,4035,0.0
923,4173,0.0
924,3995,0.0
925,4016,0.0
926,4049,0.0
927,4014,0.0
928,4263,0.0
929,3941,0.0
930,4023,0.0
931,3917,0.0
932,3910,0.0
933,3934,0.0
934,3783,0.0
935,3834,0.0
936,8698,0.260422336777
937,8969,0.0
938,8928,0.0
939,9020,0.0
940,8865,0.0
941,8830,0.0
942,8879,0.0
943,9120,0.0
944,9111,0.0
945,9071,0.0
946,9205,0.0
947,9355,0.0
948,9372,0.0
949,9392,0.0
950,9416,0.0
951,9394,0.0
952,9810,0.0
953,9594,0.0
954,9006,0.0
955,9140,0.0
956,8925,0.0
957,9047,0.0
958,9030,0.0
959,9088,0.0
960,8569,0.0
961,8616,0.0
962,8497,0.0
963,8439,0.0
964,8567,0.0
965,8694,0.0
966,8739,0.0
967,8761,0.0
968,8838,0.0
969,8908,0.0
970,9053,0.0
971,9346,0.0
972,8989,0.0
973,8807,0.0
974,9020,0.0
975,9034,0.0
976,9558,0.0
977,9042,0.0
978,8804,0.0
979,8885,0.0
980,8721,0.0
981,8676,0.0
982,9029,0.0
983,8670,0.0
984,8537,0.0
985,8418,0.0
986,8481,0.0
987,8535,0.0
988,8535,0.0
989,8442,0.0
990,8448,0.0
991,8527,0.0
992,8541,0.0
993,8635,0.0
994,8867,0.0
995,9033,0.0
996,8875,0.0
997,8708,0.0
998,8455,0.0
999,8713,0.0
1000,8934,0.0
1001,8745,0.0
1002,8674,0.0
1003,8606,0.0
1004,8508,0.0
1005,8558,0.0
1006,8529,0.0
1007,8520,0.0
1008,6662,0.215418566513
1009,6491,0.0
1010,6498,0.0
1011,6500,0.0
1012,6471,0.0
1013,6354,0.0
1014,6592,0.0
1015,6552,0.0
1016,6492,0.0
1017,6577,0.0
1018,6777,0.0
1019,6844,0.0
1020,6769,0.0
1021,6642,0.0
1022,6782,0.0
1023,6715,0.0
1024,6915,0.0
1025,6569,0.0
1026,6486,0.0
1027,6504,0.0
1028,6445,0.0
1029,6427,0.0
1030,6365,0.0
1031,6277,0.0
1032,5231,0.249232514876
1033,5166,0.00791324065828
1034,5303,0.0394723090391
1035,5306,0.035653995347
1036,5298,0.0581638479021
1037,5268,0.0857749139775
1038,5251,0.0404864570385
1039,5194,0.0111368690081
1040,5230,0.0175177585292
1041,5244,0.00393676359503
1042,5102,0.0989369973437
1043,5244,0.0245061509105
1044,5249,0.0917541565971
1045,5261,0.0652122145824
1046,5339,0.015642382763
1047,5241,0.0438243257644
1048,5491,0.0255841446632
1049,5374,0.0822740030573
1050,5354,0.0294334021783
1051,5232,0.057719711236
1052,5217,0.094844559769
1053,5258,0.0156081621142
1054,5251,0.0947304087612
1055,5223,0.043219109764
1056,3952,0.0396940405015
1057,3949,0.0
1058,4021,0.0
1059,3815,0.0
1060,3855,0.0
1061,3892,0.0
1062,3948,0.0
1063,3860,0.0
1064,3830,0.0
1065,3821,0.0
1066,3886,0.0
1067,3954,0.0
1068,3839,0.0
1069,3921,0.0
1070,3874,0.0
1071,3996,0.0
1072,4246,0.0
1073,3803,0.0
1074,3594,0.0
1075,3778,0.0
1076,3745,0.0
1077,3747,0.0
1078,3726,0.0
1079,3729,0.0
1080,8513,1.46771138573
1081,8738,0.0
1082,8709,0.0
1083,8601,0.0
1084,8719,0.0
1085,8820,0.0
1086,8674,0.0
1087,8859,0.0
1088,8905,0.0
1089,8920,0.0
1090,9062,0.0
1091,9139,0.0
1092,8866,0.0
1093,8997,0.0
1094,9122,0.0
1095,9191,0.0
1096,9795,0.0
1097,9255,0.0
1098,8924,0.0
1099,9012,0.0
1100,9023,0.0
1101,8875,0.0
1102,8800,0.0
1103,8785,0.0
1104,8474,0.0
1105,8412,0.0
1106,8491,0.0
1107,8391,0.0
1108,8216,0.0
1109,8292,0.0
1110,8406,0.0
1111,8509,0.0
1112,8486,0.0
1113,8616,0.0
1114,8642,0.0
1115,8823,0.0
1116,8774,0.0
1117,8810,0.0
1118,8611,0.0
1119,8798,0.0
1120,9179,0.0
1121,9057,0.0
1122,8633,0.0
1123,8517,0.0
1124,8427,0.0
1125,8615,0.0
1126,8690,0.0
1127,8438,0.0
1128,10388,0.213809413999
1129,10588,0.0
1130,10533,0.0
1131,10397,0.0
1132,10347,0.0
1133,10405,0.0
1134,10411,0.0
1135,10503,0.0
1136,10598,0.0
1137,10692,0.0
1138,10874,0.0
1139,11043,0.0
1140,11009,0.0
1141,10818,0.0
1142,10985,0.0
1143,10861,0.0
1144,12282,0.0
1145,11225,0.0
1146,10775,0.0
1147,10688,0.0
1148,10601,0.0
1149,10634,0.0
1150,10646,0.0
1151,10562,0.0
1152,10608,0.0
1153,10618,0.0
1154,10636,0.0
1155,10583,0.0
1156,10613,0.0
1157,10603,0.0
1158,10601,0.0
1159,10757,0.0
1160,10815,0.0
1161,10790,0.0
1162,11082,0.0
1163,11121,0.0
1164,10913,0.0
1165,11004,0.0
1166,11135,0.0
1167,10960,0.0
1168,11686,0.0
1169,11244,0.0
1170,10931,0.0
1171,10811,0.0
1172,10679,0.0
1173,10648,0.0
1174,10757,0.0
1175,10706,0.0
1176,9077,0.0786165030117
1177,8836,0.0
1178,8971,0.0
1179,8972,0.0
1180,8903,0.0
1181,8967,0.0
1182,8962,0.0
1183,9044,0.0
1184,8931,0.0
1185,9028,0.0
1186,9240,0.0
1187,9227,0.0
1188,9227,0.0
1189,9125,0.0
1190,9075,0.0
1191,9117,0.0
1192,9562,0.0
1193,9305,0.0
1194,8965,0.0
1195,8862,0.0
1196,8858,0.0
1197,8820,0.0
1198,8876,0.0
1199,8797,0.0
1200,9074,0.0
1201,9318,0.0
1202,9286,0.0
1203,9320,0.0
1204,9280,0.0
1205,9333,0.0
1206,9334,0.0
1207,9337,0.0
1208,9405,0.0
1209,9263,0.0
1210,9326,0.0
1211,9421,0.0
1212,9275,0.0
1213,9323,0.0
1214,9347,0.0
1215,9333,0.0
1216,9846,0.0
1217,9497,0.0
1218,9383,0.0
1219,9300,0.0
1220,9389,0.0
1221,9364,0.0
1222,9227,0.0
1223,9309,0.0
1224,6204,0.216107215049
1225,6048,0.0
1226,5949,0.0
1227,5981,0.0
1228,5897,0.0
1229,6038,0.0
1230,6094,0.0
1231,6022,0.0
1232,6122,0.0
1233,6034,0.0
1234,6079,0.0
1235,5998,0.0
1236,6004,0.0
1237,5908,0.0
1238,6022,0.0
1239,5981,0.0
1240,6399,0.0
1241,6119,0.0
1242,6114,0.0
1243,5915,0.0
1244,6192,0.0
1245,6021,0.0
1246,6060,0.0
1247,7510,0.279560554165
1248,7560,0.0
1249,7525,0.0
1250,7483,0.0
1251,7452,0.0
1252,7512,0.0
1253,7572,0.0
1254,7629,0.0
1255,7529,0.0
1256,7623,0.0
1257,7637,0.0
1258,7921,0.0
1259,7790,0.0
1260,7782,0.0
1261,7829,0.0
1262,7902,0.0
1263,8039,0.0
1264,8350,0.0
1265,8142,0.0
1266,7886,0.0
1267,7743,0.0
1268,7707,0.0
1269,7726,0.0
1270,7717,0.0
1271,10331,0.230035370962
1272,10515,0.0
1273,10415,0.0
1274,10387,0.0
1275,10471,0.0
1276,10385,0.0
1277,10439,0.0
1278,10516,0.0
1279,10587,0.0
1280,10586,0.0
1281,10684,0.0
1282,10880,0.0
1283,10830,0.0
1284,10794,0.0
1285,10843,0.0
1286,10805,0.0
1287,10996,0.0
1288,11327,0.0
1289,11090,0.0
1290,10578,0.0
1291,10528,0.0
1292,10475,0.0
1293,10664,0.0
1294,10513,0.0
1295,9072,0.0850397009915
1296,9069,0.0
1297,9089,0.0
1298,9027,0.0
1299,8969,0.0
1300,9073,0.0
1301,8957,0.0
1302,9126,0.0
1303,9122,0.0
1304,9231,0.0
1305,9368,0.0
1306,9458,0.0
1307,9463,0.0
1308,9356,0.0
1309,9340,0.0
1310,9340,0.0
1311,9276,0.0
1312,9611,0.0
1313,9532,0.0
1314,9156,0.0
1315,9222,0.0
1316,9282,0.0
1317,9573,0.0
1318,9333,0.0
1319,9987,0.0
1320,10133,0.0
1321,10010,0.0
1322,10028,0.0
1323,9984,0.0
1324,10041,0.0
1325,10072,0.0
1326,10025,0.0
1327,10116,0.0
1328,10232,0.0
1329,10516,0.0
1330,10449,0.0
1331,10598,0.0
1332,10337,0.0
1333,10469,0.0
1334,10426,0.0
1335,10531,0.0
1336,10875,0.0
1337,10494,0.0
1338,10195,0.0
1339,9918,0.0
1340,9889,0.0
1341,9947,0.0
1342,9977,0.0
1343,10835,0.0
1344,10765,0.0
1345,10656,0.0
1346,10485,0.0
1347,10681,0.0
1348,10852,0.0
1349,10728,0.0
1350,10874,0.0
1351,10964,0.0
1352,10984,0.0
1353,11055,0.0
1354,11233,0.0
1355,11161,0.0
1356,10966,0.0
1357,11193,0.0
1358,11167,0.0
1359,11367,0.0
1360,51251,0.025216276539
1361,17953,0.240922575774
1362,170029,0.0939684411796
1363,10955,0.267691067616
1364,10984,0.0
1365,10964,0.0
1366,10980,0.0
1367,10852,0.0
1368,10786,0.0
1369,10841,0.0
1370,10762,0.0
1371,10419,0.0
1372,10467,0.0
1373,10502,0.0
1374,10519,0.0
1375,10579,0.0
1376,10502,0.0
1377,10661,0.0
1378,10818,0.0
1379,10918,0.0
1380,10871,0.0
1381,10796,0.0
1382,10774,0.0
1383,10898,0.0
1384,11442,0.0
1385,11113,0.0
1386,10888,0.0
1387,10894,0.0
1388,10888,0.0
1389,10896,0.0
1390,10800,0.0
1391,11000,0.0
1392,10985,0.0
1393,11017,0.0
1394,10863,0.0
1395,10875,0.0
1396,10987,0.0
1397,10778,0.0
1398,10957,0.0
1399,10832,0.0
1400,10896,0.0
1401,10920,0.0
1402,10902,0.0
1403,10864,0.0
1404,10885,0.0
1405,11006,0.0
1406,10873,0.0
1407,10906,0.0
1408,11569,0.0
1409,11368,0.0
1410,10982,0.0
1411,10993,0.0
1412,10877,0.0
1413,10957,0.0
1414,10865,0.0
1415,7615,0.296789333819
1416,7634,0.0
1417,7586,0.0
1418,7412,0.0
1419,7395,0.0
1420,7442,0.0
1421,7387,0.0
1422,7469,0.0
1423,7487,0.0
1424,7552,0.0
1425,7848,0.0
1426,36705,0.0685838649395
1427,15091,0.242507996908
1428,13509,0.0722390684385
1429,20628,0.071862659911
1430,35399,0.0486326707114
1431,84250,0.0518457187579
1432,117800,0.00192159852881
1433,153159,0.0702834218486
1434,108454,0.0901154273641
1435,37714,1.26293264039
1436,27883,0.000890595162993
1437,31215,0.0689944576132
1438,46988,0.0775777552585
