1,10585,0.0482904912268
2,7028,0.000396739668211
3,2166,0.0
4,2423,0.0
5,2382,0.0
6,2304,0.0
7,2948,0.0
8,2532,0.0
9,2619,0.0
10,2443,0.0
11,2666,0.0
12,2504,0.0
13,2302,0.0
14,2685,0.0
15,2455,0.0
16,1929,0.0
17,2871,0.0
18,8449,0.0369119661336
19,945,0.233635894874
20,4054,0.0
21,990,0.0884065382488
22,975,0.0
23,1181,0.0
24,1352,0.0
25,1692,0.0
26,1911,0.0
27,2115,0.0
28,2538,0.0
29,6872,0.247224219693
30,2337,0.0
31,2314,0.0
32,2071,0.0
33,1936,0.0
34,2426,0.0
35,2325,0.0
36,2537,0.0
37,2455,0.0
38,2889,0.0
39,2771,0.0
40,2167,0.0
41,1587,0.0
42,1115,0.0
43,983,0.0
44,1116,0.0
45,4692,0.258955880257
46,3948,0.0
47,1902,0.0
48,1353,0.0
49,1634,0.0
50,1852,0.0
51,2254,0.0
52,2318,0.0
53,2195,0.0
54,2181,0.0
55,2414,0.0
56,1877,0.0
57,1966,0.0
58,2214,0.0
59,2172,0.0
60,2338,0.0
61,2382,0.0
62,2694,0.0
63,2567,0.0
64,1800,0.0
65,1360,0.0
66,1026,0.0
67,875,0.0
68,907,0.0
69,918,0.0
70,1101,0.0
71,6579,1.44391090018
72,3328,0.204847455091
73,4527,0.080892592877
74,4575,0.0
75,2484,0.0
76,8108,0.284392009155
77,2777,1.39109632886
78,2384,0.0
79,2407,0.0
80,10462,1.42564002064
81,2415,1.5833606385
82,2337,0.0
83,2211,0.0
84,2533,0.0
85,2472,0.0
86,2673,0.0
87,2464,0.0
88,1941,0.0
89,1397,0.0
90,982,0.0
91,948,0.0
92,934,0.0
93,1874,0.0
94,1879,0.0
95,1225,0.0
96,1373,0.0
97,1605,0.0
98,2017,0.0
99,2301,0.0
100,2182,0.0
101,2281,0.0
102,2515,0.0
103,3117,0.0
104,5390,1.12639226381
105,2363,1.34953807663
106,2033,0.0
107,2322,0.0
108,5702,0.282262347737
109,2744,1.21760893631
110,2051,0.0
111,2123,0.0
112,1819,0.0
113,1565,0.0
114,1148,0.0
115,1263,0.0
116,4726,0.225388383616
117,7172,1.24906368278
118,1151,0.421425716189
119,1299,0.0
120,1178,0.0
121,1344,0.0
122,1762,0.0
123,1897,0.0
124,2969,0.0
125,8749,0.226181327759
126,6435,1.17377868729
127,2037,0.0
128,1964,0.0
129,1930,0.0
130,1978,0.0
131,1660,0.0
132,1534,0.0
133,1702,0.0
134,1859,0.0
135,1838,0.0
136,1911,0.0
137,1402,0.0
138,1378,0.0
139,1726,0.0
140,6575,0.267262183978
141,9247,1.42245659774
142,8875,0.200070103479
143,5587,0.23307296904
144,2022,1.55981096651
145,1323,0.0
146,1812,0.0
147,1683,0.0
148,2252,0.0
149,2163,0.0
150,2530,0.0
151,7284,0.213829706035
152,7818,0.208658681386
153,2046,0.625970042134
154,3393,0.0
155,3193,0.0
156,2950,0.0
157,2842,0.0
158,2510,0.0
159,2219,0.0
160,1775,0.0
161,1369,0.0
162,1639,0.0
163,5970,0.294487323675
164,12027,0.271395278425
165,6925,0.232168165281
166,6975,0.21678519547
167,3514,0.29678869298
168,1309,0.0
169,1584,0.0
170,2089,0.0
171,2103,0.0
172,11075,1.46735736348
173,6227,0.280668331584
174,2168,0.0
175,2255,0.0
176,2202,0.0
177,2142,0.0
178,2374,0.0
179,2376,0.0
180,2344,0.0
181,2604,0.0
182,2963,0.0
183,2510,0.0
184,2014,0.0
185,1365,0.0
186,1169,0.0
187,943,0.0
188,805,0.0
189,990,0.0
190,1627,0.0
191,8185,1.39323084554
192,7920,0.29120134521
193,7188,0.21457202122
194,5459,0.0594631862709
195,3593,0.0
196,19066,1.68511298642
197,14800,1.40289543612
198,8443,0.296576944172
199,2830,0.645540699921
200,2209,0.0
201,2249,0.0
202,2320,0.0
203,2072,0.0
204,2208,0.0
205,3349,0.0
206,2909,0.0
207,2123,0.0
208,2006,0.0
209,1129,0.0
210,6628,1.4323347738
211,6448,0.252899478287
212,755,0.604308746138
213,918,0.0
214,835,0.0
215,7694,0.452079735178
216,11004,0.289408817057
217,2257,0.629542455671
218,2524,0.0
219,2165,0.0
220,2044,0.0
221,2041,0.0
222,2055,0.0
223,2043,0.0
224,2231,0.0
225,2240,0.0
226,2294,0.0
227,2040,0.0
228,2081,0.0
229,1898,0.0
230,2170,0.0
231,2097,0.0
232,1690,0.0
233,1310,0.0
234,3862,0.0
235,9477,1.48557058305
236,12576,1.45749619751
237,1131,0.662369664041
238,1000,0.0
239,1301,0.0
240,1583,0.0
241,1718,0.0
242,1838,0.0
243,2076,0.0
244,11738,1.61149089243
245,11877,0.278974624251
246,4084,0.677429150422
247,3137,0.0
248,2286,0.0
249,2168,0.0
250,2125,0.0
251,2021,0.0
252,1578,0.0
253,2846,0.0
254,3498,0.0
255,3943,0.0
256,4250,0.0
257,3815,0.0
258,4382,0.0
259,2419,0.0
260,952,0.0
261,734,0.0
262,724,0.0
263,874,0.0
264,1086,0.0
265,1361,0.0
266,1722,0.0
267,1731,0.0
268,1435,0.0
269,3251,0.0
270,6626,1.35956734791
271,2293,0.0
272,2166,0.0
273,1910,0.0
274,1693,0.0
275,2188,0.0
276,1520,0.0
277,1592,0.0
278,1666,0.0
279,1380,0.0
280,1365,0.0
281,1589,0.0
282,7176,0.499180366065
283,1875,0.694073092288
284,675,0.0
285,621,0.0
286,641,0.0
287,706,0.0
288,648,0.0
289,1023,0.0
290,2159,0.0
291,2709,0.0
292,1530,0.0
293,1551,0.0
294,1476,0.0
295,1526,0.0
296,1652,0.0
297,1452,0.0
298,3245,0.0
299,5385,1.27035913198
300,5739,0.284900611052
301,5090,0.253697090715
302,1680,0.641898506781
303,1625,0.0
304,1495,0.0
305,1586,0.0
306,4582,0.0
307,2449,0.0
308,4715,0.0
309,666,1.72225222984
310,566,0.0
311,652,0.0
312,804,0.0
313,1311,0.0
314,1324,0.0
315,1640,0.0
316,1876,0.0
317,1783,0.0
318,1677,0.0
319,1589,0.0
320,1375,0.0
321,1489,0.0
322,1645,0.0
323,1740,0.0
324,1586,0.0
325,1816,0.0
326,1823,0.0
327,1787,0.0
328,3700,0.0
329,4890,1.16502607214
330,4072,0.0
331,2957,0.0
332,1620,0.0
333,713,0.0
334,796,0.0
335,4865,0.676915612383
336,8153,0.627336221399
337,2955,0.682407506438
338,3872,0.0
339,3218,0.0
340,2218,0.0
341,1592,0.0
342,1917,0.0
343,1895,0.0
344,1972,0.0
345,1838,0.0
346,2052,0.0
347,2135,0.0
348,1749,0.0
349,2200,0.0
350,2112,0.0
351,2192,0.0
352,2375,0.0
353,1145,0.0
354,953,0.0
355,829,0.0
356,754,0.0
357,800,0.0
358,839,0.0
359,955,0.0
360,1029,0.0
361,1346,0.0
362,1648,0.0
363,2254,0.0
364,2055,0.0
365,2235,0.0
366,2746,0.0
367,1692,0.0
368,1967,0.0
369,1883,0.0
370,1825,0.0
371,1769,0.0
372,1859,0.0
373,1927,0.0
374,2263,0.0
375,2027,0.0
376,1547,0.0
377,1040,0.0
378,829,0.0
379,559,0.0
380,586,0.0
381,1120,0.0
382,1657,0.0
383,921,0.0
384,1224,0.0
385,1471,0.0
386,1672,0.0
387,1835,0.0
388,2601,0.0
389,1744,0.0
390,1743,0.0
391,1658,0.0
392,1539,0.0
393,1933,0.0
394,2980,0.0
395,1951,0.0
396,1545,0.0
397,1709,0.0
398,1889,0.0
399,1781,0.0
400,1541,0.0
401,1284,0.0
402,913,0.0
403,701,0.0
404,662,0.0
405,690,0.0
406,917,0.0
407,2125,0.0
408,2041,0.0
409,1179,0.0
410,1628,0.0
411,1603,0.0
412,1547,0.0
413,1567,0.0
414,2825,0.0
415,3073,0.0
416,1366,0.0
417,1758,0.0
418,1602,0.0
419,1701,0.0
420,1602,0.0
421,1601,0.0
422,1556,0.0
423,1909,0.0
424,1598,0.0
425,1099,0.0
426,915,0.0
427,1233,0.0
428,2995,0.0
429,2169,0.0
430,1101,0.0
431,1194,0.0
432,1556,0.0
433,2744,0.0
434,1556,0.0
435,1760,0.0
436,1594,0.0
437,1622,0.0
438,3641,0.0
439,3935,0.0
440,1677,0.0
441,1438,0.0
442,1483,0.0
443,1372,0.0
444,1454,0.0
445,1560,0.0
446,1353,0.0
447,1537,0.0
448,1386,0.0
449,1069,0.0
450,845,0.0
451,650,0.0
452,1985,0.0
453,4507,0.0
454,5596,0.461439865931
455,5202,0.234987001111
456,2668,0.0
457,1176,0.0
458,1366,0.0
459,1478,0.0
460,1345,0.0
461,4111,0.0
462,7062,0.689928774256
463,1688,0.677679269738
464,1678,0.0
465,1444,0.0
466,1467,0.0
467,1474,0.0
468,1389,0.0
469,1547,0.0
470,1668,0.0
471,1474,0.0
472,1240,0.0
473,1026,0.0
474,887,0.0
475,1096,0.0
476,3498,0.0
477,1388,0.0
478,607,0.0
479,594,0.0
480,688,0.0
481,925,0.0
482,1268,0.0
483,1541,0.0
484,2471,0.0
485,2435,0.0
486,1725,0.0
487,1882,0.0
488,1944,0.0
489,1777,0.0
490,1789,0.0
491,1906,0.0
492,2600,0.0
493,5328,0.642882080772
494,3118,0.0
495,1838,0.0
496,1516,0.0
497,1190,0.0
498,814,0.0
499,812,0.0
500,5465,0.697775373108
501,6234,0.415410748303
502,4721,0.416533705639
503,1666,1.74343437952
504,1262,0.0
505,1229,0.0
506,1715,0.0
507,1828,0.0
508,1877,0.0
509,1748,0.0
510,1576,0.0
511,1619,0.0
512,4518,0.0
513,1895,0.0
514,1828,0.0
515,1706,0.0
516,1649,0.0
517,1629,0.0
518,3884,0.0
519,4060,0.0
520,2207,0.0
521,2572,0.0
522,965,0.0
523,766,0.0
524,697,0.0
525,559,0.0
526,637,0.0
527,751,0.0
528,892,0.0
529,1284,0.0
530,1414,0.0
531,1770,0.0
532,1790,0.0
533,1415,0.0
534,1612,0.0
535,1600,0.0
536,1598,0.0
537,1657,0.0
538,1620,0.0
539,1344,0.0
540,1650,0.0
541,2396,0.0
542,1765,0.0
543,1946,0.0
544,1457,0.0
545,955,0.0
546,791,0.0
547,656,0.0
548,532,0.0
549,561,0.0
550,699,0.0
551,753,0.0
552,952,0.0
553,1310,0.0
554,1587,0.0
555,1771,0.0
556,1825,0.0
557,1788,0.0
558,1840,0.0
559,1831,0.0
560,1650,0.0
561,2014,0.0
562,2048,0.0
563,2087,0.0
564,772,0.0
565,1974,0.0
566,2404,0.0
567,1188,0.0
568,1412,0.0
569,1137,0.0
570,850,0.0
571,683,0.0
572,732,0.0
573,700,0.0
574,776,0.0
575,873,0.0
576,1187,0.0
577,1454,0.0
578,1777,0.0
579,2097,0.0
580,1938,0.0
581,1983,0.0
582,1574,0.0
583,1583,0.0
584,1591,0.0
585,1710,0.0
586,1573,0.0
587,1631,0.0
588,1623,0.0
589,1754,0.0
590,1765,0.0
591,1799,0.0
592,1666,0.0
593,1293,0.0
594,1059,0.0
595,975,0.0
596,772,0.0
597,826,0.0
598,853,0.0
599,1022,0.0
600,1060,0.0
601,1496,0.0
602,1797,0.0
603,1859,0.0
604,2111,0.0
605,1716,0.0
606,1649,0.0
607,1752,0.0
608,1809,0.0
609,1777,0.0
610,1508,0.0
611,1486,0.0
612,1280,0.0
613,1541,0.0
614,1660,0.0
615,1524,0.0
616,1407,0.0
617,1200,0.0
618,882,0.0
619,809,0.0
620,755,0.0
621,678,0.0
622,715,0.0
623,828,0.0
624,968,0.0
625,1013,0.0
626,1419,0.0
627,1480,0.0
628,1652,0.0
629,1519,0.0
630,1612,0.0
631,1535,0.0
632,1460,0.0
633,1400,0.0
634,1346,0.0
635,1352,0.0
636,1540,0.0
637,1551,0.0
638,1624,0.0
639,1492,0.0
640,1130,0.0
641,1095,0.0
642,924,0.0
643,753,0.0
644,673,0.0
645,704,0.0
646,708,0.0
647,862,0.0
648,1209,0.0
649,1226,0.0
650,1190,0.0
651,1467,0.0
652,1429,0.0
653,1504,0.0
654,1594,0.0
655,1283,0.0
656,1311,0.0
657,1457,0.0
658,1366,0.0
659,1484,0.0
660,1323,0.0
661,1459,0.0
662,1530,0.0
663,1933,0.0
664,1271,0.0
665,964,0.0
666,786,0.0
667,548,0.0
668,554,0.0
669,569,0.0
670,534,0.0
671,636,0.0
672,997,0.0
673,1139,0.0
674,1475,0.0
675,1582,0.0
676,1528,0.0
677,1633,0.0
678,1616,0.0
679,2011,0.0
680,1625,0.0
681,1358,0.0
682,1634,0.0
683,1253,0.0
684,1231,0.0
685,1503,0.0
686,1709,0.0
687,1728,0.0
688,1491,0.0
689,1033,0.0
690,765,0.0
691,635,0.0
692,637,0.0
693,618,0.0
694,605,0.0
695,760,0.0
696,979,0.0
697,1267,0.0
698,1605,0.0
699,1698,0.0
700,2036,0.0
701,1471,0.0
702,1588,0.0
703,1486,0.0
704,1988,0.0
705,1427,0.0
706,1413,0.0
707,2121,0.0
708,1532,0.0
709,1514,0.0
710,1643,0.0
711,1517,0.0
712,1744,0.0
713,881,0.0
714,665,0.0
715,512,0.0
716,496,0.0
717,510,0.0
718,555,0.0
719,1217,0.0
720,896,0.0
721,1116,0.0
722,1397,0.0
723,1466,0.0
724,1489,0.0
725,1474,0.0
726,1608,0.0
727,2022,0.0
728,1334,0.0
729,1474,0.0
730,1822,0.0
731,1663,0.0
732,1476,0.0
733,1638,0.0
734,1545,0.0
735,1600,0.0
736,1383,0.0
737,1854,0.0
738,874,0.0
739,772,0.0
740,542,0.0
741,517,0.0
742,495,0.0
743,597,0.0
744,786,0.0
745,958,0.0
746,1297,0.0
747,1646,0.0
748,1828,0.0
749,1791,0.0
750,2262,0.0
751,1675,0.0
752,1343,0.0
753,1442,0.0
754,1470,0.0
755,1451,0.0
756,1267,0.0
757,1433,0.0
758,1455,0.0
759,1519,0.0
760,1263,0.0
761,1046,0.0
762,717,0.0
763,603,0.0
764,491,0.0
765,466,0.0
766,524,0.0
767,579,0.0
768,1080,0.0
769,1229,0.0
770,1404,0.0
771,1169,0.0
772,1467,0.0
773,1417,0.0
774,1382,0.0
775,1946,0.0
776,1337,0.0
777,1377,0.0
778,1385,0.0
779,1568,0.0
780,1674,0.0
781,1273,0.0
782,1269,0.0
783,1317,0.0
784,1214,0.0
785,954,0.0
786,771,0.0
787,685,0.0
788,629,0.0
789,1096,0.0
790,730,0.0
791,652,0.0
792,777,0.0
793,1158,0.0
794,1165,0.0
795,1268,0.0
796,1184,0.0
797,1203,0.0
798,1273,0.0
799,1805,0.0
800,1213,0.0
801,1241,0.0
802,1270,0.0
803,1782,0.0
804,1255,0.0
805,1629,0.0
806,1801,0.0
807,1185,0.0
808,1209,0.0
809,1258,0.0
810,1011,0.0
811,888,0.0
812,704,0.0
813,1282,0.0
814,444,0.0
815,575,0.0
816,965,0.0
817,713,0.0
818,1113,0.0
819,1676,0.0
820,1624,0.0
821,1545,0.0
822,1336,0.0
823,1454,0.0
824,1920,0.0
825,1638,0.0
826,1561,0.0
827,1350,0.0
828,1559,0.0
829,1533,0.0
830,1630,0.0
831,1852,0.0
832,1715,0.0
833,1224,0.0
834,1006,0.0
835,930,0.0
836,864,0.0
837,730,0.0
838,785,0.0
839,876,0.0
840,1109,0.0
841,1328,0.0
842,1675,0.0
843,1872,0.0
844,1786,0.0
845,1849,0.0
846,1596,0.0
847,1529,0.0
848,1606,0.0
849,1733,0.0
850,1437,0.0
851,1602,0.0
852,1633,0.0
853,1571,0.0
854,1924,0.0
855,1937,0.0
856,1313,0.0
857,1236,0.0
858,668,0.0
859,601,0.0
860,657,0.0
861,564,0.0
862,660,0.0
863,683,0.0
864,881,0.0
865,1411,0.0
866,1855,0.0
867,1727,0.0
868,1789,0.0
869,2026,0.0
870,1727,0.0
871,1590,0.0
872,1452,0.0
873,1806,0.0
874,1674,0.0
875,2004,0.0
876,1783,0.0
877,2011,0.0
878,1719,0.0
879,1977,0.0
880,1452,0.0
881,1442,0.0
882,880,0.0
883,722,0.0
884,675,0.0
885,654,0.0
886,682,0.0
887,783,0.0
888,992,0.0
889,1235,0.0
890,1711,0.0
891,1670,0.0
892,1822,0.0
893,1675,0.0
894,1573,0.0
895,1850,0.0
896,1834,0.0
897,1832,0.0
898,1942,0.0
899,1724,0.0
900,1667,0.0
901,2329,0.0
902,1847,0.0
903,1765,0.0
904,2290,0.0
905,1205,0.0
906,867,0.0
907,742,0.0
908,574,0.0
909,513,0.0
910,645,0.0
911,988,0.0
912,1072,0.0
913,1344,0.0
914,1720,0.0
915,2003,0.0
916,1835,0.0
917,1804,0.0
918,1973,0.0
919,1678,0.0
920,1630,0.0
921,1641,0.0
922,1881,0.0
923,1682,0.0
924,1603,0.0
925,2932,0.0
926,2622,0.0
927,1664,0.0
928,1411,0.0
929,1084,0.0
930,996,0.0
931,756,0.0
932,611,0.0
933,535,0.0
934,579,0.0
935,671,0.0
936,823,0.0
937,1214,0.0
938,1537,0.0
939,1798,0.0
940,1879,0.0
941,1723,0.0
942,1742,0.0
943,1685,0.0
944,1633,0.0
945,1683,0.0
946,1618,0.0
947,2119,0.0
948,1503,0.0
949,1503,0.0
950,2130,0.0
951,1581,0.0
952,1268,0.0
953,1079,0.0
954,872,0.0
955,657,0.0
956,639,0.0
957,574,0.0
958,674,0.0
959,719,0.0
960,957,0.0
961,1211,0.0
962,1139,0.0
963,1258,0.0
964,1259,0.0
965,1438,0.0
966,1321,0.0
967,1091,0.0
968,1102,0.0
969,1223,0.0
970,1262,0.0
971,1331,0.0
972,1162,0.0
973,1301,0.0
974,1340,0.0
975,1362,0.0
976,1115,0.0
977,927,0.0
978,681,0.0
979,569,0.0
980,482,0.0
981,513,0.0
982,480,0.0
983,584,0.0
984,631,0.0
985,786,0.0
986,1021,0.0
987,1313,0.0
988,1471,0.0
989,1565,0.0
990,1481,0.0
991,1369,0.0
992,1346,0.0
993,1266,0.0
994,1403,0.0
995,1356,0.0
996,1608,0.0
997,1720,0.0
998,1834,0.0
999,1752,0.0
1000,1343,0.0
1001,1083,0.0
1002,868,0.0
1003,796,0.0
1004,645,0.0
1005,652,0.0
1006,982,0.0
1007,752,0.0
1008,1015,0.0
1009,1392,0.0
1010,1686,0.0
1011,1898,0.0
1012,1909,0.0
1013,1923,0.0
1014,1761,0.0
1015,1850,0.0
1016,1833,0.0
1017,1829,0.0
1018,1928,0.0
1019,1614,0.0
1020,1725,0.0
1021,1892,0.0
1022,2035,0.0
1023,2173,0.0
1024,1470,0.0
1025,1161,0.0
1026,842,0.0
1027,749,0.0
1028,695,0.0
1029,657,0.0
1030,699,0.0
1031,679,0.0
1032,942,0.0
1033,1285,0.0
1034,1677,0.0
1035,1993,0.0
1036,1932,0.0
1037,1900,0.0
1038,1939,0.0
1039,1968,0.0
1040,1778,0.0
1041,1840,0.0
1042,1738,0.0
1043,1683,0.0
1044,1774,0.0
1045,1823,0.0
1046,1955,0.0
1047,1915,0.0
1048,1565,0.0
1049,1028,0.0
1050,775,0.0
1051,622,0.0
1052,639,0.0
1053,561,0.0
1054,596,0.0
1055,751,0.0
1056,911,0.0
1057,1178,0.0
1058,1756,0.0
1059,2096,0.0
1060,1877,0.0
1061,1944,0.0
1062,2018,0.0
1063,1938,0.0
1064,2001,0.0
1065,1962,0.0
1066,2018,0.0
1067,1966,0.0
1068,1874,0.0
1069,2153,0.0
1070,2173,0.0
1071,2030,0.0
1072,1664,0.0
1073,1249,0.0
1074,1003,0.0
1075,800,0.0
1076,693,0.0
1077,749,0.0
1078,788,0.0
1079,868,0.0
1080,978,0.0
1081,1294,0.0
1082,1814,0.0
1083,1913,0.0
1084,2055,0.0
1085,2027,0.0
1086,2023,0.0
1087,1938,0.0
1088,2020,0.0
1089,2087,0.0
1090,2192,0.0
1091,2248,0.0
1092,2192,0.0
1093,2145,0.0
1094,2180,0.0
1095,1955,0.0
1096,1785,0.0
1097,1389,0.0
1098,1009,0.0
1099,763,0.0
1100,702,0.0
1101,634,0.0
1102,696,0.0
1103,929,0.0
1104,1165,0.0
1105,1596,0.0
1106,1847,0.0
1107,2174,0.0
1108,2173,0.0
1109,1855,0.0
1110,1696,0.0
1111,1903,0.0
1112,2094,0.0
1113,1875,0.0
1114,1608,0.0
1115,1496,0.0
1116,1586,0.0
1117,1773,0.0
1118,1883,0.0
1119,1847,0.0
1120,1469,0.0
1121,1013,0.0
1122,847,0.0
1123,775,0.0
1124,687,0.0
1125,673,0.0
1126,650,0.0
1127,764,0.0
1128,899,0.0
1129,1176,0.0
1130,1377,0.0
1131,1617,0.0
1132,1633,0.0
1133,1883,0.0
1134,1562,0.0
1135,1485,0.0
1136,1471,0.0
1137,1523,0.0
1138,1634,0.0
1139,1635,0.0
1140,1555,0.0
1141,1573,0.0
1142,1732,0.0
1143,1588,0.0
1144,1385,0.0
1145,1020,0.0
1146,833,0.0
1147,701,0.0
1148,641,0.0
1149,559,0.0
1150,547,0.0
1151,583,0.0
1152,717,0.0
1153,1096,0.0
1154,1356,0.0
1155,1640,0.0
1156,1828,0.0
1157,1851,0.0
1158,1581,0.0
1159,1449,0.0
1160,1574,0.0
1161,1775,0.0
1162,1674,0.0
1163,1843,0.0
1164,1694,0.0
1165,1896,0.0
1166,2059,0.0
1167,1895,0.0
1168,1472,0.0
1169,991,0.0
1170,854,0.0
1171,730,0.0
1172,669,0.0
1173,691,0.0
1174,701,0.0
1175,870,0.0
1176,1147,0.0
1177,1302,0.0
1178,1707,0.0
1179,1887,0.0
1180,2023,0.0
1181,1843,0.0
1182,2116,0.0
1183,1999,0.0
1184,2076,0.0
1185,2027,0.0
1186,1961,0.0
1187,1997,0.0
1188,2026,0.0
1189,2099,0.0
1190,1858,0.0
1191,1994,0.0
1192,1478,0.0
1193,1046,0.0
1194,782,0.0
1195,703,0.0
1196,708,0.0
1197,548,0.0
1198,25,0.079995743232
1199,906,0.0
1200,1001,0.0
1201,1331,0.0
1202,1740,0.0
1203,1947,0.0
1204,2163,0.0
1205,2329,0.0
1206,1962,0.0
1207,1949,0.0
1208,1935,0.0
1209,1932,0.0
1210,1942,0.0
1211,1827,0.0
1212,1946,0.0
1213,2200,0.0
1214,2166,0.0
1215,2154,0.0
1216,1568,0.0
1217,1166,0.0
1218,797,0.0
1219,693,0.0
1220,706,0.0
1221,636,0.0
1222,693,0.0
1223,839,0.0
1224,1139,0.0
1225,1414,0.0
1226,1752,0.0
1227,1989,0.0
1228,2165,0.0
1229,2145,0.0
1230,2176,0.0
1231,2107,0.0
1232,1934,0.0
1233,2071,0.0
1234,2027,0.0
1235,1857,0.0
1236,1923,0.0
1237,2261,0.0
1238,2170,0.0
1239,1744,0.0
1240,1411,0.0
1241,966,0.0
1242,738,0.0
1243,635,0.0
1244,656,0.0
1245,552,0.0
1246,638,0.0
1247,825,0.0
1248,965,0.0
1249,1396,0.0
1250,1752,0.0
1251,1836,0.0
1252,1889,0.0
1253,1912,0.0
1254,2080,0.0
1255,1924,0.0
1256,1908,0.0
1257,1942,0.0
1258,1911,0.0
1259,1908,0.0
1260,1735,0.0
1261,2285,0.0
1262,2178,0.0
1263,1939,0.0
1264,1469,0.0
1265,1138,0.0
1266,879,0.0
1267,771,0.0
1268,708,0.0
1269,653,0.0
1270,738,0.0
1271,873,0.0
1272,1010,0.0
1273,1346,0.0
1274,1800,0.0
1275,1941,0.0
1276,2041,0.0
1277,1958,0.0
1278,1806,0.0
1279,1835,0.0
1280,1790,0.0
1281,1778,0.0
1282,2034,0.0
1283,1804,0.0
1284,1801,0.0
1285,1797,0.0
1286,1916,0.0
1287,1593,0.0
1288,1396,0.0
1289,1104,0.0
1290,925,0.0
1291,758,0.0
1292,683,0.0
1293,590,0.0
1294,714,0.0
1295,742,0.0
1296,895,0.0
1297,1138,0.0
1298,1535,0.0
1299,1782,0.0
1300,1780,0.0
1301,2060,0.0
1302,1649,0.0
1303,1563,0.0
1304,1515,0.0
1305,1765,0.0
1306,1665,0.0
1307,1544,0.0
1308,1841,0.0
1309,1975,0.0
1310,1794,0.0
1311,1655,0.0
1312,1367,0.0
1313,1022,0.0
1314,936,0.0
1315,785,0.0
1316,698,0.0
1317,667,0.0
1318,665,0.0
1319,719,0.0
1320,1186,0.0
1321,1085,0.0
1322,1962,0.0
1323,1894,0.0
1324,2034,0.0
1325,1889,0.0
1326,1930,0.0
1327,1824,0.0
1328,1981,0.0
1329,1842,0.0
1330,1957,0.0
1331,2098,0.0
1332,1982,0.0
1333,2184,0.0
1334,2274,0.0
1335,2061,0.0
1336,1601,0.0
1337,1069,0.0
1338,756,0.0
1339,732,0.0
1340,676,0.0
1341,620,0.0
1342,681,0.0
1343,859,0.0
1344,1100,0.0
1345,1782,0.0
1346,1952,0.0
1347,2044,0.0
1348,2179,0.0
1349,2183,0.0
1350,2065,0.0
1351,2280,0.0
1352,2407,0.0
1353,2393,0.0
1354,2156,0.0
1355,2151,0.0
1356,2461,0.0
1357,38406,0.888808275886
1358,58122,0.898257997058
1359,79159,0.823031517961
1360,64605,0.879678213217
1361,15424,0.670366689587
1362,31238,0.805570281874
1363,34932,0.864161429618
1364,35417,0.895190561028
1365,40137,0.807775410839
1366,47605,0.851348047018
1367,38848,0.859085157849
1368,19990,0.83556215162
1369,6785,0.686704095702
1370,5917,0.467130521409
1371,8643,0.821800423
1372,8635,0.492719116275
1373,12755,0.8338697768
1374,14807,0.823881471736
1375,13332,0.824374145127
1376,58828,1.0906095654
1377,85613,0.825878911953
1378,96508,0.883421947572
1379,82095,0.836930677877
1380,88412,0.819764350875
1381,90565,1.07251604783
1382,112727,0.859128835273
1383,92485,0.800435341574
1384,107888,0.870035221058
1385,106526,1.06591105163
1386,91264,0.853002614555
1387,52696,0.801236651296
1388,44502,0.870485633789
1389,41921,0.872016147453
1390,42576,0.885803219481
1391,40350,1.0403419807
1392,30569,0.838966908878
1393,8819,0.637722242634
1394,11759,0.893895359391
1395,12846,0.624828125677
1396,13050,0.687473085648
1397,13027,0.604530388256
1398,16633,0.842357862627
1399,16705,0.656561769533
1400,42603,0.894081790707
1401,62212,0.852167716779
1402,96435,0.866299172541
1403,92369,0.861030752146
1404,49828,0.830812018438
1405,39703,0.805372796923
1406,66057,0.840899299745
1407,83461,0.812594358928
1408,82963,1.03969513344
1409,79431,0.800332304845
1410,68445,0.824402393702
1411,69670,1.01385881224
1412,67410,1.0098130785
1413,41867,0.826626346492
1414,35862,0.827678834908
1415,52457,0.86110088671
1416,60905,0.846499992802
1417,56616,0.87955143519
1418,43893,0.813930048972
1419,37964,0.891801178545
